[2025-09-21T16:26:28.853+0330] {manager.py:483} INFO - Processing files using up to 1 processes at a time 
[2025-09-21T16:26:28.854+0330] {manager.py:484} INFO - Process each file at most once every 30 seconds
[2025-09-21T16:26:28.854+0330] {manager.py:485} INFO - Checking for new files in /home/ak/projects/nyc-taxi-etl/airflow/dags every 300 seconds
[2025-09-21T16:26:28.855+0330] {manager.py:821} INFO - Searching for files in /home/ak/projects/nyc-taxi-etl/airflow/dags
[2025-09-21T16:26:28.959+0330] {manager.py:824} INFO - There are 57 files in /home/ak/projects/nyc-taxi-etl/airflow/dags
[2025-09-21T16:26:29.144+0330] {manager.py:997} INFO - 
================================================================================
DAG File Processing Stats

File Path                                                                                                                                         PID    Runtime      # DAGs    # Errors  Last Runtime    Last Run               Last # of DB Queries
------------------------------------------------------------------------------------------------------------------------------------------------  -----  ---------  --------  ----------  --------------  -------------------  ----------------------
/home/ak/projects/nyc-taxi-etl/venv/lib/python3.11/site-packages/airflow/example_dags/plugins/event_listener.py                                                            0           0  0.11s           2025-09-21T12:56:29                       3
/home/ak/projects/nyc-taxi-etl/venv/lib/python3.11/site-packages/airflow/example_dags/example_sensor_decorator.py                                                          0           0                                                            0
/home/ak/projects/nyc-taxi-etl/venv/lib/python3.11/site-packages/airflow/example_dags/example_short_circuit_operator.py                                                    0           0                                                            0
/home/ak/projects/nyc-taxi-etl/venv/lib/python3.11/site-packages/airflow/example_dags/example_dynamic_task_mapping.py                                                      0           0                                                            0
/home/ak/projects/nyc-taxi-etl/venv/lib/python3.11/site-packages/airflow/example_dags/example_params_trigger_ui.py                                                         0           0                                                            0
/home/ak/projects/nyc-taxi-etl/venv/lib/python3.11/site-packages/airflow/example_dags/tutorial_taskflow_templates.py                                                       0           0                                                            0
/home/ak/projects/nyc-taxi-etl/venv/lib/python3.11/site-packages/airflow/example_dags/example_params_ui_tutorial.py                                                        0           0                                                            0
/home/ak/projects/nyc-taxi-etl/venv/lib/python3.11/site-packages/airflow/example_dags/example_complex.py                                                                   0           0                                                            0
/home/ak/projects/nyc-taxi-etl/venv/lib/python3.11/site-packages/airflow/example_dags/example_local_kubernetes_executor.py                                                 0           0                                                            0
/home/ak/projects/nyc-taxi-etl/venv/lib/python3.11/site-packages/airflow/example_dags/example_latest_only.py                                                               0           0                                                            0
/home/ak/projects/nyc-taxi-etl/venv/lib/python3.11/site-packages/airflow/example_dags/example_bash_operator.py                                                             0           0                                                            0
/home/ak/projects/nyc-taxi-etl/venv/lib/python3.11/site-packages/airflow/example_dags/example_branch_datetime_operator.py                                                  0           0                                                            0
/home/ak/projects/nyc-taxi-etl/venv/lib/python3.11/site-packages/airflow/example_dags/example_kubernetes_executor.py                                                       0           0                                                            0
/home/ak/projects/nyc-taxi-etl/venv/lib/python3.11/site-packages/airflow/example_dags/tutorial.py                                                                          0           0                                                            0
/home/ak/projects/nyc-taxi-etl/venv/lib/python3.11/site-packages/airflow/example_dags/example_branch_operator.py                                                           0           0                                                            0
/home/ak/projects/nyc-taxi-etl/venv/lib/python3.11/site-packages/airflow/example_dags/example_display_name.py                                                              0           0                                                            0
/home/ak/projects/nyc-taxi-etl/venv/lib/python3.11/site-packages/airflow/example_dags/example_branch_labels.py                                                             0           0                                                            0
/home/ak/projects/nyc-taxi-etl/venv/lib/python3.11/site-packages/airflow/example_dags/example_task_group_decorator.py                                                      0           0                                                            0
/home/ak/projects/nyc-taxi-etl/venv/lib/python3.11/site-packages/airflow/example_dags/example_branch_day_of_week_operator.py                                               0           0                                                            0
/home/ak/projects/nyc-taxi-etl/venv/lib/python3.11/site-packages/airflow/example_dags/example_external_task_marker_dag.py                                                  0           0                                                            0
/home/ak/projects/nyc-taxi-etl/venv/lib/python3.11/site-packages/airflow/example_dags/example_latest_only_with_trigger.py                                                  0           0                                                            0
/home/ak/projects/nyc-taxi-etl/venv/lib/python3.11/site-packages/airflow/example_dags/example_skip_dag.py                                                                  0           0                                                            0
/home/ak/projects/nyc-taxi-etl/venv/lib/python3.11/site-packages/airflow/example_dags/example_nested_branch_dag.py                                                         0           0                                                            0
/home/ak/projects/nyc-taxi-etl/venv/lib/python3.11/site-packages/airflow/example_dags/example_xcom.py                                                                      0           0                                                            0
/home/ak/projects/nyc-taxi-etl/venv/lib/python3.11/site-packages/airflow/example_dags/example_dataset_alias_with_no_taskflow.py                                            0           0                                                            0
/home/ak/projects/nyc-taxi-etl/venv/lib/python3.11/site-packages/airflow/example_dags/tutorial_taskflow_api_virtualenv.py                                                  0           0                                                            0
/home/ak/projects/nyc-taxi-etl/venv/lib/python3.11/site-packages/airflow/example_dags/tutorial_objectstorage.py                                                            0           0                                                            0
/home/ak/projects/nyc-taxi-etl/venv/lib/python3.11/site-packages/airflow/example_dags/example_python_decorator.py                                                          0           0                                                            0
/home/ak/projects/nyc-taxi-etl/venv/lib/python3.11/site-packages/airflow/example_dags/example_sla_dag.py                                                                   0           0                                                            0
/home/ak/projects/nyc-taxi-etl/venv/lib/python3.11/site-packages/airflow/example_dags/example_datasets.py                                                                  0           0                                                            0
/home/ak/projects/nyc-taxi-etl/venv/lib/python3.11/site-packages/airflow/example_dags/example_task_group.py                                                                0           0                                                            0
/home/ak/projects/nyc-taxi-etl/venv/lib/python3.11/site-packages/airflow/example_dags/example_bash_decorator.py                                                            0           0                                                            0
/home/ak/projects/nyc-taxi-etl/venv/lib/python3.11/site-packages/airflow/example_dags/example_workday_timetable.py                                                         0           0                                                            0
/home/ak/projects/nyc-taxi-etl/venv/lib/python3.11/site-packages/airflow/example_dags/example_passing_params_via_test_command.py                                           0           0                                                            0
/home/ak/projects/nyc-taxi-etl/venv/lib/python3.11/site-packages/airflow/example_dags/example_dynamic_task_mapping_with_no_taskflow_operators.py                           0           0                                                            0
/home/ak/projects/nyc-taxi-etl/venv/lib/python3.11/site-packages/airflow/example_dags/example_sensors.py                                                                   0           0                                                            0
/home/ak/projects/nyc-taxi-etl/venv/lib/python3.11/site-packages/airflow/example_dags/example_setup_teardown.py                                                            0           0                                                            0
/home/ak/projects/nyc-taxi-etl/venv/lib/python3.11/site-packages/airflow/example_dags/example_xcomargs.py                                                                  0           0                                                            0
/home/ak/projects/nyc-taxi-etl/venv/lib/python3.11/site-packages/airflow/example_dags/example_trigger_controller_dag.py                                                    0           0                                                            0
/home/ak/projects/nyc-taxi-etl/venv/lib/python3.11/site-packages/airflow/example_dags/example_time_delta_sensor_async.py                                                   0           0                                                            0
/home/ak/projects/nyc-taxi-etl/venv/lib/python3.11/site-packages/airflow/example_dags/example_subdag_operator.py                                                           0           0                                                            0
/home/ak/projects/nyc-taxi-etl/venv/lib/python3.11/site-packages/airflow/example_dags/example_inlet_event_extra.py                                                         0           0                                                            0
/home/ak/projects/nyc-taxi-etl/venv/lib/python3.11/site-packages/airflow/example_dags/example_dataset_alias.py                                                             0           0                                                            0
/home/ak/projects/nyc-taxi-etl/venv/lib/python3.11/site-packages/airflow/example_dags/example_branch_python_dop_operator_3.py                                              0           0                                                            0
/home/ak/projects/nyc-taxi-etl/venv/lib/python3.11/site-packages/airflow/example_dags/example_dag_decorator.py                                                             0           0                                                            0
/home/ak/projects/nyc-taxi-etl/venv/lib/python3.11/site-packages/airflow/example_dags/example_trigger_target_dag.py                                                        0           0                                                            0
/home/ak/projects/nyc-taxi-etl/venv/lib/python3.11/site-packages/airflow/example_dags/example_outlet_event_extra.py                                                        0           0                                                            0
/home/ak/projects/nyc-taxi-etl/venv/lib/python3.11/site-packages/airflow/example_dags/example_setup_teardown_taskflow.py                                                   0           0                                                            0
/home/ak/projects/nyc-taxi-etl/venv/lib/python3.11/site-packages/airflow/example_dags/example_branch_operator_decorator.py                                                 0           0                                                            0
/home/ak/projects/nyc-taxi-etl/venv/lib/python3.11/site-packages/airflow/example_dags/example_python_operator.py                                                           0           0                                                            0
/home/ak/projects/nyc-taxi-etl/venv/lib/python3.11/site-packages/airflow/example_dags/example_short_circuit_decorator.py                                                   0           0                                                            0
/home/ak/projects/nyc-taxi-etl/venv/lib/python3.11/site-packages/airflow/example_dags/tutorial_dag.py                                                                      0           0                                                            0
/home/ak/projects/nyc-taxi-etl/venv/lib/python3.11/site-packages/airflow/example_dags/tutorial_taskflow_api.py                                                             0           0                                                            0
/home/ak/projects/nyc-taxi-etl/venv/lib/python3.11/site-packages/airflow/example_dags/plugins/decreasing_priority_weight_strategy.py                                       0           0                                                            0
/home/ak/projects/nyc-taxi-etl/venv/lib/python3.11/site-packages/airflow/example_dags/plugins/workday.py                                                                   0           0                                                            0
/home/ak/projects/nyc-taxi-etl/venv/lib/python3.11/site-packages/airflow/example_dags/plugins/listener_plugin.py                                                           0           0                                                            0
/home/ak/projects/nyc-taxi-etl/venv/lib/python3.11/site-packages/airflow/example_dags/subdags/subdag.py                                                                    0           0                                                            0
================================================================================
[2025-09-21T16:26:59.810+0330] {manager.py:997} INFO - 
================================================================================
DAG File Processing Stats

File Path                                                                                                                                         PID    Runtime      # DAGs    # Errors  Last Runtime    Last Run               Last # of DB Queries
------------------------------------------------------------------------------------------------------------------------------------------------  -----  ---------  --------  ----------  --------------  -------------------  ----------------------
/home/ak/projects/nyc-taxi-etl/venv/lib/python3.11/site-packages/airflow/example_dags/example_time_delta_sensor_async.py                                                   1           0  2.16s           2025-09-21T12:56:57                      43
/home/ak/projects/nyc-taxi-etl/venv/lib/python3.11/site-packages/airflow/example_dags/example_task_group_decorator.py                                                      1           0  1.91s           2025-09-21T12:56:40                      43
/home/ak/projects/nyc-taxi-etl/venv/lib/python3.11/site-packages/airflow/example_dags/example_workday_timetable.py                                                         1           0  1.42s           2025-09-21T12:56:49                      45
/home/ak/projects/nyc-taxi-etl/venv/lib/python3.11/site-packages/airflow/example_dags/example_xcomargs.py                                                                  2           0  1.21s           2025-09-21T12:56:52                      79
/home/ak/projects/nyc-taxi-etl/venv/lib/python3.11/site-packages/airflow/example_dags/tutorial.py                                                                          1           0  0.81s           2025-09-21T12:56:36                      45
/home/ak/projects/nyc-taxi-etl/venv/lib/python3.11/site-packages/airflow/example_dags/tutorial_taskflow_templates.py                                                       1           0  0.81s           2025-09-21T12:56:34                      45
/home/ak/projects/nyc-taxi-etl/venv/lib/python3.11/site-packages/airflow/example_dags/example_trigger_controller_dag.py                                                    1           0  0.71s           2025-09-21T12:56:54                      45
/home/ak/projects/nyc-taxi-etl/venv/lib/python3.11/site-packages/airflow/example_dags/example_task_group.py                                                                1           0  0.61s           2025-09-21T12:56:45                      43
/home/ak/projects/nyc-taxi-etl/venv/lib/python3.11/site-packages/airflow/example_dags/example_subdag_operator.py                                                           3           0  0.51s           2025-09-21T12:56:59                      53
/home/ak/projects/nyc-taxi-etl/venv/lib/python3.11/site-packages/airflow/example_dags/example_xcom.py                                                                      1           0  0.51s           2025-09-21T12:56:42                      45
/home/ak/projects/nyc-taxi-etl/venv/lib/python3.11/site-packages/airflow/example_dags/tutorial_objectstorage.py                                                            1           0  0.41s           2025-09-21T12:56:44                      43
/home/ak/projects/nyc-taxi-etl/venv/lib/python3.11/site-packages/airflow/example_dags/subdags/subdag.py                                                                    0           0  0.21s           2025-09-21T12:56:33                       3
/home/ak/projects/nyc-taxi-etl/venv/lib/python3.11/site-packages/airflow/example_dags/plugins/workday.py                                                                   0           0  0.21s           2025-09-21T12:56:30                       3
/home/ak/projects/nyc-taxi-etl/venv/lib/python3.11/site-packages/airflow/example_dags/plugins/listener_plugin.py                                                           0           0  0.11s           2025-09-21T12:56:31                       3
/home/ak/projects/nyc-taxi-etl/venv/lib/python3.11/site-packages/airflow/example_dags/plugins/event_listener.py                                                            0           0  0.11s           2025-09-21T12:56:29                       3
/home/ak/projects/nyc-taxi-etl/venv/lib/python3.11/site-packages/airflow/example_dags/tutorial_taskflow_api_virtualenv.py                                                  0           0  0.10s           2025-09-21T12:56:43                       3
/home/ak/projects/nyc-taxi-etl/venv/lib/python3.11/site-packages/airflow/example_dags/example_sensor_decorator.py                                                          0           0                                                            0
/home/ak/projects/nyc-taxi-etl/venv/lib/python3.11/site-packages/airflow/example_dags/example_short_circuit_operator.py                                                    0           0                                                            0
/home/ak/projects/nyc-taxi-etl/venv/lib/python3.11/site-packages/airflow/example_dags/example_dynamic_task_mapping.py                                                      0           0                                                            0
/home/ak/projects/nyc-taxi-etl/venv/lib/python3.11/site-packages/airflow/example_dags/example_params_trigger_ui.py                                                         0           0                                                            0
/home/ak/projects/nyc-taxi-etl/venv/lib/python3.11/site-packages/airflow/example_dags/example_params_ui_tutorial.py                                                        0           0                                                            0
/home/ak/projects/nyc-taxi-etl/venv/lib/python3.11/site-packages/airflow/example_dags/example_complex.py                                                                   0           0                                                            0
/home/ak/projects/nyc-taxi-etl/venv/lib/python3.11/site-packages/airflow/example_dags/example_local_kubernetes_executor.py                                                 0           0                                                            0
/home/ak/projects/nyc-taxi-etl/venv/lib/python3.11/site-packages/airflow/example_dags/example_latest_only.py                                                               0           0                                                            0
/home/ak/projects/nyc-taxi-etl/venv/lib/python3.11/site-packages/airflow/example_dags/example_bash_operator.py                                                             0           0                                                            0
/home/ak/projects/nyc-taxi-etl/venv/lib/python3.11/site-packages/airflow/example_dags/example_branch_datetime_operator.py                                                  0           0                                                            0
/home/ak/projects/nyc-taxi-etl/venv/lib/python3.11/site-packages/airflow/example_dags/example_kubernetes_executor.py                                                       0           0                                                            0
/home/ak/projects/nyc-taxi-etl/venv/lib/python3.11/site-packages/airflow/example_dags/example_branch_operator.py                                                           0           0                                                            0
/home/ak/projects/nyc-taxi-etl/venv/lib/python3.11/site-packages/airflow/example_dags/example_display_name.py                                                              0           0                                                            0
/home/ak/projects/nyc-taxi-etl/venv/lib/python3.11/site-packages/airflow/example_dags/example_branch_labels.py                                                             0           0                                                            0
/home/ak/projects/nyc-taxi-etl/venv/lib/python3.11/site-packages/airflow/example_dags/example_branch_day_of_week_operator.py                                               0           0                                                            0
/home/ak/projects/nyc-taxi-etl/venv/lib/python3.11/site-packages/airflow/example_dags/example_external_task_marker_dag.py                                                  0           0                                                            0
/home/ak/projects/nyc-taxi-etl/venv/lib/python3.11/site-packages/airflow/example_dags/example_latest_only_with_trigger.py                                                  0           0                                                            0
/home/ak/projects/nyc-taxi-etl/venv/lib/python3.11/site-packages/airflow/example_dags/example_skip_dag.py                                                                  0           0                                                            0
/home/ak/projects/nyc-taxi-etl/venv/lib/python3.11/site-packages/airflow/example_dags/example_nested_branch_dag.py                                                         0           0                                                            0
/home/ak/projects/nyc-taxi-etl/venv/lib/python3.11/site-packages/airflow/example_dags/example_dataset_alias_with_no_taskflow.py                                            0           0                                                            0
/home/ak/projects/nyc-taxi-etl/venv/lib/python3.11/site-packages/airflow/example_dags/example_python_decorator.py                                                          0           0                                                            0
/home/ak/projects/nyc-taxi-etl/venv/lib/python3.11/site-packages/airflow/example_dags/example_sla_dag.py                                                                   0           0                                                            0
/home/ak/projects/nyc-taxi-etl/venv/lib/python3.11/site-packages/airflow/example_dags/example_datasets.py                                                                  0           0                                                            0
/home/ak/projects/nyc-taxi-etl/venv/lib/python3.11/site-packages/airflow/example_dags/example_bash_decorator.py                                                            0           0                                                            0
/home/ak/projects/nyc-taxi-etl/venv/lib/python3.11/site-packages/airflow/example_dags/example_passing_params_via_test_command.py                                           0           0                                                            0
/home/ak/projects/nyc-taxi-etl/venv/lib/python3.11/site-packages/airflow/example_dags/example_dynamic_task_mapping_with_no_taskflow_operators.py                           0           0                                                            0
/home/ak/projects/nyc-taxi-etl/venv/lib/python3.11/site-packages/airflow/example_dags/example_sensors.py                                                                   0           0                                                            0
/home/ak/projects/nyc-taxi-etl/venv/lib/python3.11/site-packages/airflow/example_dags/example_setup_teardown.py                                                            0           0                                                            0
/home/ak/projects/nyc-taxi-etl/venv/lib/python3.11/site-packages/airflow/example_dags/example_inlet_event_extra.py                                                         0           0                                                            0
/home/ak/projects/nyc-taxi-etl/venv/lib/python3.11/site-packages/airflow/example_dags/example_dataset_alias.py                                                             0           0                                                            0
/home/ak/projects/nyc-taxi-etl/venv/lib/python3.11/site-packages/airflow/example_dags/example_branch_python_dop_operator_3.py                                              0           0                                                            0
/home/ak/projects/nyc-taxi-etl/venv/lib/python3.11/site-packages/airflow/example_dags/example_dag_decorator.py                                                             0           0                                                            0
/home/ak/projects/nyc-taxi-etl/venv/lib/python3.11/site-packages/airflow/example_dags/example_trigger_target_dag.py                                                        0           0                                                            0
/home/ak/projects/nyc-taxi-etl/venv/lib/python3.11/site-packages/airflow/example_dags/example_outlet_event_extra.py                                                        0           0                                                            0
/home/ak/projects/nyc-taxi-etl/venv/lib/python3.11/site-packages/airflow/example_dags/example_setup_teardown_taskflow.py                                                   0           0                                                            0
/home/ak/projects/nyc-taxi-etl/venv/lib/python3.11/site-packages/airflow/example_dags/example_branch_operator_decorator.py                                                 0           0                                                            0
/home/ak/projects/nyc-taxi-etl/venv/lib/python3.11/site-packages/airflow/example_dags/example_python_operator.py                                                           0           0                                                            0
/home/ak/projects/nyc-taxi-etl/venv/lib/python3.11/site-packages/airflow/example_dags/example_short_circuit_decorator.py                                                   0           0                                                            0
/home/ak/projects/nyc-taxi-etl/venv/lib/python3.11/site-packages/airflow/example_dags/tutorial_dag.py                                                                      0           0                                                            0
/home/ak/projects/nyc-taxi-etl/venv/lib/python3.11/site-packages/airflow/example_dags/tutorial_taskflow_api.py                                                             0           0                                                            0
/home/ak/projects/nyc-taxi-etl/venv/lib/python3.11/site-packages/airflow/example_dags/plugins/decreasing_priority_weight_strategy.py                                       0           0                                                            0
================================================================================
[2025-09-21T16:27:31.146+0330] {manager.py:997} INFO - 
================================================================================
DAG File Processing Stats

File Path                                                                                                                                         PID    Runtime      # DAGs    # Errors  Last Runtime    Last Run               Last # of DB Queries
------------------------------------------------------------------------------------------------------------------------------------------------  -----  ---------  --------  ----------  --------------  -------------------  ----------------------
/home/ak/projects/nyc-taxi-etl/venv/lib/python3.11/site-packages/airflow/example_dags/example_time_delta_sensor_async.py                                                   1           0  2.16s           2025-09-21T12:56:57                      43
/home/ak/projects/nyc-taxi-etl/venv/lib/python3.11/site-packages/airflow/example_dags/example_task_group_decorator.py                                                      1           0  1.91s           2025-09-21T12:56:40                      43
/home/ak/projects/nyc-taxi-etl/venv/lib/python3.11/site-packages/airflow/example_dags/example_workday_timetable.py                                                         1           0  1.42s           2025-09-21T12:56:49                      45
/home/ak/projects/nyc-taxi-etl/venv/lib/python3.11/site-packages/airflow/example_dags/example_xcomargs.py                                                                  2           0  1.21s           2025-09-21T12:56:52                      79
/home/ak/projects/nyc-taxi-etl/venv/lib/python3.11/site-packages/airflow/example_dags/tutorial_dag.py                                                                      1           0  1.11s           2025-09-21T12:57:03                      43
/home/ak/projects/nyc-taxi-etl/venv/lib/python3.11/site-packages/airflow/example_dags/tutorial.py                                                                          1           0  0.81s           2025-09-21T12:56:36                      45
/home/ak/projects/nyc-taxi-etl/venv/lib/python3.11/site-packages/airflow/example_dags/tutorial_taskflow_templates.py                                                       1           0  0.81s           2025-09-21T12:56:34                      45
/home/ak/projects/nyc-taxi-etl/venv/lib/python3.11/site-packages/airflow/example_dags/example_outlet_event_extra.py                                                        3           0  0.81s           2025-09-21T12:57:31                     118
/home/ak/projects/nyc-taxi-etl/venv/lib/python3.11/site-packages/airflow/example_dags/example_sensor_decorator.py                                                          1           0  0.73s           2025-09-21T12:57:08                      43
/home/ak/projects/nyc-taxi-etl/venv/lib/python3.11/site-packages/airflow/example_dags/example_trigger_controller_dag.py                                                    1           0  0.71s           2025-09-21T12:56:54                      45
/home/ak/projects/nyc-taxi-etl/venv/lib/python3.11/site-packages/airflow/example_dags/example_task_group.py                                                                1           0  0.61s           2025-09-21T12:56:45                      43
/home/ak/projects/nyc-taxi-etl/venv/lib/python3.11/site-packages/airflow/example_dags/example_external_task_marker_dag.py                                                  2           0  0.61s           2025-09-21T12:57:15                      79
/home/ak/projects/nyc-taxi-etl/venv/lib/python3.11/site-packages/airflow/example_dags/example_inlet_event_extra.py                                                         2           0  0.61s           2025-09-21T12:57:29                      81
/home/ak/projects/nyc-taxi-etl/venv/lib/python3.11/site-packages/airflow/example_dags/example_sensors.py                                                                   1           0  0.61s           2025-09-21T12:57:26                      43
/home/ak/projects/nyc-taxi-etl/venv/lib/python3.11/site-packages/airflow/example_dags/tutorial_taskflow_api.py                                                             1           0  0.51s           2025-09-21T12:57:05                      43
/home/ak/projects/nyc-taxi-etl/venv/lib/python3.11/site-packages/airflow/example_dags/example_params_ui_tutorial.py                                                        1           0  0.51s           2025-09-21T12:57:12                      43
/home/ak/projects/nyc-taxi-etl/venv/lib/python3.11/site-packages/airflow/example_dags/example_short_circuit_operator.py                                                    1           0  0.51s           2025-09-21T12:57:09                      43
/home/ak/projects/nyc-taxi-etl/venv/lib/python3.11/site-packages/airflow/example_dags/example_subdag_operator.py                                                           3           0  0.51s           2025-09-21T12:56:59                      53
/home/ak/projects/nyc-taxi-etl/venv/lib/python3.11/site-packages/airflow/example_dags/example_latest_only.py                                                               1           0  0.51s           2025-09-21T12:57:14                      45
/home/ak/projects/nyc-taxi-etl/venv/lib/python3.11/site-packages/airflow/example_dags/example_python_decorator.py                                                          1           0  0.51s           2025-09-21T12:57:21                      43
/home/ak/projects/nyc-taxi-etl/venv/lib/python3.11/site-packages/airflow/example_dags/example_xcom.py                                                                      1           0  0.51s           2025-09-21T12:56:42                      45
/home/ak/projects/nyc-taxi-etl/venv/lib/python3.11/site-packages/airflow/example_dags/example_nested_branch_dag.py                                                         1           0  0.51s           2025-09-21T12:57:19                      45
/home/ak/projects/nyc-taxi-etl/venv/lib/python3.11/site-packages/airflow/example_dags/example_trigger_target_dag.py                                                        1           0  0.41s           2025-09-21T12:57:01                      43
/home/ak/projects/nyc-taxi-etl/venv/lib/python3.11/site-packages/airflow/example_dags/example_passing_params_via_test_command.py                                           1           0  0.41s           2025-09-21T12:57:24                      45
/home/ak/projects/nyc-taxi-etl/venv/lib/python3.11/site-packages/airflow/example_dags/example_params_trigger_ui.py                                                         1           0  0.41s           2025-09-21T12:57:10                      43
/home/ak/projects/nyc-taxi-etl/venv/lib/python3.11/site-packages/airflow/example_dags/example_dynamic_task_mapping_with_no_taskflow_operators.py                           1           0  0.41s           2025-09-21T12:57:25                      43
/home/ak/projects/nyc-taxi-etl/venv/lib/python3.11/site-packages/airflow/example_dags/tutorial_objectstorage.py                                                            1           0  0.41s           2025-09-21T12:56:44                      43
/home/ak/projects/nyc-taxi-etl/venv/lib/python3.11/site-packages/airflow/example_dags/example_setup_teardown.py                                                            1           0  0.41s           2025-09-21T12:57:28                      43
/home/ak/projects/nyc-taxi-etl/venv/lib/python3.11/site-packages/airflow/example_dags/example_latest_only_with_trigger.py                                                  1           0  0.41s           2025-09-21T12:57:16                      45
/home/ak/projects/nyc-taxi-etl/venv/lib/python3.11/site-packages/airflow/example_dags/example_skip_dag.py                                                                  1           0  0.41s           2025-09-21T12:57:18                      45
/home/ak/projects/nyc-taxi-etl/venv/lib/python3.11/site-packages/airflow/example_dags/example_sla_dag.py                                                                   1           0  0.41s           2025-09-21T12:57:22                      45
/home/ak/projects/nyc-taxi-etl/venv/lib/python3.11/site-packages/airflow/example_dags/subdags/subdag.py                                                                    0           0  0.21s           2025-09-21T12:56:33                       3
/home/ak/projects/nyc-taxi-etl/venv/lib/python3.11/site-packages/airflow/example_dags/plugins/workday.py                                                                   0           0  0.21s           2025-09-21T12:56:30                       3
/home/ak/projects/nyc-taxi-etl/venv/lib/python3.11/site-packages/airflow/example_dags/plugins/decreasing_priority_weight_strategy.py                                       0           0  0.12s           2025-09-21T12:57:06                       3
/home/ak/projects/nyc-taxi-etl/venv/lib/python3.11/site-packages/airflow/example_dags/plugins/listener_plugin.py                                                           0           0  0.11s           2025-09-21T12:56:31                       3
/home/ak/projects/nyc-taxi-etl/venv/lib/python3.11/site-packages/airflow/example_dags/plugins/event_listener.py                                                            0           0  0.11s           2025-09-21T12:56:29                       3
/home/ak/projects/nyc-taxi-etl/venv/lib/python3.11/site-packages/airflow/example_dags/example_kubernetes_executor.py                                                       0           0  0.11s           2025-09-21T12:57:14                       3
/home/ak/projects/nyc-taxi-etl/venv/lib/python3.11/site-packages/airflow/example_dags/example_local_kubernetes_executor.py                                                 0           0  0.11s           2025-09-21T12:57:13                       3
/home/ak/projects/nyc-taxi-etl/venv/lib/python3.11/site-packages/airflow/example_dags/tutorial_taskflow_api_virtualenv.py                                                  0           0  0.10s           2025-09-21T12:56:43                       3
/home/ak/projects/nyc-taxi-etl/venv/lib/python3.11/site-packages/airflow/example_dags/example_dynamic_task_mapping.py                                                      0           0                                                            0
/home/ak/projects/nyc-taxi-etl/venv/lib/python3.11/site-packages/airflow/example_dags/example_complex.py                                                                   0           0                                                            0
/home/ak/projects/nyc-taxi-etl/venv/lib/python3.11/site-packages/airflow/example_dags/example_bash_operator.py                                                             0           0                                                            0
/home/ak/projects/nyc-taxi-etl/venv/lib/python3.11/site-packages/airflow/example_dags/example_branch_datetime_operator.py                                                  0           0                                                            0
/home/ak/projects/nyc-taxi-etl/venv/lib/python3.11/site-packages/airflow/example_dags/example_branch_operator.py                                                           0           0                                                            0
/home/ak/projects/nyc-taxi-etl/venv/lib/python3.11/site-packages/airflow/example_dags/example_display_name.py                                                              0           0                                                            0
/home/ak/projects/nyc-taxi-etl/venv/lib/python3.11/site-packages/airflow/example_dags/example_branch_labels.py                                                             0           0                                                            0
/home/ak/projects/nyc-taxi-etl/venv/lib/python3.11/site-packages/airflow/example_dags/example_branch_day_of_week_operator.py                                               0           0                                                            0
/home/ak/projects/nyc-taxi-etl/venv/lib/python3.11/site-packages/airflow/example_dags/example_dataset_alias_with_no_taskflow.py                                            0           0                                                            0
/home/ak/projects/nyc-taxi-etl/venv/lib/python3.11/site-packages/airflow/example_dags/example_datasets.py                                                                  0           0                                                            0
/home/ak/projects/nyc-taxi-etl/venv/lib/python3.11/site-packages/airflow/example_dags/example_bash_decorator.py                                                            0           0                                                            0
/home/ak/projects/nyc-taxi-etl/venv/lib/python3.11/site-packages/airflow/example_dags/example_dataset_alias.py                                                             0           0                                                            0
/home/ak/projects/nyc-taxi-etl/venv/lib/python3.11/site-packages/airflow/example_dags/example_branch_python_dop_operator_3.py                                              0           0                                                            0
/home/ak/projects/nyc-taxi-etl/venv/lib/python3.11/site-packages/airflow/example_dags/example_dag_decorator.py                                                             0           0                                                            0
/home/ak/projects/nyc-taxi-etl/venv/lib/python3.11/site-packages/airflow/example_dags/example_setup_teardown_taskflow.py                                                   0           0                                                            0
/home/ak/projects/nyc-taxi-etl/venv/lib/python3.11/site-packages/airflow/example_dags/example_branch_operator_decorator.py                                                 0           0                                                            0
/home/ak/projects/nyc-taxi-etl/venv/lib/python3.11/site-packages/airflow/example_dags/example_python_operator.py                                                           0           0                                                            0
/home/ak/projects/nyc-taxi-etl/venv/lib/python3.11/site-packages/airflow/example_dags/example_short_circuit_decorator.py                                                   0           0                                                            0
================================================================================
[2025-09-21T16:28:01.789+0330] {manager.py:997} INFO - 
================================================================================
DAG File Processing Stats

File Path                                                                                                                                         PID    Runtime      # DAGs    # Errors  Last Runtime    Last Run               Last # of DB Queries
------------------------------------------------------------------------------------------------------------------------------------------------  -----  ---------  --------  ----------  --------------  -------------------  ----------------------
/home/ak/projects/nyc-taxi-etl/venv/lib/python3.11/site-packages/airflow/example_dags/example_datasets.py                                                                 10           0  2.21s           2025-09-21T12:57:51                     379
/home/ak/projects/nyc-taxi-etl/venv/lib/python3.11/site-packages/airflow/example_dags/example_time_delta_sensor_async.py                                                   1           0  2.16s           2025-09-21T12:56:57                      43
/home/ak/projects/nyc-taxi-etl/venv/lib/python3.11/site-packages/airflow/example_dags/example_task_group_decorator.py                                                      1           0  1.91s           2025-09-21T12:56:40                      43
/home/ak/projects/nyc-taxi-etl/venv/lib/python3.11/site-packages/airflow/example_dags/example_workday_timetable.py                                                         1           0  1.42s           2025-09-21T12:56:49                      45
/home/ak/projects/nyc-taxi-etl/venv/lib/python3.11/site-packages/airflow/example_dags/example_dag_decorator.py                                                             1           0  1.41s           2025-09-21T12:57:58                      43
/home/ak/projects/nyc-taxi-etl/venv/lib/python3.11/site-packages/airflow/example_dags/example_xcomargs.py                                                                  2           0  1.21s           2025-09-21T12:56:52                      79
/home/ak/projects/nyc-taxi-etl/venv/lib/python3.11/site-packages/airflow/example_dags/example_branch_datetime_operator.py                                                  3           0  1.11s           2025-09-21T12:57:41                     117
/home/ak/projects/nyc-taxi-etl/venv/lib/python3.11/site-packages/airflow/example_dags/tutorial_dag.py                                                                      1           0  1.11s           2025-09-21T12:57:03                      43
/home/ak/projects/nyc-taxi-etl/venv/lib/python3.11/site-packages/airflow/example_dags/example_dataset_alias.py                                                             4           0  1.01s           2025-09-21T12:57:55                     157
/home/ak/projects/nyc-taxi-etl/venv/lib/python3.11/site-packages/airflow/example_dags/example_dataset_alias_with_no_taskflow.py                                            4           0  0.91s           2025-09-21T12:57:48                     157
/home/ak/projects/nyc-taxi-etl/venv/lib/python3.11/site-packages/airflow/example_dags/tutorial.py                                                                          1           0  0.81s           2025-09-21T12:56:36                      45
/home/ak/projects/nyc-taxi-etl/venv/lib/python3.11/site-packages/airflow/example_dags/tutorial_taskflow_templates.py                                                       1           0  0.81s           2025-09-21T12:56:34                      45
/home/ak/projects/nyc-taxi-etl/venv/lib/python3.11/site-packages/airflow/example_dags/example_outlet_event_extra.py                                                        3           0  0.81s           2025-09-21T12:57:31                     118
/home/ak/projects/nyc-taxi-etl/venv/lib/python3.11/site-packages/airflow/example_dags/example_sensor_decorator.py                                                          1           0  0.73s           2025-09-21T12:57:08                      43
/home/ak/projects/nyc-taxi-etl/venv/lib/python3.11/site-packages/airflow/example_dags/example_trigger_controller_dag.py                                                    1           0  0.71s           2025-09-21T12:56:54                      45
/home/ak/projects/nyc-taxi-etl/venv/lib/python3.11/site-packages/airflow/example_dags/example_task_group.py                                                                1           0  0.61s           2025-09-21T12:56:45                      43
/home/ak/projects/nyc-taxi-etl/venv/lib/python3.11/site-packages/airflow/example_dags/example_external_task_marker_dag.py                                                  2           0  0.61s           2025-09-21T12:57:15                      79
/home/ak/projects/nyc-taxi-etl/venv/lib/python3.11/site-packages/airflow/example_dags/example_inlet_event_extra.py                                                         2           0  0.61s           2025-09-21T12:57:29                      81
/home/ak/projects/nyc-taxi-etl/venv/lib/python3.11/site-packages/airflow/example_dags/example_sensors.py                                                                   1           0  0.61s           2025-09-21T12:57:26                      43
/home/ak/projects/nyc-taxi-etl/venv/lib/python3.11/site-packages/airflow/example_dags/tutorial_taskflow_api.py                                                             1           0  0.51s           2025-09-21T12:57:05                      43
/home/ak/projects/nyc-taxi-etl/venv/lib/python3.11/site-packages/airflow/example_dags/example_params_ui_tutorial.py                                                        1           0  0.51s           2025-09-21T12:57:12                      43
/home/ak/projects/nyc-taxi-etl/venv/lib/python3.11/site-packages/airflow/example_dags/example_short_circuit_operator.py                                                    1           0  0.51s           2025-09-21T12:57:09                      43
/home/ak/projects/nyc-taxi-etl/venv/lib/python3.11/site-packages/airflow/example_dags/example_subdag_operator.py                                                           3           0  0.51s           2025-09-21T12:56:59                      53
/home/ak/projects/nyc-taxi-etl/venv/lib/python3.11/site-packages/airflow/example_dags/example_latest_only.py                                                               1           0  0.51s           2025-09-21T12:57:14                      45
/home/ak/projects/nyc-taxi-etl/venv/lib/python3.11/site-packages/airflow/example_dags/example_python_decorator.py                                                          1           0  0.51s           2025-09-21T12:57:21                      43
/home/ak/projects/nyc-taxi-etl/venv/lib/python3.11/site-packages/airflow/example_dags/example_xcom.py                                                                      1           0  0.51s           2025-09-21T12:56:42                      45
/home/ak/projects/nyc-taxi-etl/venv/lib/python3.11/site-packages/airflow/example_dags/example_branch_labels.py                                                             1           0  0.51s           2025-09-21T12:57:45                      45
/home/ak/projects/nyc-taxi-etl/venv/lib/python3.11/site-packages/airflow/example_dags/example_bash_operator.py                                                             1           0  0.51s           2025-09-21T12:57:39                      45
/home/ak/projects/nyc-taxi-etl/venv/lib/python3.11/site-packages/airflow/example_dags/example_nested_branch_dag.py                                                         1           0  0.51s           2025-09-21T12:57:19                      45
/home/ak/projects/nyc-taxi-etl/venv/lib/python3.11/site-packages/airflow/example_dags/example_setup_teardown_taskflow.py                                                   1           0  0.51s           2025-09-21T12:57:32                      43
/home/ak/projects/nyc-taxi-etl/venv/lib/python3.11/site-packages/airflow/example_dags/example_trigger_target_dag.py                                                        1           0  0.41s           2025-09-21T12:57:01                      43
/home/ak/projects/nyc-taxi-etl/venv/lib/python3.11/site-packages/airflow/example_dags/example_passing_params_via_test_command.py                                           1           0  0.41s           2025-09-21T12:57:24                      45
/home/ak/projects/nyc-taxi-etl/venv/lib/python3.11/site-packages/airflow/example_dags/example_python_operator.py                                                           1           0  0.41s           2025-09-21T12:57:34                      43
/home/ak/projects/nyc-taxi-etl/venv/lib/python3.11/site-packages/airflow/example_dags/example_params_trigger_ui.py                                                         1           0  0.41s           2025-09-21T12:57:10                      43
/home/ak/projects/nyc-taxi-etl/venv/lib/python3.11/site-packages/airflow/example_dags/example_dynamic_task_mapping_with_no_taskflow_operators.py                           1           0  0.41s           2025-09-21T12:57:25                      43
/home/ak/projects/nyc-taxi-etl/venv/lib/python3.11/site-packages/airflow/example_dags/example_short_circuit_decorator.py                                                   1           0  0.41s           2025-09-21T12:57:34                      43
/home/ak/projects/nyc-taxi-etl/venv/lib/python3.11/site-packages/airflow/example_dags/example_display_name.py                                                              1           0  0.41s           2025-09-21T12:57:43                      43
/home/ak/projects/nyc-taxi-etl/venv/lib/python3.11/site-packages/airflow/example_dags/example_dynamic_task_mapping.py                                                      1           0  0.41s           2025-09-21T12:57:36                      43
/home/ak/projects/nyc-taxi-etl/venv/lib/python3.11/site-packages/airflow/example_dags/example_complex.py                                                                   1           0  0.41s           2025-09-21T12:57:37                      43
/home/ak/projects/nyc-taxi-etl/venv/lib/python3.11/site-packages/airflow/example_dags/example_branch_python_dop_operator_3.py                                              1           0  0.41s           2025-09-21T12:57:56                      45
/home/ak/projects/nyc-taxi-etl/venv/lib/python3.11/site-packages/airflow/example_dags/tutorial_objectstorage.py                                                            1           0  0.41s           2025-09-21T12:56:44                      43
/home/ak/projects/nyc-taxi-etl/venv/lib/python3.11/site-packages/airflow/example_dags/example_setup_teardown.py                                                            1           0  0.41s           2025-09-21T12:57:28                      43
/home/ak/projects/nyc-taxi-etl/venv/lib/python3.11/site-packages/airflow/example_dags/example_bash_decorator.py                                                            1           0  0.41s           2025-09-21T12:57:53                      43
/home/ak/projects/nyc-taxi-etl/venv/lib/python3.11/site-packages/airflow/example_dags/example_branch_day_of_week_operator.py                                               1           0  0.41s           2025-09-21T12:57:46                      45
/home/ak/projects/nyc-taxi-etl/venv/lib/python3.11/site-packages/airflow/example_dags/example_latest_only_with_trigger.py                                                  1           0  0.41s           2025-09-21T12:57:16                      45
/home/ak/projects/nyc-taxi-etl/venv/lib/python3.11/site-packages/airflow/example_dags/example_skip_dag.py                                                                  1           0  0.41s           2025-09-21T12:57:18                      45
/home/ak/projects/nyc-taxi-etl/venv/lib/python3.11/site-packages/airflow/example_dags/example_sla_dag.py                                                                   1           0  0.41s           2025-09-21T12:57:22                      45
/home/ak/projects/nyc-taxi-etl/venv/lib/python3.11/site-packages/airflow/example_dags/subdags/subdag.py                                                                    0           0  0.21s           2025-09-21T12:56:33                       3
/home/ak/projects/nyc-taxi-etl/venv/lib/python3.11/site-packages/airflow/example_dags/plugins/decreasing_priority_weight_strategy.py                                       0           0  0.12s           2025-09-21T12:57:06                       3
/home/ak/projects/nyc-taxi-etl/venv/lib/python3.11/site-packages/airflow/example_dags/plugins/listener_plugin.py                                                           0           0  0.11s           2025-09-21T12:56:31                       3
/home/ak/projects/nyc-taxi-etl/venv/lib/python3.11/site-packages/airflow/example_dags/example_kubernetes_executor.py                                                       0           0  0.11s           2025-09-21T12:57:14                       3
/home/ak/projects/nyc-taxi-etl/venv/lib/python3.11/site-packages/airflow/example_dags/example_branch_operator.py                                                           0           0  0.11s           2025-09-21T12:57:42                       3
/home/ak/projects/nyc-taxi-etl/venv/lib/python3.11/site-packages/airflow/example_dags/example_branch_operator_decorator.py                                                 0           0  0.11s           2025-09-21T12:57:59                       3
/home/ak/projects/nyc-taxi-etl/venv/lib/python3.11/site-packages/airflow/example_dags/example_local_kubernetes_executor.py                                                 0           0  0.11s           2025-09-21T12:57:13                       3
/home/ak/projects/nyc-taxi-etl/venv/lib/python3.11/site-packages/airflow/example_dags/plugins/workday.py                                                                   0           0  0.10s           2025-09-21T12:58:01                       3
/home/ak/projects/nyc-taxi-etl/venv/lib/python3.11/site-packages/airflow/example_dags/plugins/event_listener.py                                                            0           0  0.10s           2025-09-21T12:58:00                       3
/home/ak/projects/nyc-taxi-etl/venv/lib/python3.11/site-packages/airflow/example_dags/tutorial_taskflow_api_virtualenv.py                                                  0           0  0.10s           2025-09-21T12:56:43                       3
================================================================================
[2025-09-21T16:28:32.298+0330] {manager.py:997} INFO - 
================================================================================
DAG File Processing Stats

File Path                                                                                                                                         PID    Runtime      # DAGs    # Errors  Last Runtime    Last Run               Last # of DB Queries
------------------------------------------------------------------------------------------------------------------------------------------------  -----  ---------  --------  ----------  --------------  -------------------  ----------------------
/home/ak/projects/nyc-taxi-etl/venv/lib/python3.11/site-packages/airflow/example_dags/example_datasets.py                                                                 10           0  2.21s           2025-09-21T12:57:51                     379
/home/ak/projects/nyc-taxi-etl/venv/lib/python3.11/site-packages/airflow/example_dags/example_dag_decorator.py                                                             1           0  1.41s           2025-09-21T12:57:58                      43
/home/ak/projects/nyc-taxi-etl/venv/lib/python3.11/site-packages/airflow/example_dags/example_branch_datetime_operator.py                                                  3           0  1.11s           2025-09-21T12:57:41                     117
/home/ak/projects/nyc-taxi-etl/venv/lib/python3.11/site-packages/airflow/example_dags/example_dataset_alias.py                                                             4           0  1.01s           2025-09-21T12:57:55                     157
/home/ak/projects/nyc-taxi-etl/venv/lib/python3.11/site-packages/airflow/example_dags/example_dataset_alias_with_no_taskflow.py                                            4           0  0.91s           2025-09-21T12:57:48                     157
/home/ak/projects/nyc-taxi-etl/venv/lib/python3.11/site-packages/airflow/example_dags/example_outlet_event_extra.py                                                        3           0  0.81s           2025-09-21T12:57:31                     118
/home/ak/projects/nyc-taxi-etl/venv/lib/python3.11/site-packages/airflow/example_dags/example_inlet_event_extra.py                                                         2           0  0.61s           2025-09-21T12:57:29                      81
/home/ak/projects/nyc-taxi-etl/venv/lib/python3.11/site-packages/airflow/example_dags/example_sensors.py                                                                   1           0  0.61s           2025-09-21T12:57:26                      43
/home/ak/projects/nyc-taxi-etl/venv/lib/python3.11/site-packages/airflow/example_dags/example_branch_labels.py                                                             1           0  0.51s           2025-09-21T12:57:45                      45
/home/ak/projects/nyc-taxi-etl/venv/lib/python3.11/site-packages/airflow/example_dags/example_bash_operator.py                                                             1           0  0.51s           2025-09-21T12:57:39                      45
/home/ak/projects/nyc-taxi-etl/venv/lib/python3.11/site-packages/airflow/example_dags/example_setup_teardown_taskflow.py                                                   1           0  0.51s           2025-09-21T12:57:32                      43
/home/ak/projects/nyc-taxi-etl/venv/lib/python3.11/site-packages/airflow/example_dags/example_passing_params_via_test_command.py                                           1           0  0.41s           2025-09-21T12:57:24                      45
/home/ak/projects/nyc-taxi-etl/venv/lib/python3.11/site-packages/airflow/example_dags/example_python_operator.py                                                           1           0  0.41s           2025-09-21T12:57:34                      43
/home/ak/projects/nyc-taxi-etl/venv/lib/python3.11/site-packages/airflow/example_dags/example_dynamic_task_mapping_with_no_taskflow_operators.py                           1           0  0.41s           2025-09-21T12:57:25                      43
/home/ak/projects/nyc-taxi-etl/venv/lib/python3.11/site-packages/airflow/example_dags/example_short_circuit_decorator.py                                                   1           0  0.41s           2025-09-21T12:57:34                      43
/home/ak/projects/nyc-taxi-etl/venv/lib/python3.11/site-packages/airflow/example_dags/example_display_name.py                                                              1           0  0.41s           2025-09-21T12:57:43                      43
/home/ak/projects/nyc-taxi-etl/venv/lib/python3.11/site-packages/airflow/example_dags/example_dynamic_task_mapping.py                                                      1           0  0.41s           2025-09-21T12:57:36                      43
/home/ak/projects/nyc-taxi-etl/venv/lib/python3.11/site-packages/airflow/example_dags/example_complex.py                                                                   1           0  0.41s           2025-09-21T12:57:37                      43
/home/ak/projects/nyc-taxi-etl/venv/lib/python3.11/site-packages/airflow/example_dags/example_branch_python_dop_operator_3.py                                              1           0  0.41s           2025-09-21T12:57:56                      45
/home/ak/projects/nyc-taxi-etl/venv/lib/python3.11/site-packages/airflow/example_dags/example_setup_teardown.py                                                            1           0  0.41s           2025-09-21T12:57:28                      43
/home/ak/projects/nyc-taxi-etl/venv/lib/python3.11/site-packages/airflow/example_dags/example_bash_decorator.py                                                            1           0  0.41s           2025-09-21T12:57:53                      43
/home/ak/projects/nyc-taxi-etl/venv/lib/python3.11/site-packages/airflow/example_dags/example_branch_day_of_week_operator.py                                               1           0  0.41s           2025-09-21T12:57:46                      45
/home/ak/projects/nyc-taxi-etl/venv/lib/python3.11/site-packages/airflow/example_dags/example_sla_dag.py                                                                   1           0  0.41s           2025-09-21T12:57:22                      45
/home/ak/projects/nyc-taxi-etl/venv/lib/python3.11/site-packages/airflow/example_dags/tutorial_taskflow_templates.py                                                       1           0  0.31s           2025-09-21T12:58:04                      12
/home/ak/projects/nyc-taxi-etl/venv/lib/python3.11/site-packages/airflow/example_dags/example_task_group_decorator.py                                                      1           0  0.21s           2025-09-21T12:58:06                      10
/home/ak/projects/nyc-taxi-etl/venv/lib/python3.11/site-packages/airflow/example_dags/example_external_task_marker_dag.py                                                  2           0  0.21s           2025-09-21T12:58:29                      13
/home/ak/projects/nyc-taxi-etl/venv/lib/python3.11/site-packages/airflow/example_dags/example_workday_timetable.py                                                         1           0  0.21s           2025-09-21T12:58:12                      12
/home/ak/projects/nyc-taxi-etl/venv/lib/python3.11/site-packages/airflow/example_dags/example_xcomargs.py                                                                  2           0  0.21s           2025-09-21T12:58:13                      13
/home/ak/projects/nyc-taxi-etl/venv/lib/python3.11/site-packages/airflow/example_dags/example_task_group.py                                                                1           0  0.21s           2025-09-21T12:58:11                      10
/home/ak/projects/nyc-taxi-etl/venv/lib/python3.11/site-packages/airflow/example_dags/example_sensor_decorator.py                                                          1           0  0.21s           2025-09-21T12:58:22                      10
/home/ak/projects/nyc-taxi-etl/venv/lib/python3.11/site-packages/airflow/example_dags/example_trigger_target_dag.py                                                        1           0  0.21s           2025-09-21T12:58:18                      10
/home/ak/projects/nyc-taxi-etl/venv/lib/python3.11/site-packages/airflow/example_dags/example_skip_dag.py                                                                  1           0  0.21s           2025-09-21T12:58:29                      12
/home/ak/projects/nyc-taxi-etl/venv/lib/python3.11/site-packages/airflow/example_dags/example_trigger_controller_dag.py                                                    1           0  0.21s           2025-09-21T12:58:14                      12
/home/ak/projects/nyc-taxi-etl/venv/lib/python3.11/site-packages/airflow/example_dags/example_latest_only.py                                                               1           0  0.21s           2025-09-21T12:58:27                      12
/home/ak/projects/nyc-taxi-etl/venv/lib/python3.11/site-packages/airflow/example_dags/example_python_decorator.py                                                          1           0  0.21s           2025-09-21T12:58:32                      10
/home/ak/projects/nyc-taxi-etl/venv/lib/python3.11/site-packages/airflow/example_dags/example_nested_branch_dag.py                                                         1           0  0.21s           2025-09-21T12:58:31                      12
/home/ak/projects/nyc-taxi-etl/venv/lib/python3.11/site-packages/airflow/example_dags/example_params_ui_tutorial.py                                                        1           0  0.21s           2025-09-21T12:58:25                      10
/home/ak/projects/nyc-taxi-etl/venv/lib/python3.11/site-packages/airflow/example_dags/tutorial_taskflow_api.py                                                             1           0  0.20s           2025-09-21T12:58:20                      10
/home/ak/projects/nyc-taxi-etl/venv/lib/python3.11/site-packages/airflow/example_dags/tutorial.py                                                                          1           0  0.20s           2025-09-21T12:58:05                      12
/home/ak/projects/nyc-taxi-etl/venv/lib/python3.11/site-packages/airflow/example_dags/tutorial_objectstorage.py                                                            1           0  0.20s           2025-09-21T12:58:09                      10
/home/ak/projects/nyc-taxi-etl/venv/lib/python3.11/site-packages/airflow/example_dags/example_xcom.py                                                                      1           0  0.20s           2025-09-21T12:58:08                      12
/home/ak/projects/nyc-taxi-etl/venv/lib/python3.11/site-packages/airflow/example_dags/example_params_trigger_ui.py                                                         1           0  0.20s           2025-09-21T12:58:24                      10
/home/ak/projects/nyc-taxi-etl/venv/lib/python3.11/site-packages/airflow/example_dags/example_short_circuit_operator.py                                                    1           0  0.20s           2025-09-21T12:58:23                      10
/home/ak/projects/nyc-taxi-etl/venv/lib/python3.11/site-packages/airflow/example_dags/example_time_delta_sensor_async.py                                                   1           0  0.20s           2025-09-21T12:58:15                      10
/home/ak/projects/nyc-taxi-etl/venv/lib/python3.11/site-packages/airflow/example_dags/example_latest_only_with_trigger.py                                                  1           0  0.20s           2025-09-21T12:58:29                      12
/home/ak/projects/nyc-taxi-etl/venv/lib/python3.11/site-packages/airflow/example_dags/example_subdag_operator.py                                                           3           0  0.20s           2025-09-21T12:58:17                      20
/home/ak/projects/nyc-taxi-etl/venv/lib/python3.11/site-packages/airflow/example_dags/plugins/decreasing_priority_weight_strategy.py                                       0           0  0.11s           2025-09-21T12:58:21                       3
/home/ak/projects/nyc-taxi-etl/venv/lib/python3.11/site-packages/airflow/example_dags/example_branch_operator.py                                                           0           0  0.11s           2025-09-21T12:57:42                       3
/home/ak/projects/nyc-taxi-etl/venv/lib/python3.11/site-packages/airflow/example_dags/example_branch_operator_decorator.py                                                 0           0  0.11s           2025-09-21T12:57:59                       3
/home/ak/projects/nyc-taxi-etl/venv/lib/python3.11/site-packages/airflow/example_dags/example_local_kubernetes_executor.py                                                 0           0  0.11s           2025-09-21T12:58:26                       3
/home/ak/projects/nyc-taxi-etl/venv/lib/python3.11/site-packages/airflow/example_dags/example_kubernetes_executor.py                                                       0           0  0.11s           2025-09-21T12:58:28                       3
/home/ak/projects/nyc-taxi-etl/venv/lib/python3.11/site-packages/airflow/example_dags/plugins/listener_plugin.py                                                           0           0  0.11s           2025-09-21T12:58:02                       3
/home/ak/projects/nyc-taxi-etl/venv/lib/python3.11/site-packages/airflow/example_dags/plugins/workday.py                                                                   0           0  0.10s           2025-09-21T12:58:01                       3
/home/ak/projects/nyc-taxi-etl/venv/lib/python3.11/site-packages/airflow/example_dags/tutorial_dag.py                                                                      1           0  0.10s           2025-09-21T12:58:18                      10
/home/ak/projects/nyc-taxi-etl/venv/lib/python3.11/site-packages/airflow/example_dags/subdags/subdag.py                                                                    0           0  0.10s           2025-09-21T12:58:03                       3
/home/ak/projects/nyc-taxi-etl/venv/lib/python3.11/site-packages/airflow/example_dags/plugins/event_listener.py                                                            0           0  0.10s           2025-09-21T12:58:00                       3
/home/ak/projects/nyc-taxi-etl/venv/lib/python3.11/site-packages/airflow/example_dags/tutorial_taskflow_api_virtualenv.py                                                  0           0  0.10s           2025-09-21T12:58:08                       3
================================================================================
[2025-09-21T16:28:54.096+0330] {manager.py:465} INFO - Exiting gracefully upon receiving signal 15
