[2025-09-21T16:26:41.885+0330] {processor.py:186} INFO - Started process (PID=30020) to work on /home/ak/projects/nyc-taxi-etl/venv/lib/python3.11/site-packages/airflow/example_dags/example_xcom.py
[2025-09-21T16:26:41.886+0330] {processor.py:914} INFO - Processing file /home/ak/projects/nyc-taxi-etl/venv/lib/python3.11/site-packages/airflow/example_dags/example_xcom.py for tasks to queue
[2025-09-21T16:26:41.890+0330] {logging_mixin.py:190} INFO - [2025-09-21T16:26:41.889+0330] {dagbag.py:588} INFO - Filling up the DagBag from /home/ak/projects/nyc-taxi-etl/venv/lib/python3.11/site-packages/airflow/example_dags/example_xcom.py
[2025-09-21T16:26:41.909+0330] {processor.py:925} INFO - DAG(s) 'example_xcom' retrieved from /home/ak/projects/nyc-taxi-etl/venv/lib/python3.11/site-packages/airflow/example_dags/example_xcom.py
[2025-09-21T16:26:42.054+0330] {logging_mixin.py:190} INFO - [2025-09-21T16:26:42.053+0330] {override.py:1930} INFO - Created Permission View: can edit on DAG:example_xcom
[2025-09-21T16:26:42.076+0330] {logging_mixin.py:190} INFO - [2025-09-21T16:26:42.074+0330] {override.py:1930} INFO - Created Permission View: can read on DAG:example_xcom
[2025-09-21T16:26:42.103+0330] {logging_mixin.py:190} INFO - [2025-09-21T16:26:42.102+0330] {override.py:1930} INFO - Created Permission View: can delete on DAG:example_xcom
[2025-09-21T16:26:42.139+0330] {logging_mixin.py:190} INFO - [2025-09-21T16:26:42.139+0330] {override.py:1930} INFO - Created Permission View: menu access on DAG Run:example_xcom
[2025-09-21T16:26:42.154+0330] {logging_mixin.py:190} INFO - [2025-09-21T16:26:42.154+0330] {override.py:1930} INFO - Created Permission View: can create on DAG Run:example_xcom
[2025-09-21T16:26:42.168+0330] {logging_mixin.py:190} INFO - [2025-09-21T16:26:42.168+0330] {override.py:1930} INFO - Created Permission View: can read on DAG Run:example_xcom
[2025-09-21T16:26:42.186+0330] {logging_mixin.py:190} INFO - [2025-09-21T16:26:42.185+0330] {override.py:1930} INFO - Created Permission View: can delete on DAG Run:example_xcom
[2025-09-21T16:26:42.187+0330] {logging_mixin.py:190} INFO - [2025-09-21T16:26:42.186+0330] {dag.py:3239} INFO - Sync 1 DAGs
[2025-09-21T16:26:42.211+0330] {logging_mixin.py:190} INFO - [2025-09-21T16:26:42.211+0330] {dag.py:3262} INFO - Creating ORM DAG for example_xcom
[2025-09-21T16:26:42.228+0330] {logging_mixin.py:190} INFO - [2025-09-21T16:26:42.227+0330] {dag.py:4180} INFO - Setting next_dagrun for example_xcom to 2021-01-01 00:00:00+00:00, run_after=2021-01-01 00:00:00+00:00
[2025-09-21T16:26:42.273+0330] {processor.py:208} INFO - Processing /home/ak/projects/nyc-taxi-etl/venv/lib/python3.11/site-packages/airflow/example_dags/example_xcom.py took 0.399 seconds
[2025-09-21T16:28:07.936+0330] {processor.py:186} INFO - Started process (PID=32773) to work on /home/ak/projects/nyc-taxi-etl/venv/lib/python3.11/site-packages/airflow/example_dags/example_xcom.py
[2025-09-21T16:28:07.937+0330] {processor.py:914} INFO - Processing file /home/ak/projects/nyc-taxi-etl/venv/lib/python3.11/site-packages/airflow/example_dags/example_xcom.py for tasks to queue
[2025-09-21T16:28:07.940+0330] {logging_mixin.py:190} INFO - [2025-09-21T16:28:07.940+0330] {dagbag.py:588} INFO - Filling up the DagBag from /home/ak/projects/nyc-taxi-etl/venv/lib/python3.11/site-packages/airflow/example_dags/example_xcom.py
[2025-09-21T16:28:07.954+0330] {processor.py:925} INFO - DAG(s) 'example_xcom' retrieved from /home/ak/projects/nyc-taxi-etl/venv/lib/python3.11/site-packages/airflow/example_dags/example_xcom.py
[2025-09-21T16:28:07.981+0330] {logging_mixin.py:190} INFO - [2025-09-21T16:28:07.981+0330] {dag.py:3239} INFO - Sync 1 DAGs
[2025-09-21T16:28:08.005+0330] {logging_mixin.py:190} INFO - [2025-09-21T16:28:08.005+0330] {dag.py:4180} INFO - Setting next_dagrun for example_xcom to 2021-01-01 00:00:00+00:00, run_after=2021-01-01 00:00:00+00:00
[2025-09-21T16:28:08.052+0330] {processor.py:208} INFO - Processing /home/ak/projects/nyc-taxi-etl/venv/lib/python3.11/site-packages/airflow/example_dags/example_xcom.py took 0.125 seconds
[2025-09-21T16:28:47.403+0330] {processor.py:186} INFO - Started process (PID=34354) to work on /home/ak/projects/nyc-taxi-etl/venv/lib/python3.11/site-packages/airflow/example_dags/example_xcom.py
[2025-09-21T16:28:47.405+0330] {processor.py:914} INFO - Processing file /home/ak/projects/nyc-taxi-etl/venv/lib/python3.11/site-packages/airflow/example_dags/example_xcom.py for tasks to queue
[2025-09-21T16:28:47.408+0330] {logging_mixin.py:190} INFO - [2025-09-21T16:28:47.408+0330] {dagbag.py:588} INFO - Filling up the DagBag from /home/ak/projects/nyc-taxi-etl/venv/lib/python3.11/site-packages/airflow/example_dags/example_xcom.py
[2025-09-21T16:28:47.434+0330] {processor.py:925} INFO - DAG(s) 'example_xcom' retrieved from /home/ak/projects/nyc-taxi-etl/venv/lib/python3.11/site-packages/airflow/example_dags/example_xcom.py
[2025-09-21T16:28:47.465+0330] {logging_mixin.py:190} INFO - [2025-09-21T16:28:47.465+0330] {dag.py:3239} INFO - Sync 1 DAGs
[2025-09-21T16:28:47.504+0330] {logging_mixin.py:190} INFO - [2025-09-21T16:28:47.504+0330] {dag.py:4180} INFO - Setting next_dagrun for example_xcom to 2021-01-01 00:00:00+00:00, run_after=2021-01-01 00:00:00+00:00
[2025-09-21T16:28:47.564+0330] {processor.py:208} INFO - Processing /home/ak/projects/nyc-taxi-etl/venv/lib/python3.11/site-packages/airflow/example_dags/example_xcom.py took 0.190 seconds
