[2025-09-21T16:27:47.698+0330] {processor.py:186} INFO - Started process (PID=32032) to work on /home/ak/projects/nyc-taxi-etl/venv/lib/python3.11/site-packages/airflow/example_dags/example_dataset_alias_with_no_taskflow.py
[2025-09-21T16:27:47.699+0330] {processor.py:914} INFO - Processing file /home/ak/projects/nyc-taxi-etl/venv/lib/python3.11/site-packages/airflow/example_dags/example_dataset_alias_with_no_taskflow.py for tasks to queue
[2025-09-21T16:27:47.702+0330] {logging_mixin.py:190} INFO - [2025-09-21T16:27:47.702+0330] {dagbag.py:588} INFO - Filling up the DagBag from /home/ak/projects/nyc-taxi-etl/venv/lib/python3.11/site-packages/airflow/example_dags/example_dataset_alias_with_no_taskflow.py
[2025-09-21T16:27:47.726+0330] {processor.py:925} INFO - DAG(s) 'dataset_alias_example_alias_producer_with_no_taskflow', 'dataset_s3_bucket_producer_with_no_taskflow', 'dataset_alias_example_alias_consumer_with_no_taskflow', 'dataset_s3_bucket_consumer_with_no_taskflow' retrieved from /home/ak/projects/nyc-taxi-etl/venv/lib/python3.11/site-packages/airflow/example_dags/example_dataset_alias_with_no_taskflow.py
[2025-09-21T16:27:47.860+0330] {logging_mixin.py:190} INFO - [2025-09-21T16:27:47.859+0330] {override.py:1930} INFO - Created Permission View: can edit on DAG:dataset_alias_example_alias_producer_with_no_taskflow
[2025-09-21T16:27:47.876+0330] {logging_mixin.py:190} INFO - [2025-09-21T16:27:47.875+0330] {override.py:1930} INFO - Created Permission View: can read on DAG:dataset_alias_example_alias_producer_with_no_taskflow
[2025-09-21T16:27:47.889+0330] {logging_mixin.py:190} INFO - [2025-09-21T16:27:47.889+0330] {override.py:1930} INFO - Created Permission View: can delete on DAG:dataset_alias_example_alias_producer_with_no_taskflow
[2025-09-21T16:27:47.917+0330] {logging_mixin.py:190} INFO - [2025-09-21T16:27:47.916+0330] {override.py:1930} INFO - Created Permission View: menu access on DAG Run:dataset_alias_example_alias_producer_with_no_taskflow
[2025-09-21T16:27:47.934+0330] {logging_mixin.py:190} INFO - [2025-09-21T16:27:47.933+0330] {override.py:1930} INFO - Created Permission View: can create on DAG Run:dataset_alias_example_alias_producer_with_no_taskflow
[2025-09-21T16:27:47.960+0330] {logging_mixin.py:190} INFO - [2025-09-21T16:27:47.960+0330] {override.py:1930} INFO - Created Permission View: can read on DAG Run:dataset_alias_example_alias_producer_with_no_taskflow
[2025-09-21T16:27:47.974+0330] {logging_mixin.py:190} INFO - [2025-09-21T16:27:47.973+0330] {override.py:1930} INFO - Created Permission View: can delete on DAG Run:dataset_alias_example_alias_producer_with_no_taskflow
[2025-09-21T16:27:48.005+0330] {logging_mixin.py:190} INFO - [2025-09-21T16:27:48.004+0330] {override.py:1930} INFO - Created Permission View: can edit on DAG:dataset_s3_bucket_producer_with_no_taskflow
[2025-09-21T16:27:48.020+0330] {logging_mixin.py:190} INFO - [2025-09-21T16:27:48.019+0330] {override.py:1930} INFO - Created Permission View: can read on DAG:dataset_s3_bucket_producer_with_no_taskflow
[2025-09-21T16:27:48.039+0330] {logging_mixin.py:190} INFO - [2025-09-21T16:27:48.038+0330] {override.py:1930} INFO - Created Permission View: can delete on DAG:dataset_s3_bucket_producer_with_no_taskflow
[2025-09-21T16:27:48.067+0330] {logging_mixin.py:190} INFO - [2025-09-21T16:27:48.067+0330] {override.py:1930} INFO - Created Permission View: menu access on DAG Run:dataset_s3_bucket_producer_with_no_taskflow
[2025-09-21T16:27:48.083+0330] {logging_mixin.py:190} INFO - [2025-09-21T16:27:48.082+0330] {override.py:1930} INFO - Created Permission View: can create on DAG Run:dataset_s3_bucket_producer_with_no_taskflow
[2025-09-21T16:27:48.100+0330] {logging_mixin.py:190} INFO - [2025-09-21T16:27:48.100+0330] {override.py:1930} INFO - Created Permission View: can read on DAG Run:dataset_s3_bucket_producer_with_no_taskflow
[2025-09-21T16:27:48.118+0330] {logging_mixin.py:190} INFO - [2025-09-21T16:27:48.118+0330] {override.py:1930} INFO - Created Permission View: can delete on DAG Run:dataset_s3_bucket_producer_with_no_taskflow
[2025-09-21T16:27:48.157+0330] {logging_mixin.py:190} INFO - [2025-09-21T16:27:48.157+0330] {override.py:1930} INFO - Created Permission View: can edit on DAG:dataset_alias_example_alias_consumer_with_no_taskflow
[2025-09-21T16:27:48.173+0330] {logging_mixin.py:190} INFO - [2025-09-21T16:27:48.172+0330] {override.py:1930} INFO - Created Permission View: can read on DAG:dataset_alias_example_alias_consumer_with_no_taskflow
[2025-09-21T16:27:48.190+0330] {logging_mixin.py:190} INFO - [2025-09-21T16:27:48.189+0330] {override.py:1930} INFO - Created Permission View: can delete on DAG:dataset_alias_example_alias_consumer_with_no_taskflow
[2025-09-21T16:27:48.224+0330] {logging_mixin.py:190} INFO - [2025-09-21T16:27:48.223+0330] {override.py:1930} INFO - Created Permission View: menu access on DAG Run:dataset_alias_example_alias_consumer_with_no_taskflow
[2025-09-21T16:27:48.243+0330] {logging_mixin.py:190} INFO - [2025-09-21T16:27:48.242+0330] {override.py:1930} INFO - Created Permission View: can create on DAG Run:dataset_alias_example_alias_consumer_with_no_taskflow
[2025-09-21T16:27:48.267+0330] {logging_mixin.py:190} INFO - [2025-09-21T16:27:48.267+0330] {override.py:1930} INFO - Created Permission View: can read on DAG Run:dataset_alias_example_alias_consumer_with_no_taskflow
[2025-09-21T16:27:48.283+0330] {logging_mixin.py:190} INFO - [2025-09-21T16:27:48.283+0330] {override.py:1930} INFO - Created Permission View: can delete on DAG Run:dataset_alias_example_alias_consumer_with_no_taskflow
[2025-09-21T16:27:48.318+0330] {logging_mixin.py:190} INFO - [2025-09-21T16:27:48.317+0330] {override.py:1930} INFO - Created Permission View: can edit on DAG:dataset_s3_bucket_consumer_with_no_taskflow
[2025-09-21T16:27:48.336+0330] {logging_mixin.py:190} INFO - [2025-09-21T16:27:48.336+0330] {override.py:1930} INFO - Created Permission View: can read on DAG:dataset_s3_bucket_consumer_with_no_taskflow
[2025-09-21T16:27:48.357+0330] {logging_mixin.py:190} INFO - [2025-09-21T16:27:48.357+0330] {override.py:1930} INFO - Created Permission View: can delete on DAG:dataset_s3_bucket_consumer_with_no_taskflow
[2025-09-21T16:27:48.393+0330] {logging_mixin.py:190} INFO - [2025-09-21T16:27:48.393+0330] {override.py:1930} INFO - Created Permission View: menu access on DAG Run:dataset_s3_bucket_consumer_with_no_taskflow
[2025-09-21T16:27:48.414+0330] {logging_mixin.py:190} INFO - [2025-09-21T16:27:48.414+0330] {override.py:1930} INFO - Created Permission View: can create on DAG Run:dataset_s3_bucket_consumer_with_no_taskflow
[2025-09-21T16:27:48.438+0330] {logging_mixin.py:190} INFO - [2025-09-21T16:27:48.438+0330] {override.py:1930} INFO - Created Permission View: can read on DAG Run:dataset_s3_bucket_consumer_with_no_taskflow
[2025-09-21T16:27:48.454+0330] {logging_mixin.py:190} INFO - [2025-09-21T16:27:48.453+0330] {override.py:1930} INFO - Created Permission View: can delete on DAG Run:dataset_s3_bucket_consumer_with_no_taskflow
[2025-09-21T16:27:48.454+0330] {logging_mixin.py:190} INFO - [2025-09-21T16:27:48.454+0330] {dag.py:3239} INFO - Sync 4 DAGs
[2025-09-21T16:27:48.475+0330] {logging_mixin.py:190} INFO - [2025-09-21T16:27:48.475+0330] {dag.py:3262} INFO - Creating ORM DAG for dataset_alias_example_alias_producer_with_no_taskflow
[2025-09-21T16:27:48.476+0330] {logging_mixin.py:190} INFO - [2025-09-21T16:27:48.476+0330] {dag.py:3262} INFO - Creating ORM DAG for dataset_s3_bucket_producer_with_no_taskflow
[2025-09-21T16:27:48.477+0330] {logging_mixin.py:190} INFO - [2025-09-21T16:27:48.477+0330] {dag.py:3262} INFO - Creating ORM DAG for dataset_alias_example_alias_consumer_with_no_taskflow
[2025-09-21T16:27:48.478+0330] {logging_mixin.py:190} INFO - [2025-09-21T16:27:48.477+0330] {dag.py:3262} INFO - Creating ORM DAG for dataset_s3_bucket_consumer_with_no_taskflow
[2025-09-21T16:27:48.489+0330] {logging_mixin.py:190} INFO - [2025-09-21T16:27:48.489+0330] {dag.py:4180} INFO - Setting next_dagrun for dataset_alias_example_alias_consumer_with_no_taskflow to None, run_after=None
[2025-09-21T16:27:48.490+0330] {logging_mixin.py:190} INFO - [2025-09-21T16:27:48.490+0330] {dag.py:4180} INFO - Setting next_dagrun for dataset_alias_example_alias_producer_with_no_taskflow to None, run_after=None
[2025-09-21T16:27:48.491+0330] {logging_mixin.py:190} INFO - [2025-09-21T16:27:48.491+0330] {dag.py:4180} INFO - Setting next_dagrun for dataset_s3_bucket_consumer_with_no_taskflow to None, run_after=None
[2025-09-21T16:27:48.491+0330] {logging_mixin.py:190} INFO - [2025-09-21T16:27:48.491+0330] {dag.py:4180} INFO - Setting next_dagrun for dataset_s3_bucket_producer_with_no_taskflow to None, run_after=None
[2025-09-21T16:27:48.549+0330] {processor.py:208} INFO - Processing /home/ak/projects/nyc-taxi-etl/venv/lib/python3.11/site-packages/airflow/example_dags/example_dataset_alias_with_no_taskflow.py took 0.859 seconds
