[2025-09-21T16:27:54.374+0330] {processor.py:186} INFO - Started process (PID=32413) to work on /home/ak/projects/nyc-taxi-etl/venv/lib/python3.11/site-packages/airflow/example_dags/example_dataset_alias.py
[2025-09-21T16:27:54.375+0330] {processor.py:914} INFO - Processing file /home/ak/projects/nyc-taxi-etl/venv/lib/python3.11/site-packages/airflow/example_dags/example_dataset_alias.py for tasks to queue
[2025-09-21T16:27:54.378+0330] {logging_mixin.py:190} INFO - [2025-09-21T16:27:54.377+0330] {dagbag.py:588} INFO - Filling up the DagBag from /home/ak/projects/nyc-taxi-etl/venv/lib/python3.11/site-packages/airflow/example_dags/example_dataset_alias.py
[2025-09-21T16:27:54.403+0330] {processor.py:925} INFO - DAG(s) 'dataset_s3_bucket_producer', 'dataset_s3_bucket_consumer', 'dataset_alias_example_alias_consumer', 'dataset_alias_example_alias_producer' retrieved from /home/ak/projects/nyc-taxi-etl/venv/lib/python3.11/site-packages/airflow/example_dags/example_dataset_alias.py
[2025-09-21T16:27:54.538+0330] {logging_mixin.py:190} INFO - [2025-09-21T16:27:54.537+0330] {override.py:1930} INFO - Created Permission View: can edit on DAG:dataset_s3_bucket_producer
[2025-09-21T16:27:54.556+0330] {logging_mixin.py:190} INFO - [2025-09-21T16:27:54.555+0330] {override.py:1930} INFO - Created Permission View: can read on DAG:dataset_s3_bucket_producer
[2025-09-21T16:27:54.572+0330] {logging_mixin.py:190} INFO - [2025-09-21T16:27:54.571+0330] {override.py:1930} INFO - Created Permission View: can delete on DAG:dataset_s3_bucket_producer
[2025-09-21T16:27:54.611+0330] {logging_mixin.py:190} INFO - [2025-09-21T16:27:54.610+0330] {override.py:1930} INFO - Created Permission View: menu access on DAG Run:dataset_s3_bucket_producer
[2025-09-21T16:27:54.628+0330] {logging_mixin.py:190} INFO - [2025-09-21T16:27:54.627+0330] {override.py:1930} INFO - Created Permission View: can create on DAG Run:dataset_s3_bucket_producer
[2025-09-21T16:27:54.643+0330] {logging_mixin.py:190} INFO - [2025-09-21T16:27:54.643+0330] {override.py:1930} INFO - Created Permission View: can read on DAG Run:dataset_s3_bucket_producer
[2025-09-21T16:27:54.660+0330] {logging_mixin.py:190} INFO - [2025-09-21T16:27:54.659+0330] {override.py:1930} INFO - Created Permission View: can delete on DAG Run:dataset_s3_bucket_producer
[2025-09-21T16:27:54.695+0330] {logging_mixin.py:190} INFO - [2025-09-21T16:27:54.694+0330] {override.py:1930} INFO - Created Permission View: can edit on DAG:dataset_s3_bucket_consumer
[2025-09-21T16:27:54.710+0330] {logging_mixin.py:190} INFO - [2025-09-21T16:27:54.710+0330] {override.py:1930} INFO - Created Permission View: can read on DAG:dataset_s3_bucket_consumer
[2025-09-21T16:27:54.725+0330] {logging_mixin.py:190} INFO - [2025-09-21T16:27:54.725+0330] {override.py:1930} INFO - Created Permission View: can delete on DAG:dataset_s3_bucket_consumer
[2025-09-21T16:27:54.757+0330] {logging_mixin.py:190} INFO - [2025-09-21T16:27:54.756+0330] {override.py:1930} INFO - Created Permission View: menu access on DAG Run:dataset_s3_bucket_consumer
[2025-09-21T16:27:54.773+0330] {logging_mixin.py:190} INFO - [2025-09-21T16:27:54.773+0330] {override.py:1930} INFO - Created Permission View: can create on DAG Run:dataset_s3_bucket_consumer
[2025-09-21T16:27:54.792+0330] {logging_mixin.py:190} INFO - [2025-09-21T16:27:54.792+0330] {override.py:1930} INFO - Created Permission View: can read on DAG Run:dataset_s3_bucket_consumer
[2025-09-21T16:27:54.809+0330] {logging_mixin.py:190} INFO - [2025-09-21T16:27:54.808+0330] {override.py:1930} INFO - Created Permission View: can delete on DAG Run:dataset_s3_bucket_consumer
[2025-09-21T16:27:54.841+0330] {logging_mixin.py:190} INFO - [2025-09-21T16:27:54.840+0330] {override.py:1930} INFO - Created Permission View: can edit on DAG:dataset_alias_example_alias_consumer
[2025-09-21T16:27:54.855+0330] {logging_mixin.py:190} INFO - [2025-09-21T16:27:54.855+0330] {override.py:1930} INFO - Created Permission View: can read on DAG:dataset_alias_example_alias_consumer
[2025-09-21T16:27:54.870+0330] {logging_mixin.py:190} INFO - [2025-09-21T16:27:54.870+0330] {override.py:1930} INFO - Created Permission View: can delete on DAG:dataset_alias_example_alias_consumer
[2025-09-21T16:27:54.907+0330] {logging_mixin.py:190} INFO - [2025-09-21T16:27:54.907+0330] {override.py:1930} INFO - Created Permission View: menu access on DAG Run:dataset_alias_example_alias_consumer
[2025-09-21T16:27:54.923+0330] {logging_mixin.py:190} INFO - [2025-09-21T16:27:54.922+0330] {override.py:1930} INFO - Created Permission View: can create on DAG Run:dataset_alias_example_alias_consumer
[2025-09-21T16:27:54.955+0330] {logging_mixin.py:190} INFO - [2025-09-21T16:27:54.954+0330] {override.py:1930} INFO - Created Permission View: can read on DAG Run:dataset_alias_example_alias_consumer
[2025-09-21T16:27:54.976+0330] {logging_mixin.py:190} INFO - [2025-09-21T16:27:54.975+0330] {override.py:1930} INFO - Created Permission View: can delete on DAG Run:dataset_alias_example_alias_consumer
[2025-09-21T16:27:55.014+0330] {logging_mixin.py:190} INFO - [2025-09-21T16:27:55.013+0330] {override.py:1930} INFO - Created Permission View: can edit on DAG:dataset_alias_example_alias_producer
[2025-09-21T16:27:55.030+0330] {logging_mixin.py:190} INFO - [2025-09-21T16:27:55.030+0330] {override.py:1930} INFO - Created Permission View: can read on DAG:dataset_alias_example_alias_producer
[2025-09-21T16:27:55.046+0330] {logging_mixin.py:190} INFO - [2025-09-21T16:27:55.045+0330] {override.py:1930} INFO - Created Permission View: can delete on DAG:dataset_alias_example_alias_producer
[2025-09-21T16:27:55.084+0330] {logging_mixin.py:190} INFO - [2025-09-21T16:27:55.083+0330] {override.py:1930} INFO - Created Permission View: menu access on DAG Run:dataset_alias_example_alias_producer
[2025-09-21T16:27:55.104+0330] {logging_mixin.py:190} INFO - [2025-09-21T16:27:55.104+0330] {override.py:1930} INFO - Created Permission View: can create on DAG Run:dataset_alias_example_alias_producer
[2025-09-21T16:27:55.124+0330] {logging_mixin.py:190} INFO - [2025-09-21T16:27:55.123+0330] {override.py:1930} INFO - Created Permission View: can read on DAG Run:dataset_alias_example_alias_producer
[2025-09-21T16:27:55.183+0330] {logging_mixin.py:190} INFO - [2025-09-21T16:27:55.183+0330] {override.py:1930} INFO - Created Permission View: can delete on DAG Run:dataset_alias_example_alias_producer
[2025-09-21T16:27:55.184+0330] {logging_mixin.py:190} INFO - [2025-09-21T16:27:55.183+0330] {dag.py:3239} INFO - Sync 4 DAGs
[2025-09-21T16:27:55.199+0330] {logging_mixin.py:190} INFO - [2025-09-21T16:27:55.199+0330] {dag.py:3262} INFO - Creating ORM DAG for dataset_s3_bucket_producer
[2025-09-21T16:27:55.200+0330] {logging_mixin.py:190} INFO - [2025-09-21T16:27:55.199+0330] {dag.py:3262} INFO - Creating ORM DAG for dataset_s3_bucket_consumer
[2025-09-21T16:27:55.200+0330] {logging_mixin.py:190} INFO - [2025-09-21T16:27:55.200+0330] {dag.py:3262} INFO - Creating ORM DAG for dataset_alias_example_alias_producer
[2025-09-21T16:27:55.201+0330] {logging_mixin.py:190} INFO - [2025-09-21T16:27:55.201+0330] {dag.py:3262} INFO - Creating ORM DAG for dataset_alias_example_alias_consumer
[2025-09-21T16:27:55.214+0330] {logging_mixin.py:190} INFO - [2025-09-21T16:27:55.214+0330] {dag.py:4180} INFO - Setting next_dagrun for dataset_alias_example_alias_consumer to None, run_after=None
[2025-09-21T16:27:55.216+0330] {logging_mixin.py:190} INFO - [2025-09-21T16:27:55.215+0330] {dag.py:4180} INFO - Setting next_dagrun for dataset_alias_example_alias_producer to None, run_after=None
[2025-09-21T16:27:55.217+0330] {logging_mixin.py:190} INFO - [2025-09-21T16:27:55.217+0330] {dag.py:4180} INFO - Setting next_dagrun for dataset_s3_bucket_consumer to None, run_after=None
[2025-09-21T16:27:55.218+0330] {logging_mixin.py:190} INFO - [2025-09-21T16:27:55.218+0330] {dag.py:4180} INFO - Setting next_dagrun for dataset_s3_bucket_producer to None, run_after=None
[2025-09-21T16:27:55.287+0330] {processor.py:208} INFO - Processing /home/ak/projects/nyc-taxi-etl/venv/lib/python3.11/site-packages/airflow/example_dags/example_dataset_alias.py took 0.921 seconds
