[2025-09-21T16:26:59.319+0330] {processor.py:186} INFO - Started process (PID=30541) to work on /home/ak/projects/nyc-taxi-etl/venv/lib/python3.11/site-packages/airflow/example_dags/example_subdag_operator.py
[2025-09-21T16:26:59.320+0330] {processor.py:914} INFO - Processing file /home/ak/projects/nyc-taxi-etl/venv/lib/python3.11/site-packages/airflow/example_dags/example_subdag_operator.py for tasks to queue
[2025-09-21T16:26:59.324+0330] {logging_mixin.py:190} INFO - [2025-09-21T16:26:59.323+0330] {dagbag.py:588} INFO - Filling up the DagBag from /home/ak/projects/nyc-taxi-etl/venv/lib/python3.11/site-packages/airflow/example_dags/example_subdag_operator.py
[2025-09-21T16:26:59.357+0330] {processor.py:925} INFO - DAG(s) 'example_subdag_operator.section-1', 'example_subdag_operator.section-2', 'example_subdag_operator' retrieved from /home/ak/projects/nyc-taxi-etl/venv/lib/python3.11/site-packages/airflow/example_dags/example_subdag_operator.py
[2025-09-21T16:26:59.539+0330] {logging_mixin.py:190} INFO - [2025-09-21T16:26:59.538+0330] {override.py:1930} INFO - Created Permission View: can edit on DAG:example_subdag_operator
[2025-09-21T16:26:59.563+0330] {logging_mixin.py:190} INFO - [2025-09-21T16:26:59.563+0330] {override.py:1930} INFO - Created Permission View: can read on DAG:example_subdag_operator
[2025-09-21T16:26:59.583+0330] {logging_mixin.py:190} INFO - [2025-09-21T16:26:59.583+0330] {override.py:1930} INFO - Created Permission View: can delete on DAG:example_subdag_operator
[2025-09-21T16:26:59.612+0330] {logging_mixin.py:190} INFO - [2025-09-21T16:26:59.611+0330] {override.py:1930} INFO - Created Permission View: menu access on DAG Run:example_subdag_operator
[2025-09-21T16:26:59.632+0330] {logging_mixin.py:190} INFO - [2025-09-21T16:26:59.631+0330] {override.py:1930} INFO - Created Permission View: can create on DAG Run:example_subdag_operator
[2025-09-21T16:26:59.648+0330] {logging_mixin.py:190} INFO - [2025-09-21T16:26:59.647+0330] {override.py:1930} INFO - Created Permission View: can read on DAG Run:example_subdag_operator
[2025-09-21T16:26:59.664+0330] {logging_mixin.py:190} INFO - [2025-09-21T16:26:59.663+0330] {override.py:1930} INFO - Created Permission View: can delete on DAG Run:example_subdag_operator
[2025-09-21T16:26:59.664+0330] {logging_mixin.py:190} INFO - [2025-09-21T16:26:59.664+0330] {dag.py:3239} INFO - Sync 3 DAGs
[2025-09-21T16:26:59.683+0330] {logging_mixin.py:190} INFO - [2025-09-21T16:26:59.683+0330] {dag.py:3262} INFO - Creating ORM DAG for example_subdag_operator.section-1
[2025-09-21T16:26:59.684+0330] {logging_mixin.py:190} INFO - [2025-09-21T16:26:59.684+0330] {dag.py:3262} INFO - Creating ORM DAG for example_subdag_operator.section-2
[2025-09-21T16:26:59.685+0330] {logging_mixin.py:190} INFO - [2025-09-21T16:26:59.685+0330] {dag.py:3262} INFO - Creating ORM DAG for example_subdag_operator
[2025-09-21T16:26:59.698+0330] {logging_mixin.py:190} INFO - [2025-09-21T16:26:59.698+0330] {dag.py:4180} INFO - Setting next_dagrun for example_subdag_operator to 2022-01-01 00:00:00+00:00, run_after=2022-01-01 00:00:00+00:00
[2025-09-21T16:26:59.699+0330] {logging_mixin.py:190} INFO - [2025-09-21T16:26:59.699+0330] {dag.py:4180} INFO - Setting next_dagrun for example_subdag_operator.section-1 to None, run_after=None
[2025-09-21T16:26:59.700+0330] {logging_mixin.py:190} INFO - [2025-09-21T16:26:59.700+0330] {dag.py:4180} INFO - Setting next_dagrun for example_subdag_operator.section-2 to None, run_after=None
[2025-09-21T16:26:59.709+0330] {logging_mixin.py:190} INFO - [2025-09-21T16:26:59.709+0330] {dag.py:3239} INFO - Sync 2 DAGs
[2025-09-21T16:26:59.717+0330] {logging_mixin.py:190} INFO - [2025-09-21T16:26:59.716+0330] {dag.py:4180} INFO - Setting next_dagrun for example_subdag_operator.section-1 to None, run_after=None
[2025-09-21T16:26:59.720+0330] {logging_mixin.py:190} INFO - [2025-09-21T16:26:59.720+0330] {dag.py:4180} INFO - Setting next_dagrun for example_subdag_operator.section-2 to None, run_after=None
[2025-09-21T16:26:59.755+0330] {processor.py:208} INFO - Processing /home/ak/projects/nyc-taxi-etl/venv/lib/python3.11/site-packages/airflow/example_dags/example_subdag_operator.py took 0.445 seconds
[2025-09-21T16:28:16.848+0330] {processor.py:186} INFO - Started process (PID=33039) to work on /home/ak/projects/nyc-taxi-etl/venv/lib/python3.11/site-packages/airflow/example_dags/example_subdag_operator.py
[2025-09-21T16:28:16.850+0330] {processor.py:914} INFO - Processing file /home/ak/projects/nyc-taxi-etl/venv/lib/python3.11/site-packages/airflow/example_dags/example_subdag_operator.py for tasks to queue
[2025-09-21T16:28:16.853+0330] {logging_mixin.py:190} INFO - [2025-09-21T16:28:16.852+0330] {dagbag.py:588} INFO - Filling up the DagBag from /home/ak/projects/nyc-taxi-etl/venv/lib/python3.11/site-packages/airflow/example_dags/example_subdag_operator.py
[2025-09-21T16:28:16.891+0330] {processor.py:925} INFO - DAG(s) 'example_subdag_operator.section-1', 'example_subdag_operator.section-2', 'example_subdag_operator' retrieved from /home/ak/projects/nyc-taxi-etl/venv/lib/python3.11/site-packages/airflow/example_dags/example_subdag_operator.py
[2025-09-21T16:28:16.911+0330] {logging_mixin.py:190} INFO - [2025-09-21T16:28:16.911+0330] {dag.py:3239} INFO - Sync 3 DAGs
[2025-09-21T16:28:16.939+0330] {logging_mixin.py:190} INFO - [2025-09-21T16:28:16.939+0330] {dag.py:4180} INFO - Setting next_dagrun for example_subdag_operator to 2022-01-01 00:00:00+00:00, run_after=2022-01-01 00:00:00+00:00
[2025-09-21T16:28:16.943+0330] {logging_mixin.py:190} INFO - [2025-09-21T16:28:16.943+0330] {dag.py:4180} INFO - Setting next_dagrun for example_subdag_operator.section-1 to None, run_after=None
[2025-09-21T16:28:16.945+0330] {logging_mixin.py:190} INFO - [2025-09-21T16:28:16.944+0330] {dag.py:4180} INFO - Setting next_dagrun for example_subdag_operator.section-2 to None, run_after=None
[2025-09-21T16:28:16.952+0330] {logging_mixin.py:190} INFO - [2025-09-21T16:28:16.952+0330] {dag.py:3239} INFO - Sync 2 DAGs
[2025-09-21T16:28:16.958+0330] {logging_mixin.py:190} INFO - [2025-09-21T16:28:16.958+0330] {dag.py:4180} INFO - Setting next_dagrun for example_subdag_operator.section-1 to None, run_after=None
[2025-09-21T16:28:16.959+0330] {logging_mixin.py:190} INFO - [2025-09-21T16:28:16.959+0330] {dag.py:4180} INFO - Setting next_dagrun for example_subdag_operator.section-2 to None, run_after=None
[2025-09-21T16:28:17.005+0330] {processor.py:208} INFO - Processing /home/ak/projects/nyc-taxi-etl/venv/lib/python3.11/site-packages/airflow/example_dags/example_subdag_operator.py took 0.165 seconds
