[2025-09-21T16:27:07.341+0330] {processor.py:186} INFO - Started process (PID=30782) to work on /home/ak/projects/nyc-taxi-etl/venv/lib/python3.11/site-packages/airflow/example_dags/example_sensor_decorator.py
[2025-09-21T16:27:07.343+0330] {processor.py:914} INFO - Processing file /home/ak/projects/nyc-taxi-etl/venv/lib/python3.11/site-packages/airflow/example_dags/example_sensor_decorator.py for tasks to queue
[2025-09-21T16:27:07.347+0330] {logging_mixin.py:190} INFO - [2025-09-21T16:27:07.346+0330] {dagbag.py:588} INFO - Filling up the DagBag from /home/ak/projects/nyc-taxi-etl/venv/lib/python3.11/site-packages/airflow/example_dags/example_sensor_decorator.py
[2025-09-21T16:27:07.366+0330] {processor.py:925} INFO - DAG(s) 'example_sensor_decorator' retrieved from /home/ak/projects/nyc-taxi-etl/venv/lib/python3.11/site-packages/airflow/example_dags/example_sensor_decorator.py
[2025-09-21T16:27:07.699+0330] {logging_mixin.py:190} INFO - [2025-09-21T16:27:07.698+0330] {override.py:1930} INFO - Created Permission View: can edit on DAG:example_sensor_decorator
[2025-09-21T16:27:07.719+0330] {logging_mixin.py:190} INFO - [2025-09-21T16:27:07.718+0330] {override.py:1930} INFO - Created Permission View: can read on DAG:example_sensor_decorator
[2025-09-21T16:27:07.740+0330] {logging_mixin.py:190} INFO - [2025-09-21T16:27:07.739+0330] {override.py:1930} INFO - Created Permission View: can delete on DAG:example_sensor_decorator
[2025-09-21T16:27:07.773+0330] {logging_mixin.py:190} INFO - [2025-09-21T16:27:07.772+0330] {override.py:1930} INFO - Created Permission View: menu access on DAG Run:example_sensor_decorator
[2025-09-21T16:27:07.789+0330] {logging_mixin.py:190} INFO - [2025-09-21T16:27:07.789+0330] {override.py:1930} INFO - Created Permission View: can create on DAG Run:example_sensor_decorator
[2025-09-21T16:27:07.834+0330] {logging_mixin.py:190} INFO - [2025-09-21T16:27:07.833+0330] {override.py:1930} INFO - Created Permission View: can read on DAG Run:example_sensor_decorator
[2025-09-21T16:27:07.879+0330] {logging_mixin.py:190} INFO - [2025-09-21T16:27:07.878+0330] {override.py:1930} INFO - Created Permission View: can delete on DAG Run:example_sensor_decorator
[2025-09-21T16:27:07.880+0330] {logging_mixin.py:190} INFO - [2025-09-21T16:27:07.879+0330] {dag.py:3239} INFO - Sync 1 DAGs
[2025-09-21T16:27:07.939+0330] {logging_mixin.py:190} INFO - [2025-09-21T16:27:07.939+0330] {dag.py:3262} INFO - Creating ORM DAG for example_sensor_decorator
[2025-09-21T16:27:07.950+0330] {logging_mixin.py:190} INFO - [2025-09-21T16:27:07.949+0330] {dag.py:4180} INFO - Setting next_dagrun for example_sensor_decorator to None, run_after=None
[2025-09-21T16:27:08.025+0330] {processor.py:208} INFO - Processing /home/ak/projects/nyc-taxi-etl/venv/lib/python3.11/site-packages/airflow/example_dags/example_sensor_decorator.py took 0.694 seconds
[2025-09-21T16:28:22.325+0330] {processor.py:186} INFO - Started process (PID=33303) to work on /home/ak/projects/nyc-taxi-etl/venv/lib/python3.11/site-packages/airflow/example_dags/example_sensor_decorator.py
[2025-09-21T16:28:22.327+0330] {processor.py:914} INFO - Processing file /home/ak/projects/nyc-taxi-etl/venv/lib/python3.11/site-packages/airflow/example_dags/example_sensor_decorator.py for tasks to queue
[2025-09-21T16:28:22.330+0330] {logging_mixin.py:190} INFO - [2025-09-21T16:28:22.329+0330] {dagbag.py:588} INFO - Filling up the DagBag from /home/ak/projects/nyc-taxi-etl/venv/lib/python3.11/site-packages/airflow/example_dags/example_sensor_decorator.py
[2025-09-21T16:28:22.349+0330] {processor.py:925} INFO - DAG(s) 'example_sensor_decorator' retrieved from /home/ak/projects/nyc-taxi-etl/venv/lib/python3.11/site-packages/airflow/example_dags/example_sensor_decorator.py
[2025-09-21T16:28:22.377+0330] {logging_mixin.py:190} INFO - [2025-09-21T16:28:22.377+0330] {dag.py:3239} INFO - Sync 1 DAGs
[2025-09-21T16:28:22.398+0330] {logging_mixin.py:190} INFO - [2025-09-21T16:28:22.397+0330] {dag.py:4180} INFO - Setting next_dagrun for example_sensor_decorator to None, run_after=None
[2025-09-21T16:28:22.440+0330] {processor.py:208} INFO - Processing /home/ak/projects/nyc-taxi-etl/venv/lib/python3.11/site-packages/airflow/example_dags/example_sensor_decorator.py took 0.123 seconds
