[2025-09-21T16:27:14.875+0330] {processor.py:186} INFO - Started process (PID=30956) to work on /home/ak/projects/nyc-taxi-etl/venv/lib/python3.11/site-packages/airflow/example_dags/example_external_task_marker_dag.py
[2025-09-21T16:27:14.876+0330] {processor.py:914} INFO - Processing file /home/ak/projects/nyc-taxi-etl/venv/lib/python3.11/site-packages/airflow/example_dags/example_external_task_marker_dag.py for tasks to queue
[2025-09-21T16:27:14.879+0330] {logging_mixin.py:190} INFO - [2025-09-21T16:27:14.878+0330] {dagbag.py:588} INFO - Filling up the DagBag from /home/ak/projects/nyc-taxi-etl/venv/lib/python3.11/site-packages/airflow/example_dags/example_external_task_marker_dag.py
[2025-09-21T16:27:14.891+0330] {processor.py:925} INFO - DAG(s) 'example_external_task_marker_parent', 'example_external_task_marker_child' retrieved from /home/ak/projects/nyc-taxi-etl/venv/lib/python3.11/site-packages/airflow/example_dags/example_external_task_marker_dag.py
[2025-09-21T16:27:15.043+0330] {logging_mixin.py:190} INFO - [2025-09-21T16:27:15.042+0330] {override.py:1930} INFO - Created Permission View: can edit on DAG:example_external_task_marker_parent
[2025-09-21T16:27:15.079+0330] {logging_mixin.py:190} INFO - [2025-09-21T16:27:15.078+0330] {override.py:1930} INFO - Created Permission View: can read on DAG:example_external_task_marker_parent
[2025-09-21T16:27:15.105+0330] {logging_mixin.py:190} INFO - [2025-09-21T16:27:15.104+0330] {override.py:1930} INFO - Created Permission View: can delete on DAG:example_external_task_marker_parent
[2025-09-21T16:27:15.130+0330] {logging_mixin.py:190} INFO - [2025-09-21T16:27:15.130+0330] {override.py:1930} INFO - Created Permission View: menu access on DAG Run:example_external_task_marker_parent
[2025-09-21T16:27:15.147+0330] {logging_mixin.py:190} INFO - [2025-09-21T16:27:15.146+0330] {override.py:1930} INFO - Created Permission View: can create on DAG Run:example_external_task_marker_parent
[2025-09-21T16:27:15.162+0330] {logging_mixin.py:190} INFO - [2025-09-21T16:27:15.162+0330] {override.py:1930} INFO - Created Permission View: can read on DAG Run:example_external_task_marker_parent
[2025-09-21T16:27:15.182+0330] {logging_mixin.py:190} INFO - [2025-09-21T16:27:15.182+0330] {override.py:1930} INFO - Created Permission View: can delete on DAG Run:example_external_task_marker_parent
[2025-09-21T16:27:15.238+0330] {logging_mixin.py:190} INFO - [2025-09-21T16:27:15.237+0330] {override.py:1930} INFO - Created Permission View: can edit on DAG:example_external_task_marker_child
[2025-09-21T16:27:15.254+0330] {logging_mixin.py:190} INFO - [2025-09-21T16:27:15.253+0330] {override.py:1930} INFO - Created Permission View: can read on DAG:example_external_task_marker_child
[2025-09-21T16:27:15.274+0330] {logging_mixin.py:190} INFO - [2025-09-21T16:27:15.274+0330] {override.py:1930} INFO - Created Permission View: can delete on DAG:example_external_task_marker_child
[2025-09-21T16:27:15.306+0330] {logging_mixin.py:190} INFO - [2025-09-21T16:27:15.305+0330] {override.py:1930} INFO - Created Permission View: menu access on DAG Run:example_external_task_marker_child
[2025-09-21T16:27:15.326+0330] {logging_mixin.py:190} INFO - [2025-09-21T16:27:15.326+0330] {override.py:1930} INFO - Created Permission View: can create on DAG Run:example_external_task_marker_child
[2025-09-21T16:27:15.345+0330] {logging_mixin.py:190} INFO - [2025-09-21T16:27:15.344+0330] {override.py:1930} INFO - Created Permission View: can read on DAG Run:example_external_task_marker_child
[2025-09-21T16:27:15.363+0330] {logging_mixin.py:190} INFO - [2025-09-21T16:27:15.362+0330] {override.py:1930} INFO - Created Permission View: can delete on DAG Run:example_external_task_marker_child
[2025-09-21T16:27:15.364+0330] {logging_mixin.py:190} INFO - [2025-09-21T16:27:15.363+0330] {dag.py:3239} INFO - Sync 2 DAGs
[2025-09-21T16:27:15.385+0330] {logging_mixin.py:190} INFO - [2025-09-21T16:27:15.384+0330] {dag.py:3262} INFO - Creating ORM DAG for example_external_task_marker_child
[2025-09-21T16:27:15.386+0330] {logging_mixin.py:190} INFO - [2025-09-21T16:27:15.385+0330] {dag.py:3262} INFO - Creating ORM DAG for example_external_task_marker_parent
[2025-09-21T16:27:15.387+0330] {logging_mixin.py:190} INFO - [2025-09-21T16:27:15.386+0330] {dag.py:4180} INFO - Setting next_dagrun for example_external_task_marker_child to None, run_after=None
[2025-09-21T16:27:15.388+0330] {logging_mixin.py:190} INFO - [2025-09-21T16:27:15.387+0330] {dag.py:4180} INFO - Setting next_dagrun for example_external_task_marker_parent to None, run_after=None
[2025-09-21T16:27:15.420+0330] {processor.py:208} INFO - Processing /home/ak/projects/nyc-taxi-etl/venv/lib/python3.11/site-packages/airflow/example_dags/example_external_task_marker_dag.py took 0.554 seconds
[2025-09-21T16:28:28.880+0330] {processor.py:186} INFO - Started process (PID=33544) to work on /home/ak/projects/nyc-taxi-etl/venv/lib/python3.11/site-packages/airflow/example_dags/example_external_task_marker_dag.py
[2025-09-21T16:28:28.882+0330] {processor.py:914} INFO - Processing file /home/ak/projects/nyc-taxi-etl/venv/lib/python3.11/site-packages/airflow/example_dags/example_external_task_marker_dag.py for tasks to queue
[2025-09-21T16:28:28.885+0330] {logging_mixin.py:190} INFO - [2025-09-21T16:28:28.884+0330] {dagbag.py:588} INFO - Filling up the DagBag from /home/ak/projects/nyc-taxi-etl/venv/lib/python3.11/site-packages/airflow/example_dags/example_external_task_marker_dag.py
[2025-09-21T16:28:28.905+0330] {processor.py:925} INFO - DAG(s) 'example_external_task_marker_child', 'example_external_task_marker_parent' retrieved from /home/ak/projects/nyc-taxi-etl/venv/lib/python3.11/site-packages/airflow/example_dags/example_external_task_marker_dag.py
[2025-09-21T16:28:28.947+0330] {logging_mixin.py:190} INFO - [2025-09-21T16:28:28.946+0330] {dag.py:3239} INFO - Sync 2 DAGs
[2025-09-21T16:28:28.972+0330] {logging_mixin.py:190} INFO - [2025-09-21T16:28:28.971+0330] {dag.py:4180} INFO - Setting next_dagrun for example_external_task_marker_child to None, run_after=None
[2025-09-21T16:28:28.978+0330] {logging_mixin.py:190} INFO - [2025-09-21T16:28:28.978+0330] {dag.py:4180} INFO - Setting next_dagrun for example_external_task_marker_parent to None, run_after=None
[2025-09-21T16:28:29.009+0330] {processor.py:208} INFO - Processing /home/ak/projects/nyc-taxi-etl/venv/lib/python3.11/site-packages/airflow/example_dags/example_external_task_marker_dag.py took 0.139 seconds
