[2025-09-21T16:27:22.429+0330] {processor.py:186} INFO - Started process (PID=31185) to work on /home/ak/projects/nyc-taxi-etl/venv/lib/python3.11/site-packages/airflow/example_dags/example_sla_dag.py
[2025-09-21T16:27:22.431+0330] {processor.py:914} INFO - Processing file /home/ak/projects/nyc-taxi-etl/venv/lib/python3.11/site-packages/airflow/example_dags/example_sla_dag.py for tasks to queue
[2025-09-21T16:27:22.435+0330] {logging_mixin.py:190} INFO - [2025-09-21T16:27:22.434+0330] {dagbag.py:588} INFO - Filling up the DagBag from /home/ak/projects/nyc-taxi-etl/venv/lib/python3.11/site-packages/airflow/example_dags/example_sla_dag.py
[2025-09-21T16:27:22.453+0330] {processor.py:925} INFO - DAG(s) 'example_sla_dag' retrieved from /home/ak/projects/nyc-taxi-etl/venv/lib/python3.11/site-packages/airflow/example_dags/example_sla_dag.py
[2025-09-21T16:27:22.620+0330] {logging_mixin.py:190} INFO - [2025-09-21T16:27:22.619+0330] {override.py:1930} INFO - Created Permission View: can edit on DAG:example_sla_dag
[2025-09-21T16:27:22.640+0330] {logging_mixin.py:190} INFO - [2025-09-21T16:27:22.639+0330] {override.py:1930} INFO - Created Permission View: can read on DAG:example_sla_dag
[2025-09-21T16:27:22.654+0330] {logging_mixin.py:190} INFO - [2025-09-21T16:27:22.653+0330] {override.py:1930} INFO - Created Permission View: can delete on DAG:example_sla_dag
[2025-09-21T16:27:22.685+0330] {logging_mixin.py:190} INFO - [2025-09-21T16:27:22.684+0330] {override.py:1930} INFO - Created Permission View: menu access on DAG Run:example_sla_dag
[2025-09-21T16:27:22.705+0330] {logging_mixin.py:190} INFO - [2025-09-21T16:27:22.705+0330] {override.py:1930} INFO - Created Permission View: can create on DAG Run:example_sla_dag
[2025-09-21T16:27:22.728+0330] {logging_mixin.py:190} INFO - [2025-09-21T16:27:22.727+0330] {override.py:1930} INFO - Created Permission View: can read on DAG Run:example_sla_dag
[2025-09-21T16:27:22.742+0330] {logging_mixin.py:190} INFO - [2025-09-21T16:27:22.741+0330] {override.py:1930} INFO - Created Permission View: can delete on DAG Run:example_sla_dag
[2025-09-21T16:27:22.742+0330] {logging_mixin.py:190} INFO - [2025-09-21T16:27:22.742+0330] {dag.py:3239} INFO - Sync 1 DAGs
[2025-09-21T16:27:22.755+0330] {logging_mixin.py:190} INFO - [2025-09-21T16:27:22.755+0330] {dag.py:3262} INFO - Creating ORM DAG for example_sla_dag
[2025-09-21T16:27:22.768+0330] {logging_mixin.py:190} INFO - [2025-09-21T16:27:22.768+0330] {dag.py:4180} INFO - Setting next_dagrun for example_sla_dag to 2025-09-21 12:54:00+00:00, run_after=2025-09-21 12:56:00+00:00
[2025-09-21T16:27:22.795+0330] {processor.py:208} INFO - Processing /home/ak/projects/nyc-taxi-etl/venv/lib/python3.11/site-packages/airflow/example_dags/example_sla_dag.py took 0.378 seconds
[2025-09-21T16:28:33.366+0330] {processor.py:186} INFO - Started process (PID=33987) to work on /home/ak/projects/nyc-taxi-etl/venv/lib/python3.11/site-packages/airflow/example_dags/example_sla_dag.py
[2025-09-21T16:28:33.367+0330] {processor.py:914} INFO - Processing file /home/ak/projects/nyc-taxi-etl/venv/lib/python3.11/site-packages/airflow/example_dags/example_sla_dag.py for tasks to queue
[2025-09-21T16:28:33.370+0330] {logging_mixin.py:190} INFO - [2025-09-21T16:28:33.370+0330] {dagbag.py:588} INFO - Filling up the DagBag from /home/ak/projects/nyc-taxi-etl/venv/lib/python3.11/site-packages/airflow/example_dags/example_sla_dag.py
[2025-09-21T16:28:33.384+0330] {processor.py:925} INFO - DAG(s) 'example_sla_dag' retrieved from /home/ak/projects/nyc-taxi-etl/venv/lib/python3.11/site-packages/airflow/example_dags/example_sla_dag.py
[2025-09-21T16:28:33.402+0330] {logging_mixin.py:190} INFO - [2025-09-21T16:28:33.402+0330] {dag.py:3239} INFO - Sync 1 DAGs
[2025-09-21T16:28:33.436+0330] {logging_mixin.py:190} INFO - [2025-09-21T16:28:33.436+0330] {dag.py:4180} INFO - Setting next_dagrun for example_sla_dag to 2025-09-21 12:56:00+00:00, run_after=2025-09-21 12:58:00+00:00
[2025-09-21T16:28:33.470+0330] {processor.py:208} INFO - Processing /home/ak/projects/nyc-taxi-etl/venv/lib/python3.11/site-packages/airflow/example_dags/example_sla_dag.py took 0.112 seconds
