[2025-09-21T16:26:48.189+0330] {processor.py:186} INFO - Started process (PID=30259) to work on /home/ak/projects/nyc-taxi-etl/venv/lib/python3.11/site-packages/airflow/example_dags/example_workday_timetable.py
[2025-09-21T16:26:48.191+0330] {processor.py:914} INFO - Processing file /home/ak/projects/nyc-taxi-etl/venv/lib/python3.11/site-packages/airflow/example_dags/example_workday_timetable.py for tasks to queue
[2025-09-21T16:26:48.196+0330] {logging_mixin.py:190} INFO - [2025-09-21T16:26:48.195+0330] {dagbag.py:588} INFO - Filling up the DagBag from /home/ak/projects/nyc-taxi-etl/venv/lib/python3.11/site-packages/airflow/example_dags/example_workday_timetable.py
[2025-09-21T16:26:48.247+0330] {processor.py:925} INFO - DAG(s) 'example_workday_timetable' retrieved from /home/ak/projects/nyc-taxi-etl/venv/lib/python3.11/site-packages/airflow/example_dags/example_workday_timetable.py
[2025-09-21T16:26:48.697+0330] {logging_mixin.py:190} INFO - [2025-09-21T16:26:48.695+0330] {override.py:1930} INFO - Created Permission View: can edit on DAG:example_workday_timetable
[2025-09-21T16:26:48.773+0330] {logging_mixin.py:190} INFO - [2025-09-21T16:26:48.773+0330] {override.py:1930} INFO - Created Permission View: can read on DAG:example_workday_timetable
[2025-09-21T16:26:48.856+0330] {logging_mixin.py:190} INFO - [2025-09-21T16:26:48.855+0330] {override.py:1930} INFO - Created Permission View: can delete on DAG:example_workday_timetable
[2025-09-21T16:26:48.920+0330] {logging_mixin.py:190} INFO - [2025-09-21T16:26:48.920+0330] {override.py:1930} INFO - Created Permission View: menu access on DAG Run:example_workday_timetable
[2025-09-21T16:26:48.999+0330] {logging_mixin.py:190} INFO - [2025-09-21T16:26:48.996+0330] {override.py:1930} INFO - Created Permission View: can create on DAG Run:example_workday_timetable
[2025-09-21T16:26:49.051+0330] {logging_mixin.py:190} INFO - [2025-09-21T16:26:49.049+0330] {override.py:1930} INFO - Created Permission View: can read on DAG Run:example_workday_timetable
[2025-09-21T16:26:49.407+0330] {logging_mixin.py:190} INFO - [2025-09-21T16:26:49.406+0330] {override.py:1930} INFO - Created Permission View: can delete on DAG Run:example_workday_timetable
[2025-09-21T16:26:49.408+0330] {logging_mixin.py:190} INFO - [2025-09-21T16:26:49.407+0330] {dag.py:3239} INFO - Sync 1 DAGs
[2025-09-21T16:26:49.440+0330] {logging_mixin.py:190} INFO - [2025-09-21T16:26:49.439+0330] {dag.py:3262} INFO - Creating ORM DAG for example_workday_timetable
[2025-09-21T16:26:49.463+0330] {logging_mixin.py:190} INFO - [2025-09-21T16:26:49.462+0330] {dag.py:4180} INFO - Setting next_dagrun for example_workday_timetable to 2021-01-01 00:00:00+00:00, run_after=2021-01-02 00:00:00+00:00
[2025-09-21T16:26:49.507+0330] {processor.py:208} INFO - Processing /home/ak/projects/nyc-taxi-etl/venv/lib/python3.11/site-packages/airflow/example_dags/example_workday_timetable.py took 1.337 seconds
[2025-09-21T16:28:12.245+0330] {processor.py:186} INFO - Started process (PID=32905) to work on /home/ak/projects/nyc-taxi-etl/venv/lib/python3.11/site-packages/airflow/example_dags/example_workday_timetable.py
[2025-09-21T16:28:12.247+0330] {processor.py:914} INFO - Processing file /home/ak/projects/nyc-taxi-etl/venv/lib/python3.11/site-packages/airflow/example_dags/example_workday_timetable.py for tasks to queue
[2025-09-21T16:28:12.250+0330] {logging_mixin.py:190} INFO - [2025-09-21T16:28:12.250+0330] {dagbag.py:588} INFO - Filling up the DagBag from /home/ak/projects/nyc-taxi-etl/venv/lib/python3.11/site-packages/airflow/example_dags/example_workday_timetable.py
[2025-09-21T16:28:12.261+0330] {processor.py:925} INFO - DAG(s) 'example_workday_timetable' retrieved from /home/ak/projects/nyc-taxi-etl/venv/lib/python3.11/site-packages/airflow/example_dags/example_workday_timetable.py
[2025-09-21T16:28:12.286+0330] {logging_mixin.py:190} INFO - [2025-09-21T16:28:12.286+0330] {dag.py:3239} INFO - Sync 1 DAGs
[2025-09-21T16:28:12.325+0330] {logging_mixin.py:190} INFO - [2025-09-21T16:28:12.325+0330] {dag.py:4180} INFO - Setting next_dagrun for example_workday_timetable to 2021-01-01 00:00:00+00:00, run_after=2021-01-02 00:00:00+00:00
[2025-09-21T16:28:12.358+0330] {processor.py:208} INFO - Processing /home/ak/projects/nyc-taxi-etl/venv/lib/python3.11/site-packages/airflow/example_dags/example_workday_timetable.py took 0.122 seconds
