[2025-09-21T16:27:17.988+0330] {processor.py:186} INFO - Started process (PID=31033) to work on /home/ak/projects/nyc-taxi-etl/venv/lib/python3.11/site-packages/airflow/example_dags/example_skip_dag.py
[2025-09-21T16:27:17.989+0330] {processor.py:914} INFO - Processing file /home/ak/projects/nyc-taxi-etl/venv/lib/python3.11/site-packages/airflow/example_dags/example_skip_dag.py for tasks to queue
[2025-09-21T16:27:17.992+0330] {logging_mixin.py:190} INFO - [2025-09-21T16:27:17.991+0330] {dagbag.py:588} INFO - Filling up the DagBag from /home/ak/projects/nyc-taxi-etl/venv/lib/python3.11/site-packages/airflow/example_dags/example_skip_dag.py
[2025-09-21T16:27:18.004+0330] {processor.py:925} INFO - DAG(s) 'example_skip_dag' retrieved from /home/ak/projects/nyc-taxi-etl/venv/lib/python3.11/site-packages/airflow/example_dags/example_skip_dag.py
[2025-09-21T16:27:18.150+0330] {logging_mixin.py:190} INFO - [2025-09-21T16:27:18.149+0330] {override.py:1930} INFO - Created Permission View: can edit on DAG:example_skip_dag
[2025-09-21T16:27:18.168+0330] {logging_mixin.py:190} INFO - [2025-09-21T16:27:18.168+0330] {override.py:1930} INFO - Created Permission View: can read on DAG:example_skip_dag
[2025-09-21T16:27:18.188+0330] {logging_mixin.py:190} INFO - [2025-09-21T16:27:18.187+0330] {override.py:1930} INFO - Created Permission View: can delete on DAG:example_skip_dag
[2025-09-21T16:27:18.217+0330] {logging_mixin.py:190} INFO - [2025-09-21T16:27:18.217+0330] {override.py:1930} INFO - Created Permission View: menu access on DAG Run:example_skip_dag
[2025-09-21T16:27:18.240+0330] {logging_mixin.py:190} INFO - [2025-09-21T16:27:18.239+0330] {override.py:1930} INFO - Created Permission View: can create on DAG Run:example_skip_dag
[2025-09-21T16:27:18.256+0330] {logging_mixin.py:190} INFO - [2025-09-21T16:27:18.256+0330] {override.py:1930} INFO - Created Permission View: can read on DAG Run:example_skip_dag
[2025-09-21T16:27:18.277+0330] {logging_mixin.py:190} INFO - [2025-09-21T16:27:18.277+0330] {override.py:1930} INFO - Created Permission View: can delete on DAG Run:example_skip_dag
[2025-09-21T16:27:18.278+0330] {logging_mixin.py:190} INFO - [2025-09-21T16:27:18.277+0330] {dag.py:3239} INFO - Sync 1 DAGs
[2025-09-21T16:27:18.291+0330] {logging_mixin.py:190} INFO - [2025-09-21T16:27:18.290+0330] {dag.py:3262} INFO - Creating ORM DAG for example_skip_dag
[2025-09-21T16:27:18.300+0330] {logging_mixin.py:190} INFO - [2025-09-21T16:27:18.300+0330] {dag.py:4180} INFO - Setting next_dagrun for example_skip_dag to 2025-09-20 00:00:00+00:00, run_after=2025-09-21 00:00:00+00:00
[2025-09-21T16:27:18.338+0330] {processor.py:208} INFO - Processing /home/ak/projects/nyc-taxi-etl/venv/lib/python3.11/site-packages/airflow/example_dags/example_skip_dag.py took 0.358 seconds
[2025-09-21T16:28:29.618+0330] {processor.py:186} INFO - Started process (PID=33575) to work on /home/ak/projects/nyc-taxi-etl/venv/lib/python3.11/site-packages/airflow/example_dags/example_skip_dag.py
[2025-09-21T16:28:29.620+0330] {processor.py:914} INFO - Processing file /home/ak/projects/nyc-taxi-etl/venv/lib/python3.11/site-packages/airflow/example_dags/example_skip_dag.py for tasks to queue
[2025-09-21T16:28:29.625+0330] {logging_mixin.py:190} INFO - [2025-09-21T16:28:29.624+0330] {dagbag.py:588} INFO - Filling up the DagBag from /home/ak/projects/nyc-taxi-etl/venv/lib/python3.11/site-packages/airflow/example_dags/example_skip_dag.py
[2025-09-21T16:28:29.644+0330] {processor.py:925} INFO - DAG(s) 'example_skip_dag' retrieved from /home/ak/projects/nyc-taxi-etl/venv/lib/python3.11/site-packages/airflow/example_dags/example_skip_dag.py
[2025-09-21T16:28:29.677+0330] {logging_mixin.py:190} INFO - [2025-09-21T16:28:29.676+0330] {dag.py:3239} INFO - Sync 1 DAGs
[2025-09-21T16:28:29.720+0330] {logging_mixin.py:190} INFO - [2025-09-21T16:28:29.719+0330] {dag.py:4180} INFO - Setting next_dagrun for example_skip_dag to 2025-09-20 00:00:00+00:00, run_after=2025-09-21 00:00:00+00:00
[2025-09-21T16:28:29.764+0330] {processor.py:208} INFO - Processing /home/ak/projects/nyc-taxi-etl/venv/lib/python3.11/site-packages/airflow/example_dags/example_skip_dag.py took 0.159 seconds
