[2025-09-21T16:27:13.522+0330] {processor.py:186} INFO - Started process (PID=30921) to work on /home/ak/projects/nyc-taxi-etl/venv/lib/python3.11/site-packages/airflow/example_dags/example_latest_only.py
[2025-09-21T16:27:13.523+0330] {processor.py:914} INFO - Processing file /home/ak/projects/nyc-taxi-etl/venv/lib/python3.11/site-packages/airflow/example_dags/example_latest_only.py for tasks to queue
[2025-09-21T16:27:13.526+0330] {logging_mixin.py:190} INFO - [2025-09-21T16:27:13.525+0330] {dagbag.py:588} INFO - Filling up the DagBag from /home/ak/projects/nyc-taxi-etl/venv/lib/python3.11/site-packages/airflow/example_dags/example_latest_only.py
[2025-09-21T16:27:13.538+0330] {processor.py:925} INFO - DAG(s) 'latest_only' retrieved from /home/ak/projects/nyc-taxi-etl/venv/lib/python3.11/site-packages/airflow/example_dags/example_latest_only.py
[2025-09-21T16:27:13.732+0330] {logging_mixin.py:190} INFO - [2025-09-21T16:27:13.731+0330] {override.py:1930} INFO - Created Permission View: can edit on DAG:latest_only
[2025-09-21T16:27:13.754+0330] {logging_mixin.py:190} INFO - [2025-09-21T16:27:13.754+0330] {override.py:1930} INFO - Created Permission View: can read on DAG:latest_only
[2025-09-21T16:27:13.771+0330] {logging_mixin.py:190} INFO - [2025-09-21T16:27:13.770+0330] {override.py:1930} INFO - Created Permission View: can delete on DAG:latest_only
[2025-09-21T16:27:13.798+0330] {logging_mixin.py:190} INFO - [2025-09-21T16:27:13.798+0330] {override.py:1930} INFO - Created Permission View: menu access on DAG Run:latest_only
[2025-09-21T16:27:13.820+0330] {logging_mixin.py:190} INFO - [2025-09-21T16:27:13.819+0330] {override.py:1930} INFO - Created Permission View: can create on DAG Run:latest_only
[2025-09-21T16:27:13.843+0330] {logging_mixin.py:190} INFO - [2025-09-21T16:27:13.842+0330] {override.py:1930} INFO - Created Permission View: can read on DAG Run:latest_only
[2025-09-21T16:27:13.856+0330] {logging_mixin.py:190} INFO - [2025-09-21T16:27:13.856+0330] {override.py:1930} INFO - Created Permission View: can delete on DAG Run:latest_only
[2025-09-21T16:27:13.857+0330] {logging_mixin.py:190} INFO - [2025-09-21T16:27:13.857+0330] {dag.py:3239} INFO - Sync 1 DAGs
[2025-09-21T16:27:13.874+0330] {logging_mixin.py:190} INFO - [2025-09-21T16:27:13.873+0330] {dag.py:3262} INFO - Creating ORM DAG for latest_only
[2025-09-21T16:27:13.884+0330] {logging_mixin.py:190} INFO - [2025-09-21T16:27:13.884+0330] {dag.py:4180} INFO - Setting next_dagrun for latest_only to 2025-09-21 08:00:00+00:00, run_after=2025-09-21 12:00:00+00:00
[2025-09-21T16:27:13.911+0330] {processor.py:208} INFO - Processing /home/ak/projects/nyc-taxi-etl/venv/lib/python3.11/site-packages/airflow/example_dags/example_latest_only.py took 0.397 seconds
[2025-09-21T16:28:27.078+0330] {processor.py:186} INFO - Started process (PID=33496) to work on /home/ak/projects/nyc-taxi-etl/venv/lib/python3.11/site-packages/airflow/example_dags/example_latest_only.py
[2025-09-21T16:28:27.080+0330] {processor.py:914} INFO - Processing file /home/ak/projects/nyc-taxi-etl/venv/lib/python3.11/site-packages/airflow/example_dags/example_latest_only.py for tasks to queue
[2025-09-21T16:28:27.082+0330] {logging_mixin.py:190} INFO - [2025-09-21T16:28:27.082+0330] {dagbag.py:588} INFO - Filling up the DagBag from /home/ak/projects/nyc-taxi-etl/venv/lib/python3.11/site-packages/airflow/example_dags/example_latest_only.py
[2025-09-21T16:28:27.092+0330] {processor.py:925} INFO - DAG(s) 'latest_only' retrieved from /home/ak/projects/nyc-taxi-etl/venv/lib/python3.11/site-packages/airflow/example_dags/example_latest_only.py
[2025-09-21T16:28:27.117+0330] {logging_mixin.py:190} INFO - [2025-09-21T16:28:27.117+0330] {dag.py:3239} INFO - Sync 1 DAGs
[2025-09-21T16:28:27.142+0330] {logging_mixin.py:190} INFO - [2025-09-21T16:28:27.142+0330] {dag.py:4180} INFO - Setting next_dagrun for latest_only to 2025-09-21 08:00:00+00:00, run_after=2025-09-21 12:00:00+00:00
[2025-09-21T16:28:27.176+0330] {processor.py:208} INFO - Processing /home/ak/projects/nyc-taxi-etl/venv/lib/python3.11/site-packages/airflow/example_dags/example_latest_only.py took 0.109 seconds
