[2025-09-21T16:27:28.877+0330] {processor.py:186} INFO - Started process (PID=31502) to work on /home/ak/projects/nyc-taxi-etl/venv/lib/python3.11/site-packages/airflow/example_dags/example_inlet_event_extra.py
[2025-09-21T16:27:28.878+0330] {processor.py:914} INFO - Processing file /home/ak/projects/nyc-taxi-etl/venv/lib/python3.11/site-packages/airflow/example_dags/example_inlet_event_extra.py for tasks to queue
[2025-09-21T16:27:28.881+0330] {logging_mixin.py:190} INFO - [2025-09-21T16:27:28.881+0330] {dagbag.py:588} INFO - Filling up the DagBag from /home/ak/projects/nyc-taxi-etl/venv/lib/python3.11/site-packages/airflow/example_dags/example_inlet_event_extra.py
[2025-09-21T16:27:28.904+0330] {processor.py:925} INFO - DAG(s) 'read_dataset_event', 'read_dataset_event_from_classic' retrieved from /home/ak/projects/nyc-taxi-etl/venv/lib/python3.11/site-packages/airflow/example_dags/example_inlet_event_extra.py
[2025-09-21T16:27:29.047+0330] {logging_mixin.py:190} INFO - [2025-09-21T16:27:29.046+0330] {override.py:1930} INFO - Created Permission View: can edit on DAG:read_dataset_event
[2025-09-21T16:27:29.066+0330] {logging_mixin.py:190} INFO - [2025-09-21T16:27:29.066+0330] {override.py:1930} INFO - Created Permission View: can read on DAG:read_dataset_event
[2025-09-21T16:27:29.082+0330] {logging_mixin.py:190} INFO - [2025-09-21T16:27:29.081+0330] {override.py:1930} INFO - Created Permission View: can delete on DAG:read_dataset_event
[2025-09-21T16:27:29.109+0330] {logging_mixin.py:190} INFO - [2025-09-21T16:27:29.108+0330] {override.py:1930} INFO - Created Permission View: menu access on DAG Run:read_dataset_event
[2025-09-21T16:27:29.131+0330] {logging_mixin.py:190} INFO - [2025-09-21T16:27:29.130+0330] {override.py:1930} INFO - Created Permission View: can create on DAG Run:read_dataset_event
[2025-09-21T16:27:29.145+0330] {logging_mixin.py:190} INFO - [2025-09-21T16:27:29.145+0330] {override.py:1930} INFO - Created Permission View: can read on DAG Run:read_dataset_event
[2025-09-21T16:27:29.162+0330] {logging_mixin.py:190} INFO - [2025-09-21T16:27:29.161+0330] {override.py:1930} INFO - Created Permission View: can delete on DAG Run:read_dataset_event
[2025-09-21T16:27:29.202+0330] {logging_mixin.py:190} INFO - [2025-09-21T16:27:29.201+0330] {override.py:1930} INFO - Created Permission View: can edit on DAG:read_dataset_event_from_classic
[2025-09-21T16:27:29.222+0330] {logging_mixin.py:190} INFO - [2025-09-21T16:27:29.221+0330] {override.py:1930} INFO - Created Permission View: can read on DAG:read_dataset_event_from_classic
[2025-09-21T16:27:29.238+0330] {logging_mixin.py:190} INFO - [2025-09-21T16:27:29.237+0330] {override.py:1930} INFO - Created Permission View: can delete on DAG:read_dataset_event_from_classic
[2025-09-21T16:27:29.286+0330] {logging_mixin.py:190} INFO - [2025-09-21T16:27:29.286+0330] {override.py:1930} INFO - Created Permission View: menu access on DAG Run:read_dataset_event_from_classic
[2025-09-21T16:27:29.320+0330] {logging_mixin.py:190} INFO - [2025-09-21T16:27:29.320+0330] {override.py:1930} INFO - Created Permission View: can create on DAG Run:read_dataset_event_from_classic
[2025-09-21T16:27:29.340+0330] {logging_mixin.py:190} INFO - [2025-09-21T16:27:29.339+0330] {override.py:1930} INFO - Created Permission View: can read on DAG Run:read_dataset_event_from_classic
[2025-09-21T16:27:29.361+0330] {logging_mixin.py:190} INFO - [2025-09-21T16:27:29.360+0330] {override.py:1930} INFO - Created Permission View: can delete on DAG Run:read_dataset_event_from_classic
[2025-09-21T16:27:29.361+0330] {logging_mixin.py:190} INFO - [2025-09-21T16:27:29.361+0330] {dag.py:3239} INFO - Sync 2 DAGs
[2025-09-21T16:27:29.376+0330] {logging_mixin.py:190} INFO - [2025-09-21T16:27:29.375+0330] {dag.py:3262} INFO - Creating ORM DAG for read_dataset_event_from_classic
[2025-09-21T16:27:29.377+0330] {logging_mixin.py:190} INFO - [2025-09-21T16:27:29.377+0330] {dag.py:3262} INFO - Creating ORM DAG for read_dataset_event
[2025-09-21T16:27:29.393+0330] {logging_mixin.py:190} INFO - [2025-09-21T16:27:29.393+0330] {dag.py:4180} INFO - Setting next_dagrun for read_dataset_event to 2025-09-20 00:00:00+00:00, run_after=2025-09-21 00:00:00+00:00
[2025-09-21T16:27:29.396+0330] {logging_mixin.py:190} INFO - [2025-09-21T16:27:29.395+0330] {dag.py:4180} INFO - Setting next_dagrun for read_dataset_event_from_classic to 2025-09-20 00:00:00+00:00, run_after=2025-09-21 00:00:00+00:00
[2025-09-21T16:27:29.439+0330] {processor.py:208} INFO - Processing /home/ak/projects/nyc-taxi-etl/venv/lib/python3.11/site-packages/airflow/example_dags/example_inlet_event_extra.py took 0.572 seconds
[2025-09-21T16:28:38.474+0330] {processor.py:186} INFO - Started process (PID=34103) to work on /home/ak/projects/nyc-taxi-etl/venv/lib/python3.11/site-packages/airflow/example_dags/example_inlet_event_extra.py
[2025-09-21T16:28:38.475+0330] {processor.py:914} INFO - Processing file /home/ak/projects/nyc-taxi-etl/venv/lib/python3.11/site-packages/airflow/example_dags/example_inlet_event_extra.py for tasks to queue
[2025-09-21T16:28:38.478+0330] {logging_mixin.py:190} INFO - [2025-09-21T16:28:38.478+0330] {dagbag.py:588} INFO - Filling up the DagBag from /home/ak/projects/nyc-taxi-etl/venv/lib/python3.11/site-packages/airflow/example_dags/example_inlet_event_extra.py
[2025-09-21T16:28:38.495+0330] {processor.py:925} INFO - DAG(s) 'read_dataset_event_from_classic', 'read_dataset_event' retrieved from /home/ak/projects/nyc-taxi-etl/venv/lib/python3.11/site-packages/airflow/example_dags/example_inlet_event_extra.py
[2025-09-21T16:28:38.519+0330] {logging_mixin.py:190} INFO - [2025-09-21T16:28:38.518+0330] {dag.py:3239} INFO - Sync 2 DAGs
[2025-09-21T16:28:38.546+0330] {logging_mixin.py:190} INFO - [2025-09-21T16:28:38.546+0330] {dag.py:4180} INFO - Setting next_dagrun for read_dataset_event to 2025-09-20 00:00:00+00:00, run_after=2025-09-21 00:00:00+00:00
[2025-09-21T16:28:38.552+0330] {logging_mixin.py:190} INFO - [2025-09-21T16:28:38.552+0330] {dag.py:4180} INFO - Setting next_dagrun for read_dataset_event_from_classic to 2025-09-20 00:00:00+00:00, run_after=2025-09-21 00:00:00+00:00
[2025-09-21T16:28:38.590+0330] {processor.py:208} INFO - Processing /home/ak/projects/nyc-taxi-etl/venv/lib/python3.11/site-packages/airflow/example_dags/example_inlet_event_extra.py took 0.124 seconds
