[2025-09-21T16:27:24.866+0330] {processor.py:186} INFO - Started process (PID=31231) to work on /home/ak/projects/nyc-taxi-etl/venv/lib/python3.11/site-packages/airflow/example_dags/example_dynamic_task_mapping_with_no_taskflow_operators.py
[2025-09-21T16:27:24.868+0330] {processor.py:914} INFO - Processing file /home/ak/projects/nyc-taxi-etl/venv/lib/python3.11/site-packages/airflow/example_dags/example_dynamic_task_mapping_with_no_taskflow_operators.py for tasks to queue
[2025-09-21T16:27:24.870+0330] {logging_mixin.py:190} INFO - [2025-09-21T16:27:24.870+0330] {dagbag.py:588} INFO - Filling up the DagBag from /home/ak/projects/nyc-taxi-etl/venv/lib/python3.11/site-packages/airflow/example_dags/example_dynamic_task_mapping_with_no_taskflow_operators.py
[2025-09-21T16:27:24.883+0330] {processor.py:925} INFO - DAG(s) 'example_dynamic_task_mapping_with_no_taskflow_operators' retrieved from /home/ak/projects/nyc-taxi-etl/venv/lib/python3.11/site-packages/airflow/example_dags/example_dynamic_task_mapping_with_no_taskflow_operators.py
[2025-09-21T16:27:25.058+0330] {logging_mixin.py:190} INFO - [2025-09-21T16:27:25.057+0330] {override.py:1930} INFO - Created Permission View: can edit on DAG:example_dynamic_task_mapping_with_no_taskflow_operators
[2025-09-21T16:27:25.086+0330] {logging_mixin.py:190} INFO - [2025-09-21T16:27:25.086+0330] {override.py:1930} INFO - Created Permission View: can read on DAG:example_dynamic_task_mapping_with_no_taskflow_operators
[2025-09-21T16:27:25.106+0330] {logging_mixin.py:190} INFO - [2025-09-21T16:27:25.105+0330] {override.py:1930} INFO - Created Permission View: can delete on DAG:example_dynamic_task_mapping_with_no_taskflow_operators
[2025-09-21T16:27:25.155+0330] {logging_mixin.py:190} INFO - [2025-09-21T16:27:25.155+0330] {override.py:1930} INFO - Created Permission View: menu access on DAG Run:example_dynamic_task_mapping_with_no_taskflow_operators
[2025-09-21T16:27:25.179+0330] {logging_mixin.py:190} INFO - [2025-09-21T16:27:25.179+0330] {override.py:1930} INFO - Created Permission View: can create on DAG Run:example_dynamic_task_mapping_with_no_taskflow_operators
[2025-09-21T16:27:25.192+0330] {logging_mixin.py:190} INFO - [2025-09-21T16:27:25.191+0330] {override.py:1930} INFO - Created Permission View: can read on DAG Run:example_dynamic_task_mapping_with_no_taskflow_operators
[2025-09-21T16:27:25.206+0330] {logging_mixin.py:190} INFO - [2025-09-21T16:27:25.206+0330] {override.py:1930} INFO - Created Permission View: can delete on DAG Run:example_dynamic_task_mapping_with_no_taskflow_operators
[2025-09-21T16:27:25.207+0330] {logging_mixin.py:190} INFO - [2025-09-21T16:27:25.206+0330] {dag.py:3239} INFO - Sync 1 DAGs
[2025-09-21T16:27:25.220+0330] {logging_mixin.py:190} INFO - [2025-09-21T16:27:25.220+0330] {dag.py:3262} INFO - Creating ORM DAG for example_dynamic_task_mapping_with_no_taskflow_operators
[2025-09-21T16:27:25.221+0330] {logging_mixin.py:190} INFO - [2025-09-21T16:27:25.221+0330] {dag.py:4180} INFO - Setting next_dagrun for example_dynamic_task_mapping_with_no_taskflow_operators to None, run_after=None
[2025-09-21T16:27:25.248+0330] {processor.py:208} INFO - Processing /home/ak/projects/nyc-taxi-etl/venv/lib/python3.11/site-packages/airflow/example_dags/example_dynamic_task_mapping_with_no_taskflow_operators.py took 0.389 seconds
[2025-09-21T16:28:35.731+0330] {processor.py:186} INFO - Started process (PID=34024) to work on /home/ak/projects/nyc-taxi-etl/venv/lib/python3.11/site-packages/airflow/example_dags/example_dynamic_task_mapping_with_no_taskflow_operators.py
[2025-09-21T16:28:35.733+0330] {processor.py:914} INFO - Processing file /home/ak/projects/nyc-taxi-etl/venv/lib/python3.11/site-packages/airflow/example_dags/example_dynamic_task_mapping_with_no_taskflow_operators.py for tasks to queue
[2025-09-21T16:28:35.736+0330] {logging_mixin.py:190} INFO - [2025-09-21T16:28:35.735+0330] {dagbag.py:588} INFO - Filling up the DagBag from /home/ak/projects/nyc-taxi-etl/venv/lib/python3.11/site-packages/airflow/example_dags/example_dynamic_task_mapping_with_no_taskflow_operators.py
[2025-09-21T16:28:35.750+0330] {processor.py:925} INFO - DAG(s) 'example_dynamic_task_mapping_with_no_taskflow_operators' retrieved from /home/ak/projects/nyc-taxi-etl/venv/lib/python3.11/site-packages/airflow/example_dags/example_dynamic_task_mapping_with_no_taskflow_operators.py
[2025-09-21T16:28:35.770+0330] {logging_mixin.py:190} INFO - [2025-09-21T16:28:35.770+0330] {dag.py:3239} INFO - Sync 1 DAGs
[2025-09-21T16:28:35.785+0330] {logging_mixin.py:190} INFO - [2025-09-21T16:28:35.785+0330] {dag.py:4180} INFO - Setting next_dagrun for example_dynamic_task_mapping_with_no_taskflow_operators to None, run_after=None
[2025-09-21T16:28:35.824+0330] {processor.py:208} INFO - Processing /home/ak/projects/nyc-taxi-etl/venv/lib/python3.11/site-packages/airflow/example_dags/example_dynamic_task_mapping_with_no_taskflow_operators.py took 0.100 seconds
