[2025-09-21T16:26:38.876+0330] {processor.py:186} INFO - Started process (PID=29952) to work on /home/ak/projects/nyc-taxi-etl/venv/lib/python3.11/site-packages/airflow/example_dags/example_task_group_decorator.py
[2025-09-21T16:26:38.878+0330] {processor.py:914} INFO - Processing file /home/ak/projects/nyc-taxi-etl/venv/lib/python3.11/site-packages/airflow/example_dags/example_task_group_decorator.py for tasks to queue
[2025-09-21T16:26:38.883+0330] {logging_mixin.py:190} INFO - [2025-09-21T16:26:38.882+0330] {dagbag.py:588} INFO - Filling up the DagBag from /home/ak/projects/nyc-taxi-etl/venv/lib/python3.11/site-packages/airflow/example_dags/example_task_group_decorator.py
[2025-09-21T16:26:38.924+0330] {processor.py:925} INFO - DAG(s) 'example_task_group_decorator' retrieved from /home/ak/projects/nyc-taxi-etl/venv/lib/python3.11/site-packages/airflow/example_dags/example_task_group_decorator.py
[2025-09-21T16:26:39.156+0330] {logging_mixin.py:190} INFO - [2025-09-21T16:26:39.155+0330] {override.py:1930} INFO - Created Permission View: can edit on DAG:example_task_group_decorator
[2025-09-21T16:26:39.254+0330] {logging_mixin.py:190} INFO - [2025-09-21T16:26:39.254+0330] {override.py:1930} INFO - Created Permission View: can read on DAG:example_task_group_decorator
[2025-09-21T16:26:40.455+0330] {logging_mixin.py:190} INFO - [2025-09-21T16:26:40.454+0330] {override.py:1930} INFO - Created Permission View: can delete on DAG:example_task_group_decorator
[2025-09-21T16:26:40.504+0330] {logging_mixin.py:190} INFO - [2025-09-21T16:26:40.503+0330] {override.py:1930} INFO - Created Permission View: menu access on DAG Run:example_task_group_decorator
[2025-09-21T16:26:40.532+0330] {logging_mixin.py:190} INFO - [2025-09-21T16:26:40.531+0330] {override.py:1930} INFO - Created Permission View: can create on DAG Run:example_task_group_decorator
[2025-09-21T16:26:40.550+0330] {logging_mixin.py:190} INFO - [2025-09-21T16:26:40.549+0330] {override.py:1930} INFO - Created Permission View: can read on DAG Run:example_task_group_decorator
[2025-09-21T16:26:40.570+0330] {logging_mixin.py:190} INFO - [2025-09-21T16:26:40.569+0330] {override.py:1930} INFO - Created Permission View: can delete on DAG Run:example_task_group_decorator
[2025-09-21T16:26:40.571+0330] {logging_mixin.py:190} INFO - [2025-09-21T16:26:40.570+0330] {dag.py:3239} INFO - Sync 1 DAGs
[2025-09-21T16:26:40.638+0330] {logging_mixin.py:190} INFO - [2025-09-21T16:26:40.638+0330] {dag.py:3262} INFO - Creating ORM DAG for example_task_group_decorator
[2025-09-21T16:26:40.639+0330] {logging_mixin.py:190} INFO - [2025-09-21T16:26:40.639+0330] {dag.py:4180} INFO - Setting next_dagrun for example_task_group_decorator to None, run_after=None
[2025-09-21T16:26:40.687+0330] {processor.py:208} INFO - Processing /home/ak/projects/nyc-taxi-etl/venv/lib/python3.11/site-packages/airflow/example_dags/example_task_group_decorator.py took 1.822 seconds
[2025-09-21T16:28:06.684+0330] {processor.py:186} INFO - Started process (PID=32739) to work on /home/ak/projects/nyc-taxi-etl/venv/lib/python3.11/site-packages/airflow/example_dags/example_task_group_decorator.py
[2025-09-21T16:28:06.686+0330] {processor.py:914} INFO - Processing file /home/ak/projects/nyc-taxi-etl/venv/lib/python3.11/site-packages/airflow/example_dags/example_task_group_decorator.py for tasks to queue
[2025-09-21T16:28:06.689+0330] {logging_mixin.py:190} INFO - [2025-09-21T16:28:06.688+0330] {dagbag.py:588} INFO - Filling up the DagBag from /home/ak/projects/nyc-taxi-etl/venv/lib/python3.11/site-packages/airflow/example_dags/example_task_group_decorator.py
[2025-09-21T16:28:06.709+0330] {processor.py:925} INFO - DAG(s) 'example_task_group_decorator' retrieved from /home/ak/projects/nyc-taxi-etl/venv/lib/python3.11/site-packages/airflow/example_dags/example_task_group_decorator.py
[2025-09-21T16:28:06.739+0330] {logging_mixin.py:190} INFO - [2025-09-21T16:28:06.739+0330] {dag.py:3239} INFO - Sync 1 DAGs
[2025-09-21T16:28:06.756+0330] {logging_mixin.py:190} INFO - [2025-09-21T16:28:06.755+0330] {dag.py:4180} INFO - Setting next_dagrun for example_task_group_decorator to None, run_after=None
[2025-09-21T16:28:06.789+0330] {processor.py:208} INFO - Processing /home/ak/projects/nyc-taxi-etl/venv/lib/python3.11/site-packages/airflow/example_dags/example_task_group_decorator.py took 0.115 seconds
[2025-09-21T16:28:46.155+0330] {processor.py:186} INFO - Started process (PID=34338) to work on /home/ak/projects/nyc-taxi-etl/venv/lib/python3.11/site-packages/airflow/example_dags/example_task_group_decorator.py
[2025-09-21T16:28:46.157+0330] {processor.py:914} INFO - Processing file /home/ak/projects/nyc-taxi-etl/venv/lib/python3.11/site-packages/airflow/example_dags/example_task_group_decorator.py for tasks to queue
[2025-09-21T16:28:46.159+0330] {logging_mixin.py:190} INFO - [2025-09-21T16:28:46.159+0330] {dagbag.py:588} INFO - Filling up the DagBag from /home/ak/projects/nyc-taxi-etl/venv/lib/python3.11/site-packages/airflow/example_dags/example_task_group_decorator.py
[2025-09-21T16:28:46.188+0330] {processor.py:925} INFO - DAG(s) 'example_task_group_decorator' retrieved from /home/ak/projects/nyc-taxi-etl/venv/lib/python3.11/site-packages/airflow/example_dags/example_task_group_decorator.py
[2025-09-21T16:28:46.222+0330] {logging_mixin.py:190} INFO - [2025-09-21T16:28:46.222+0330] {dag.py:3239} INFO - Sync 1 DAGs
[2025-09-21T16:28:46.239+0330] {logging_mixin.py:190} INFO - [2025-09-21T16:28:46.239+0330] {dag.py:4180} INFO - Setting next_dagrun for example_task_group_decorator to None, run_after=None
[2025-09-21T16:28:46.266+0330] {processor.py:208} INFO - Processing /home/ak/projects/nyc-taxi-etl/venv/lib/python3.11/site-packages/airflow/example_dags/example_task_group_decorator.py took 0.118 seconds
