[2025-09-21T16:27:19.300+0330] {processor.py:186} INFO - Started process (PID=31062) to work on /home/ak/projects/nyc-taxi-etl/venv/lib/python3.11/site-packages/airflow/example_dags/example_nested_branch_dag.py
[2025-09-21T16:27:19.301+0330] {processor.py:914} INFO - Processing file /home/ak/projects/nyc-taxi-etl/venv/lib/python3.11/site-packages/airflow/example_dags/example_nested_branch_dag.py for tasks to queue
[2025-09-21T16:27:19.304+0330] {logging_mixin.py:190} INFO - [2025-09-21T16:27:19.303+0330] {dagbag.py:588} INFO - Filling up the DagBag from /home/ak/projects/nyc-taxi-etl/venv/lib/python3.11/site-packages/airflow/example_dags/example_nested_branch_dag.py
[2025-09-21T16:27:19.324+0330] {processor.py:925} INFO - DAG(s) 'example_nested_branch_dag' retrieved from /home/ak/projects/nyc-taxi-etl/venv/lib/python3.11/site-packages/airflow/example_dags/example_nested_branch_dag.py
[2025-09-21T16:27:19.498+0330] {logging_mixin.py:190} INFO - [2025-09-21T16:27:19.497+0330] {override.py:1930} INFO - Created Permission View: can edit on DAG:example_nested_branch_dag
[2025-09-21T16:27:19.527+0330] {logging_mixin.py:190} INFO - [2025-09-21T16:27:19.526+0330] {override.py:1930} INFO - Created Permission View: can read on DAG:example_nested_branch_dag
[2025-09-21T16:27:19.545+0330] {logging_mixin.py:190} INFO - [2025-09-21T16:27:19.544+0330] {override.py:1930} INFO - Created Permission View: can delete on DAG:example_nested_branch_dag
[2025-09-21T16:27:19.571+0330] {logging_mixin.py:190} INFO - [2025-09-21T16:27:19.570+0330] {override.py:1930} INFO - Created Permission View: menu access on DAG Run:example_nested_branch_dag
[2025-09-21T16:27:19.590+0330] {logging_mixin.py:190} INFO - [2025-09-21T16:27:19.589+0330] {override.py:1930} INFO - Created Permission View: can create on DAG Run:example_nested_branch_dag
[2025-09-21T16:27:19.608+0330] {logging_mixin.py:190} INFO - [2025-09-21T16:27:19.607+0330] {override.py:1930} INFO - Created Permission View: can read on DAG Run:example_nested_branch_dag
[2025-09-21T16:27:19.626+0330] {logging_mixin.py:190} INFO - [2025-09-21T16:27:19.625+0330] {override.py:1930} INFO - Created Permission View: can delete on DAG Run:example_nested_branch_dag
[2025-09-21T16:27:19.626+0330] {logging_mixin.py:190} INFO - [2025-09-21T16:27:19.626+0330] {dag.py:3239} INFO - Sync 1 DAGs
[2025-09-21T16:27:19.645+0330] {logging_mixin.py:190} INFO - [2025-09-21T16:27:19.645+0330] {dag.py:3262} INFO - Creating ORM DAG for example_nested_branch_dag
[2025-09-21T16:27:19.661+0330] {logging_mixin.py:190} INFO - [2025-09-21T16:27:19.660+0330] {dag.py:4180} INFO - Setting next_dagrun for example_nested_branch_dag to 2025-09-20 00:00:00+00:00, run_after=2025-09-21 00:00:00+00:00
[2025-09-21T16:27:19.693+0330] {processor.py:208} INFO - Processing /home/ak/projects/nyc-taxi-etl/venv/lib/python3.11/site-packages/airflow/example_dags/example_nested_branch_dag.py took 0.400 seconds
[2025-09-21T16:28:30.879+0330] {processor.py:186} INFO - Started process (PID=33628) to work on /home/ak/projects/nyc-taxi-etl/venv/lib/python3.11/site-packages/airflow/example_dags/example_nested_branch_dag.py
[2025-09-21T16:28:30.881+0330] {processor.py:914} INFO - Processing file /home/ak/projects/nyc-taxi-etl/venv/lib/python3.11/site-packages/airflow/example_dags/example_nested_branch_dag.py for tasks to queue
[2025-09-21T16:28:30.885+0330] {logging_mixin.py:190} INFO - [2025-09-21T16:28:30.885+0330] {dagbag.py:588} INFO - Filling up the DagBag from /home/ak/projects/nyc-taxi-etl/venv/lib/python3.11/site-packages/airflow/example_dags/example_nested_branch_dag.py
[2025-09-21T16:28:30.902+0330] {processor.py:925} INFO - DAG(s) 'example_nested_branch_dag' retrieved from /home/ak/projects/nyc-taxi-etl/venv/lib/python3.11/site-packages/airflow/example_dags/example_nested_branch_dag.py
[2025-09-21T16:28:30.927+0330] {logging_mixin.py:190} INFO - [2025-09-21T16:28:30.926+0330] {dag.py:3239} INFO - Sync 1 DAGs
[2025-09-21T16:28:30.966+0330] {logging_mixin.py:190} INFO - [2025-09-21T16:28:30.966+0330] {dag.py:4180} INFO - Setting next_dagrun for example_nested_branch_dag to 2025-09-20 00:00:00+00:00, run_after=2025-09-21 00:00:00+00:00
[2025-09-21T16:28:31.009+0330] {processor.py:208} INFO - Processing /home/ak/projects/nyc-taxi-etl/venv/lib/python3.11/site-packages/airflow/example_dags/example_nested_branch_dag.py took 0.138 seconds
