[2025-09-21T16:27:30.347+0330] {processor.py:186} INFO - Started process (PID=31537) to work on /home/ak/projects/nyc-taxi-etl/venv/lib/python3.11/site-packages/airflow/example_dags/example_outlet_event_extra.py
[2025-09-21T16:27:30.348+0330] {processor.py:914} INFO - Processing file /home/ak/projects/nyc-taxi-etl/venv/lib/python3.11/site-packages/airflow/example_dags/example_outlet_event_extra.py for tasks to queue
[2025-09-21T16:27:30.350+0330] {logging_mixin.py:190} INFO - [2025-09-21T16:27:30.350+0330] {dagbag.py:588} INFO - Filling up the DagBag from /home/ak/projects/nyc-taxi-etl/venv/lib/python3.11/site-packages/airflow/example_dags/example_outlet_event_extra.py
[2025-09-21T16:27:30.370+0330] {processor.py:925} INFO - DAG(s) 'dataset_with_extra_from_classic_operator', 'dataset_with_extra_by_yield', 'dataset_with_extra_by_context' retrieved from /home/ak/projects/nyc-taxi-etl/venv/lib/python3.11/site-packages/airflow/example_dags/example_outlet_event_extra.py
[2025-09-21T16:27:30.517+0330] {logging_mixin.py:190} INFO - [2025-09-21T16:27:30.516+0330] {override.py:1930} INFO - Created Permission View: can edit on DAG:dataset_with_extra_from_classic_operator
[2025-09-21T16:27:30.539+0330] {logging_mixin.py:190} INFO - [2025-09-21T16:27:30.539+0330] {override.py:1930} INFO - Created Permission View: can read on DAG:dataset_with_extra_from_classic_operator
[2025-09-21T16:27:30.556+0330] {logging_mixin.py:190} INFO - [2025-09-21T16:27:30.556+0330] {override.py:1930} INFO - Created Permission View: can delete on DAG:dataset_with_extra_from_classic_operator
[2025-09-21T16:27:30.582+0330] {logging_mixin.py:190} INFO - [2025-09-21T16:27:30.581+0330] {override.py:1930} INFO - Created Permission View: menu access on DAG Run:dataset_with_extra_from_classic_operator
[2025-09-21T16:27:30.596+0330] {logging_mixin.py:190} INFO - [2025-09-21T16:27:30.595+0330] {override.py:1930} INFO - Created Permission View: can create on DAG Run:dataset_with_extra_from_classic_operator
[2025-09-21T16:27:30.610+0330] {logging_mixin.py:190} INFO - [2025-09-21T16:27:30.609+0330] {override.py:1930} INFO - Created Permission View: can read on DAG Run:dataset_with_extra_from_classic_operator
[2025-09-21T16:27:30.625+0330] {logging_mixin.py:190} INFO - [2025-09-21T16:27:30.625+0330] {override.py:1930} INFO - Created Permission View: can delete on DAG Run:dataset_with_extra_from_classic_operator
[2025-09-21T16:27:30.687+0330] {logging_mixin.py:190} INFO - [2025-09-21T16:27:30.686+0330] {override.py:1930} INFO - Created Permission View: can edit on DAG:dataset_with_extra_by_yield
[2025-09-21T16:27:30.704+0330] {logging_mixin.py:190} INFO - [2025-09-21T16:27:30.703+0330] {override.py:1930} INFO - Created Permission View: can read on DAG:dataset_with_extra_by_yield
[2025-09-21T16:27:30.732+0330] {logging_mixin.py:190} INFO - [2025-09-21T16:27:30.731+0330] {override.py:1930} INFO - Created Permission View: can delete on DAG:dataset_with_extra_by_yield
[2025-09-21T16:27:30.778+0330] {logging_mixin.py:190} INFO - [2025-09-21T16:27:30.777+0330] {override.py:1930} INFO - Created Permission View: menu access on DAG Run:dataset_with_extra_by_yield
[2025-09-21T16:27:30.800+0330] {logging_mixin.py:190} INFO - [2025-09-21T16:27:30.799+0330] {override.py:1930} INFO - Created Permission View: can create on DAG Run:dataset_with_extra_by_yield
[2025-09-21T16:27:30.814+0330] {logging_mixin.py:190} INFO - [2025-09-21T16:27:30.813+0330] {override.py:1930} INFO - Created Permission View: can read on DAG Run:dataset_with_extra_by_yield
[2025-09-21T16:27:30.829+0330] {logging_mixin.py:190} INFO - [2025-09-21T16:27:30.828+0330] {override.py:1930} INFO - Created Permission View: can delete on DAG Run:dataset_with_extra_by_yield
[2025-09-21T16:27:30.873+0330] {logging_mixin.py:190} INFO - [2025-09-21T16:27:30.872+0330] {override.py:1930} INFO - Created Permission View: can edit on DAG:dataset_with_extra_by_context
[2025-09-21T16:27:30.887+0330] {logging_mixin.py:190} INFO - [2025-09-21T16:27:30.886+0330] {override.py:1930} INFO - Created Permission View: can read on DAG:dataset_with_extra_by_context
[2025-09-21T16:27:30.899+0330] {logging_mixin.py:190} INFO - [2025-09-21T16:27:30.899+0330] {override.py:1930} INFO - Created Permission View: can delete on DAG:dataset_with_extra_by_context
[2025-09-21T16:27:30.926+0330] {logging_mixin.py:190} INFO - [2025-09-21T16:27:30.926+0330] {override.py:1930} INFO - Created Permission View: menu access on DAG Run:dataset_with_extra_by_context
[2025-09-21T16:27:30.945+0330] {logging_mixin.py:190} INFO - [2025-09-21T16:27:30.944+0330] {override.py:1930} INFO - Created Permission View: can create on DAG Run:dataset_with_extra_by_context
[2025-09-21T16:27:30.973+0330] {logging_mixin.py:190} INFO - [2025-09-21T16:27:30.972+0330] {override.py:1930} INFO - Created Permission View: can read on DAG Run:dataset_with_extra_by_context
[2025-09-21T16:27:30.997+0330] {logging_mixin.py:190} INFO - [2025-09-21T16:27:30.997+0330] {override.py:1930} INFO - Created Permission View: can delete on DAG Run:dataset_with_extra_by_context
[2025-09-21T16:27:30.998+0330] {logging_mixin.py:190} INFO - [2025-09-21T16:27:30.997+0330] {dag.py:3239} INFO - Sync 3 DAGs
[2025-09-21T16:27:31.015+0330] {logging_mixin.py:190} INFO - [2025-09-21T16:27:31.014+0330] {dag.py:3262} INFO - Creating ORM DAG for dataset_with_extra_from_classic_operator
[2025-09-21T16:27:31.016+0330] {logging_mixin.py:190} INFO - [2025-09-21T16:27:31.016+0330] {dag.py:3262} INFO - Creating ORM DAG for dataset_with_extra_by_context
[2025-09-21T16:27:31.017+0330] {logging_mixin.py:190} INFO - [2025-09-21T16:27:31.017+0330] {dag.py:3262} INFO - Creating ORM DAG for dataset_with_extra_by_yield
[2025-09-21T16:27:31.029+0330] {logging_mixin.py:190} INFO - [2025-09-21T16:27:31.029+0330] {dag.py:4180} INFO - Setting next_dagrun for dataset_with_extra_by_context to 2025-09-20 00:00:00+00:00, run_after=2025-09-21 00:00:00+00:00
[2025-09-21T16:27:31.031+0330] {logging_mixin.py:190} INFO - [2025-09-21T16:27:31.031+0330] {dag.py:4180} INFO - Setting next_dagrun for dataset_with_extra_by_yield to 2025-09-20 00:00:00+00:00, run_after=2025-09-21 00:00:00+00:00
[2025-09-21T16:27:31.033+0330] {logging_mixin.py:190} INFO - [2025-09-21T16:27:31.033+0330] {dag.py:4180} INFO - Setting next_dagrun for dataset_with_extra_from_classic_operator to 2025-09-20 00:00:00+00:00, run_after=2025-09-21 00:00:00+00:00
[2025-09-21T16:27:31.102+0330] {processor.py:208} INFO - Processing /home/ak/projects/nyc-taxi-etl/venv/lib/python3.11/site-packages/airflow/example_dags/example_outlet_event_extra.py took 0.762 seconds
[2025-09-21T16:28:49.874+0330] {processor.py:186} INFO - Started process (PID=34439) to work on /home/ak/projects/nyc-taxi-etl/venv/lib/python3.11/site-packages/airflow/example_dags/example_outlet_event_extra.py
[2025-09-21T16:28:49.876+0330] {processor.py:914} INFO - Processing file /home/ak/projects/nyc-taxi-etl/venv/lib/python3.11/site-packages/airflow/example_dags/example_outlet_event_extra.py for tasks to queue
[2025-09-21T16:28:49.879+0330] {logging_mixin.py:190} INFO - [2025-09-21T16:28:49.878+0330] {dagbag.py:588} INFO - Filling up the DagBag from /home/ak/projects/nyc-taxi-etl/venv/lib/python3.11/site-packages/airflow/example_dags/example_outlet_event_extra.py
[2025-09-21T16:28:49.899+0330] {processor.py:925} INFO - DAG(s) 'dataset_with_extra_from_classic_operator', 'dataset_with_extra_by_yield', 'dataset_with_extra_by_context' retrieved from /home/ak/projects/nyc-taxi-etl/venv/lib/python3.11/site-packages/airflow/example_dags/example_outlet_event_extra.py
[2025-09-21T16:28:49.928+0330] {logging_mixin.py:190} INFO - [2025-09-21T16:28:49.928+0330] {dag.py:3239} INFO - Sync 3 DAGs
[2025-09-21T16:28:49.963+0330] {logging_mixin.py:190} INFO - [2025-09-21T16:28:49.962+0330] {dag.py:4180} INFO - Setting next_dagrun for dataset_with_extra_by_context to 2025-09-20 00:00:00+00:00, run_after=2025-09-21 00:00:00+00:00
[2025-09-21T16:28:49.970+0330] {logging_mixin.py:190} INFO - [2025-09-21T16:28:49.970+0330] {dag.py:4180} INFO - Setting next_dagrun for dataset_with_extra_by_yield to 2025-09-20 00:00:00+00:00, run_after=2025-09-21 00:00:00+00:00
[2025-09-21T16:28:49.972+0330] {logging_mixin.py:190} INFO - [2025-09-21T16:28:49.972+0330] {dag.py:4180} INFO - Setting next_dagrun for dataset_with_extra_from_classic_operator to 2025-09-20 00:00:00+00:00, run_after=2025-09-21 00:00:00+00:00
[2025-09-21T16:28:50.022+0330] {processor.py:208} INFO - Processing /home/ak/projects/nyc-taxi-etl/venv/lib/python3.11/site-packages/airflow/example_dags/example_outlet_event_extra.py took 0.157 seconds
