[2025-09-21T16:27:28.000+0330] {processor.py:186} INFO - Started process (PID=31382) to work on /home/ak/projects/nyc-taxi-etl/venv/lib/python3.11/site-packages/airflow/example_dags/example_setup_teardown.py
[2025-09-21T16:27:28.001+0330] {processor.py:914} INFO - Processing file /home/ak/projects/nyc-taxi-etl/venv/lib/python3.11/site-packages/airflow/example_dags/example_setup_teardown.py for tasks to queue
[2025-09-21T16:27:28.004+0330] {logging_mixin.py:190} INFO - [2025-09-21T16:27:28.003+0330] {dagbag.py:588} INFO - Filling up the DagBag from /home/ak/projects/nyc-taxi-etl/venv/lib/python3.11/site-packages/airflow/example_dags/example_setup_teardown.py
[2025-09-21T16:27:28.016+0330] {processor.py:925} INFO - DAG(s) 'example_setup_teardown' retrieved from /home/ak/projects/nyc-taxi-etl/venv/lib/python3.11/site-packages/airflow/example_dags/example_setup_teardown.py
[2025-09-21T16:27:28.193+0330] {logging_mixin.py:190} INFO - [2025-09-21T16:27:28.192+0330] {override.py:1930} INFO - Created Permission View: can edit on DAG:example_setup_teardown
[2025-09-21T16:27:28.209+0330] {logging_mixin.py:190} INFO - [2025-09-21T16:27:28.209+0330] {override.py:1930} INFO - Created Permission View: can read on DAG:example_setup_teardown
[2025-09-21T16:27:28.229+0330] {logging_mixin.py:190} INFO - [2025-09-21T16:27:28.229+0330] {override.py:1930} INFO - Created Permission View: can delete on DAG:example_setup_teardown
[2025-09-21T16:27:28.260+0330] {logging_mixin.py:190} INFO - [2025-09-21T16:27:28.260+0330] {override.py:1930} INFO - Created Permission View: menu access on DAG Run:example_setup_teardown
[2025-09-21T16:27:28.277+0330] {logging_mixin.py:190} INFO - [2025-09-21T16:27:28.276+0330] {override.py:1930} INFO - Created Permission View: can create on DAG Run:example_setup_teardown
[2025-09-21T16:27:28.295+0330] {logging_mixin.py:190} INFO - [2025-09-21T16:27:28.294+0330] {override.py:1930} INFO - Created Permission View: can read on DAG Run:example_setup_teardown
[2025-09-21T16:27:28.312+0330] {logging_mixin.py:190} INFO - [2025-09-21T16:27:28.311+0330] {override.py:1930} INFO - Created Permission View: can delete on DAG Run:example_setup_teardown
[2025-09-21T16:27:28.313+0330] {logging_mixin.py:190} INFO - [2025-09-21T16:27:28.313+0330] {dag.py:3239} INFO - Sync 1 DAGs
[2025-09-21T16:27:28.328+0330] {logging_mixin.py:190} INFO - [2025-09-21T16:27:28.328+0330] {dag.py:3262} INFO - Creating ORM DAG for example_setup_teardown
[2025-09-21T16:27:28.329+0330] {logging_mixin.py:190} INFO - [2025-09-21T16:27:28.329+0330] {dag.py:4180} INFO - Setting next_dagrun for example_setup_teardown to None, run_after=None
[2025-09-21T16:27:28.363+0330] {processor.py:208} INFO - Processing /home/ak/projects/nyc-taxi-etl/venv/lib/python3.11/site-packages/airflow/example_dags/example_setup_teardown.py took 0.371 seconds
[2025-09-21T16:28:37.325+0330] {processor.py:186} INFO - Started process (PID=34089) to work on /home/ak/projects/nyc-taxi-etl/venv/lib/python3.11/site-packages/airflow/example_dags/example_setup_teardown.py
[2025-09-21T16:28:37.326+0330] {processor.py:914} INFO - Processing file /home/ak/projects/nyc-taxi-etl/venv/lib/python3.11/site-packages/airflow/example_dags/example_setup_teardown.py for tasks to queue
[2025-09-21T16:28:37.329+0330] {logging_mixin.py:190} INFO - [2025-09-21T16:28:37.329+0330] {dagbag.py:588} INFO - Filling up the DagBag from /home/ak/projects/nyc-taxi-etl/venv/lib/python3.11/site-packages/airflow/example_dags/example_setup_teardown.py
[2025-09-21T16:28:37.340+0330] {processor.py:925} INFO - DAG(s) 'example_setup_teardown' retrieved from /home/ak/projects/nyc-taxi-etl/venv/lib/python3.11/site-packages/airflow/example_dags/example_setup_teardown.py
[2025-09-21T16:28:37.359+0330] {logging_mixin.py:190} INFO - [2025-09-21T16:28:37.358+0330] {dag.py:3239} INFO - Sync 1 DAGs
[2025-09-21T16:28:37.373+0330] {logging_mixin.py:190} INFO - [2025-09-21T16:28:37.372+0330] {dag.py:4180} INFO - Setting next_dagrun for example_setup_teardown to None, run_after=None
[2025-09-21T16:28:37.406+0330] {processor.py:208} INFO - Processing /home/ak/projects/nyc-taxi-etl/venv/lib/python3.11/site-packages/airflow/example_dags/example_setup_teardown.py took 0.090 seconds
