[2025-09-21T16:27:11.607+0330] {processor.py:186} INFO - Started process (PID=30859) to work on /home/ak/projects/nyc-taxi-etl/venv/lib/python3.11/site-packages/airflow/example_dags/example_params_ui_tutorial.py
[2025-09-21T16:27:11.609+0330] {processor.py:914} INFO - Processing file /home/ak/projects/nyc-taxi-etl/venv/lib/python3.11/site-packages/airflow/example_dags/example_params_ui_tutorial.py for tasks to queue
[2025-09-21T16:27:11.613+0330] {logging_mixin.py:190} INFO - [2025-09-21T16:27:11.612+0330] {dagbag.py:588} INFO - Filling up the DagBag from /home/ak/projects/nyc-taxi-etl/venv/lib/python3.11/site-packages/airflow/example_dags/example_params_ui_tutorial.py
[2025-09-21T16:27:11.626+0330] {processor.py:925} INFO - DAG(s) 'example_params_ui_tutorial' retrieved from /home/ak/projects/nyc-taxi-etl/venv/lib/python3.11/site-packages/airflow/example_dags/example_params_ui_tutorial.py
[2025-09-21T16:27:11.830+0330] {logging_mixin.py:190} INFO - [2025-09-21T16:27:11.829+0330] {override.py:1930} INFO - Created Permission View: can edit on DAG:example_params_ui_tutorial
[2025-09-21T16:27:11.853+0330] {logging_mixin.py:190} INFO - [2025-09-21T16:27:11.853+0330] {override.py:1930} INFO - Created Permission View: can read on DAG:example_params_ui_tutorial
[2025-09-21T16:27:11.871+0330] {logging_mixin.py:190} INFO - [2025-09-21T16:27:11.870+0330] {override.py:1930} INFO - Created Permission View: can delete on DAG:example_params_ui_tutorial
[2025-09-21T16:27:11.908+0330] {logging_mixin.py:190} INFO - [2025-09-21T16:27:11.907+0330] {override.py:1930} INFO - Created Permission View: menu access on DAG Run:example_params_ui_tutorial
[2025-09-21T16:27:11.924+0330] {logging_mixin.py:190} INFO - [2025-09-21T16:27:11.923+0330] {override.py:1930} INFO - Created Permission View: can create on DAG Run:example_params_ui_tutorial
[2025-09-21T16:27:11.938+0330] {logging_mixin.py:190} INFO - [2025-09-21T16:27:11.937+0330] {override.py:1930} INFO - Created Permission View: can read on DAG Run:example_params_ui_tutorial
[2025-09-21T16:27:11.954+0330] {logging_mixin.py:190} INFO - [2025-09-21T16:27:11.954+0330] {override.py:1930} INFO - Created Permission View: can delete on DAG Run:example_params_ui_tutorial
[2025-09-21T16:27:11.955+0330] {logging_mixin.py:190} INFO - [2025-09-21T16:27:11.954+0330] {dag.py:3239} INFO - Sync 1 DAGs
[2025-09-21T16:27:11.972+0330] {logging_mixin.py:190} INFO - [2025-09-21T16:27:11.971+0330] {dag.py:3262} INFO - Creating ORM DAG for example_params_ui_tutorial
[2025-09-21T16:27:11.973+0330] {logging_mixin.py:190} INFO - [2025-09-21T16:27:11.972+0330] {dag.py:4180} INFO - Setting next_dagrun for example_params_ui_tutorial to None, run_after=None
[2025-09-21T16:27:12.006+0330] {processor.py:208} INFO - Processing /home/ak/projects/nyc-taxi-etl/venv/lib/python3.11/site-packages/airflow/example_dags/example_params_ui_tutorial.py took 0.413 seconds
[2025-09-21T16:28:25.180+0330] {processor.py:186} INFO - Started process (PID=33469) to work on /home/ak/projects/nyc-taxi-etl/venv/lib/python3.11/site-packages/airflow/example_dags/example_params_ui_tutorial.py
[2025-09-21T16:28:25.182+0330] {processor.py:914} INFO - Processing file /home/ak/projects/nyc-taxi-etl/venv/lib/python3.11/site-packages/airflow/example_dags/example_params_ui_tutorial.py for tasks to queue
[2025-09-21T16:28:25.185+0330] {logging_mixin.py:190} INFO - [2025-09-21T16:28:25.184+0330] {dagbag.py:588} INFO - Filling up the DagBag from /home/ak/projects/nyc-taxi-etl/venv/lib/python3.11/site-packages/airflow/example_dags/example_params_ui_tutorial.py
[2025-09-21T16:28:25.201+0330] {processor.py:925} INFO - DAG(s) 'example_params_ui_tutorial' retrieved from /home/ak/projects/nyc-taxi-etl/venv/lib/python3.11/site-packages/airflow/example_dags/example_params_ui_tutorial.py
[2025-09-21T16:28:25.250+0330] {logging_mixin.py:190} INFO - [2025-09-21T16:28:25.250+0330] {dag.py:3239} INFO - Sync 1 DAGs
[2025-09-21T16:28:25.265+0330] {logging_mixin.py:190} INFO - [2025-09-21T16:28:25.265+0330] {dag.py:4180} INFO - Setting next_dagrun for example_params_ui_tutorial to None, run_after=None
[2025-09-21T16:28:25.295+0330] {processor.py:208} INFO - Processing /home/ak/projects/nyc-taxi-etl/venv/lib/python3.11/site-packages/airflow/example_dags/example_params_ui_tutorial.py took 0.123 seconds
