[2025-09-21T16:26:53.949+0330] {processor.py:186} INFO - Started process (PID=30397) to work on /home/ak/projects/nyc-taxi-etl/venv/lib/python3.11/site-packages/airflow/example_dags/example_trigger_controller_dag.py
[2025-09-21T16:26:53.952+0330] {processor.py:914} INFO - Processing file /home/ak/projects/nyc-taxi-etl/venv/lib/python3.11/site-packages/airflow/example_dags/example_trigger_controller_dag.py for tasks to queue
[2025-09-21T16:26:53.955+0330] {logging_mixin.py:190} INFO - [2025-09-21T16:26:53.955+0330] {dagbag.py:588} INFO - Filling up the DagBag from /home/ak/projects/nyc-taxi-etl/venv/lib/python3.11/site-packages/airflow/example_dags/example_trigger_controller_dag.py
[2025-09-21T16:26:53.969+0330] {processor.py:925} INFO - DAG(s) 'example_trigger_controller_dag' retrieved from /home/ak/projects/nyc-taxi-etl/venv/lib/python3.11/site-packages/airflow/example_dags/example_trigger_controller_dag.py
[2025-09-21T16:26:54.206+0330] {logging_mixin.py:190} INFO - [2025-09-21T16:26:54.205+0330] {override.py:1930} INFO - Created Permission View: can edit on DAG:example_trigger_controller_dag
[2025-09-21T16:26:54.317+0330] {logging_mixin.py:190} INFO - [2025-09-21T16:26:54.315+0330] {override.py:1930} INFO - Created Permission View: can read on DAG:example_trigger_controller_dag
[2025-09-21T16:26:54.374+0330] {logging_mixin.py:190} INFO - [2025-09-21T16:26:54.374+0330] {override.py:1930} INFO - Created Permission View: can delete on DAG:example_trigger_controller_dag
[2025-09-21T16:26:54.414+0330] {logging_mixin.py:190} INFO - [2025-09-21T16:26:54.413+0330] {override.py:1930} INFO - Created Permission View: menu access on DAG Run:example_trigger_controller_dag
[2025-09-21T16:26:54.438+0330] {logging_mixin.py:190} INFO - [2025-09-21T16:26:54.437+0330] {override.py:1930} INFO - Created Permission View: can create on DAG Run:example_trigger_controller_dag
[2025-09-21T16:26:54.461+0330] {logging_mixin.py:190} INFO - [2025-09-21T16:26:54.460+0330] {override.py:1930} INFO - Created Permission View: can read on DAG Run:example_trigger_controller_dag
[2025-09-21T16:26:54.481+0330] {logging_mixin.py:190} INFO - [2025-09-21T16:26:54.480+0330] {override.py:1930} INFO - Created Permission View: can delete on DAG Run:example_trigger_controller_dag
[2025-09-21T16:26:54.482+0330] {logging_mixin.py:190} INFO - [2025-09-21T16:26:54.481+0330] {dag.py:3239} INFO - Sync 1 DAGs
[2025-09-21T16:26:54.502+0330] {logging_mixin.py:190} INFO - [2025-09-21T16:26:54.502+0330] {dag.py:3262} INFO - Creating ORM DAG for example_trigger_controller_dag
[2025-09-21T16:26:54.518+0330] {logging_mixin.py:190} INFO - [2025-09-21T16:26:54.518+0330] {dag.py:4180} INFO - Setting next_dagrun for example_trigger_controller_dag to 2021-01-01 00:00:00+00:00, run_after=2021-01-01 00:00:00+00:00
[2025-09-21T16:26:54.595+0330] {processor.py:208} INFO - Processing /home/ak/projects/nyc-taxi-etl/venv/lib/python3.11/site-packages/airflow/example_dags/example_trigger_controller_dag.py took 0.658 seconds
[2025-09-21T16:28:14.761+0330] {processor.py:186} INFO - Started process (PID=32964) to work on /home/ak/projects/nyc-taxi-etl/venv/lib/python3.11/site-packages/airflow/example_dags/example_trigger_controller_dag.py
[2025-09-21T16:28:14.763+0330] {processor.py:914} INFO - Processing file /home/ak/projects/nyc-taxi-etl/venv/lib/python3.11/site-packages/airflow/example_dags/example_trigger_controller_dag.py for tasks to queue
[2025-09-21T16:28:14.766+0330] {logging_mixin.py:190} INFO - [2025-09-21T16:28:14.765+0330] {dagbag.py:588} INFO - Filling up the DagBag from /home/ak/projects/nyc-taxi-etl/venv/lib/python3.11/site-packages/airflow/example_dags/example_trigger_controller_dag.py
[2025-09-21T16:28:14.776+0330] {processor.py:925} INFO - DAG(s) 'example_trigger_controller_dag' retrieved from /home/ak/projects/nyc-taxi-etl/venv/lib/python3.11/site-packages/airflow/example_dags/example_trigger_controller_dag.py
[2025-09-21T16:28:14.796+0330] {logging_mixin.py:190} INFO - [2025-09-21T16:28:14.796+0330] {dag.py:3239} INFO - Sync 1 DAGs
[2025-09-21T16:28:14.825+0330] {logging_mixin.py:190} INFO - [2025-09-21T16:28:14.825+0330] {dag.py:4180} INFO - Setting next_dagrun for example_trigger_controller_dag to 2021-01-01 00:00:00+00:00, run_after=2021-01-01 00:00:00+00:00
[2025-09-21T16:28:14.859+0330] {processor.py:208} INFO - Processing /home/ak/projects/nyc-taxi-etl/venv/lib/python3.11/site-packages/airflow/example_dags/example_trigger_controller_dag.py took 0.105 seconds
