[2025-09-21T16:27:00.878+0330] {processor.py:186} INFO - Started process (PID=30579) to work on /home/ak/projects/nyc-taxi-etl/venv/lib/python3.11/site-packages/airflow/example_dags/example_trigger_target_dag.py
[2025-09-21T16:27:00.879+0330] {processor.py:914} INFO - Processing file /home/ak/projects/nyc-taxi-etl/venv/lib/python3.11/site-packages/airflow/example_dags/example_trigger_target_dag.py for tasks to queue
[2025-09-21T16:27:00.885+0330] {logging_mixin.py:190} INFO - [2025-09-21T16:27:00.884+0330] {dagbag.py:588} INFO - Filling up the DagBag from /home/ak/projects/nyc-taxi-etl/venv/lib/python3.11/site-packages/airflow/example_dags/example_trigger_target_dag.py
[2025-09-21T16:27:00.898+0330] {processor.py:925} INFO - DAG(s) 'example_trigger_target_dag' retrieved from /home/ak/projects/nyc-taxi-etl/venv/lib/python3.11/site-packages/airflow/example_dags/example_trigger_target_dag.py
[2025-09-21T16:27:01.063+0330] {logging_mixin.py:190} INFO - [2025-09-21T16:27:01.063+0330] {override.py:1930} INFO - Created Permission View: can edit on DAG:example_trigger_target_dag
[2025-09-21T16:27:01.088+0330] {logging_mixin.py:190} INFO - [2025-09-21T16:27:01.088+0330] {override.py:1930} INFO - Created Permission View: can read on DAG:example_trigger_target_dag
[2025-09-21T16:27:01.104+0330] {logging_mixin.py:190} INFO - [2025-09-21T16:27:01.103+0330] {override.py:1930} INFO - Created Permission View: can delete on DAG:example_trigger_target_dag
[2025-09-21T16:27:01.148+0330] {logging_mixin.py:190} INFO - [2025-09-21T16:27:01.147+0330] {override.py:1930} INFO - Created Permission View: menu access on DAG Run:example_trigger_target_dag
[2025-09-21T16:27:01.168+0330] {logging_mixin.py:190} INFO - [2025-09-21T16:27:01.167+0330] {override.py:1930} INFO - Created Permission View: can create on DAG Run:example_trigger_target_dag
[2025-09-21T16:27:01.187+0330] {logging_mixin.py:190} INFO - [2025-09-21T16:27:01.186+0330] {override.py:1930} INFO - Created Permission View: can read on DAG Run:example_trigger_target_dag
[2025-09-21T16:27:01.205+0330] {logging_mixin.py:190} INFO - [2025-09-21T16:27:01.205+0330] {override.py:1930} INFO - Created Permission View: can delete on DAG Run:example_trigger_target_dag
[2025-09-21T16:27:01.206+0330] {logging_mixin.py:190} INFO - [2025-09-21T16:27:01.205+0330] {dag.py:3239} INFO - Sync 1 DAGs
[2025-09-21T16:27:01.221+0330] {logging_mixin.py:190} INFO - [2025-09-21T16:27:01.220+0330] {dag.py:3262} INFO - Creating ORM DAG for example_trigger_target_dag
[2025-09-21T16:27:01.221+0330] {logging_mixin.py:190} INFO - [2025-09-21T16:27:01.221+0330] {dag.py:4180} INFO - Setting next_dagrun for example_trigger_target_dag to None, run_after=None
[2025-09-21T16:27:01.264+0330] {processor.py:208} INFO - Processing /home/ak/projects/nyc-taxi-etl/venv/lib/python3.11/site-packages/airflow/example_dags/example_trigger_target_dag.py took 0.394 seconds
[2025-09-21T16:28:18.104+0330] {processor.py:186} INFO - Started process (PID=33197) to work on /home/ak/projects/nyc-taxi-etl/venv/lib/python3.11/site-packages/airflow/example_dags/example_trigger_target_dag.py
[2025-09-21T16:28:18.105+0330] {processor.py:914} INFO - Processing file /home/ak/projects/nyc-taxi-etl/venv/lib/python3.11/site-packages/airflow/example_dags/example_trigger_target_dag.py for tasks to queue
[2025-09-21T16:28:18.108+0330] {logging_mixin.py:190} INFO - [2025-09-21T16:28:18.107+0330] {dagbag.py:588} INFO - Filling up the DagBag from /home/ak/projects/nyc-taxi-etl/venv/lib/python3.11/site-packages/airflow/example_dags/example_trigger_target_dag.py
[2025-09-21T16:28:18.122+0330] {processor.py:925} INFO - DAG(s) 'example_trigger_target_dag' retrieved from /home/ak/projects/nyc-taxi-etl/venv/lib/python3.11/site-packages/airflow/example_dags/example_trigger_target_dag.py
[2025-09-21T16:28:18.148+0330] {logging_mixin.py:190} INFO - [2025-09-21T16:28:18.148+0330] {dag.py:3239} INFO - Sync 1 DAGs
[2025-09-21T16:28:18.169+0330] {logging_mixin.py:190} INFO - [2025-09-21T16:28:18.169+0330] {dag.py:4180} INFO - Setting next_dagrun for example_trigger_target_dag to None, run_after=None
[2025-09-21T16:28:18.205+0330] {processor.py:208} INFO - Processing /home/ak/projects/nyc-taxi-etl/venv/lib/python3.11/site-packages/airflow/example_dags/example_trigger_target_dag.py took 0.111 seconds
