[2025-09-21T16:26:51.643+0330] {processor.py:186} INFO - Started process (PID=30323) to work on /home/ak/projects/nyc-taxi-etl/venv/lib/python3.11/site-packages/airflow/example_dags/example_xcomargs.py
[2025-09-21T16:26:51.644+0330] {processor.py:914} INFO - Processing file /home/ak/projects/nyc-taxi-etl/venv/lib/python3.11/site-packages/airflow/example_dags/example_xcomargs.py for tasks to queue
[2025-09-21T16:26:51.649+0330] {logging_mixin.py:190} INFO - [2025-09-21T16:26:51.648+0330] {dagbag.py:588} INFO - Filling up the DagBag from /home/ak/projects/nyc-taxi-etl/venv/lib/python3.11/site-packages/airflow/example_dags/example_xcomargs.py
[2025-09-21T16:26:51.669+0330] {processor.py:925} INFO - DAG(s) 'example_xcom_args_with_operators', 'example_xcom_args' retrieved from /home/ak/projects/nyc-taxi-etl/venv/lib/python3.11/site-packages/airflow/example_dags/example_xcomargs.py
[2025-09-21T16:26:52.064+0330] {logging_mixin.py:190} INFO - [2025-09-21T16:26:52.063+0330] {override.py:1930} INFO - Created Permission View: can edit on DAG:example_xcom_args_with_operators
[2025-09-21T16:26:52.336+0330] {logging_mixin.py:190} INFO - [2025-09-21T16:26:52.335+0330] {override.py:1930} INFO - Created Permission View: can read on DAG:example_xcom_args_with_operators
[2025-09-21T16:26:52.363+0330] {logging_mixin.py:190} INFO - [2025-09-21T16:26:52.362+0330] {override.py:1930} INFO - Created Permission View: can delete on DAG:example_xcom_args_with_operators
[2025-09-21T16:26:52.421+0330] {logging_mixin.py:190} INFO - [2025-09-21T16:26:52.420+0330] {override.py:1930} INFO - Created Permission View: menu access on DAG Run:example_xcom_args_with_operators
[2025-09-21T16:26:52.452+0330] {logging_mixin.py:190} INFO - [2025-09-21T16:26:52.451+0330] {override.py:1930} INFO - Created Permission View: can create on DAG Run:example_xcom_args_with_operators
[2025-09-21T16:26:52.485+0330] {logging_mixin.py:190} INFO - [2025-09-21T16:26:52.485+0330] {override.py:1930} INFO - Created Permission View: can read on DAG Run:example_xcom_args_with_operators
[2025-09-21T16:26:52.512+0330] {logging_mixin.py:190} INFO - [2025-09-21T16:26:52.511+0330] {override.py:1930} INFO - Created Permission View: can delete on DAG Run:example_xcom_args_with_operators
[2025-09-21T16:26:52.575+0330] {logging_mixin.py:190} INFO - [2025-09-21T16:26:52.574+0330] {override.py:1930} INFO - Created Permission View: can edit on DAG:example_xcom_args
[2025-09-21T16:26:52.593+0330] {logging_mixin.py:190} INFO - [2025-09-21T16:26:52.592+0330] {override.py:1930} INFO - Created Permission View: can read on DAG:example_xcom_args
[2025-09-21T16:26:52.613+0330] {logging_mixin.py:190} INFO - [2025-09-21T16:26:52.612+0330] {override.py:1930} INFO - Created Permission View: can delete on DAG:example_xcom_args
[2025-09-21T16:26:52.640+0330] {logging_mixin.py:190} INFO - [2025-09-21T16:26:52.639+0330] {override.py:1930} INFO - Created Permission View: menu access on DAG Run:example_xcom_args
[2025-09-21T16:26:52.667+0330] {logging_mixin.py:190} INFO - [2025-09-21T16:26:52.667+0330] {override.py:1930} INFO - Created Permission View: can create on DAG Run:example_xcom_args
[2025-09-21T16:26:52.683+0330] {logging_mixin.py:190} INFO - [2025-09-21T16:26:52.682+0330] {override.py:1930} INFO - Created Permission View: can read on DAG Run:example_xcom_args
[2025-09-21T16:26:52.708+0330] {logging_mixin.py:190} INFO - [2025-09-21T16:26:52.707+0330] {override.py:1930} INFO - Created Permission View: can delete on DAG Run:example_xcom_args
[2025-09-21T16:26:52.708+0330] {logging_mixin.py:190} INFO - [2025-09-21T16:26:52.708+0330] {dag.py:3239} INFO - Sync 2 DAGs
[2025-09-21T16:26:52.728+0330] {logging_mixin.py:190} INFO - [2025-09-21T16:26:52.728+0330] {dag.py:3262} INFO - Creating ORM DAG for example_xcom_args
[2025-09-21T16:26:52.729+0330] {logging_mixin.py:190} INFO - [2025-09-21T16:26:52.729+0330] {dag.py:3262} INFO - Creating ORM DAG for example_xcom_args_with_operators
[2025-09-21T16:26:52.731+0330] {logging_mixin.py:190} INFO - [2025-09-21T16:26:52.731+0330] {dag.py:4180} INFO - Setting next_dagrun for example_xcom_args to None, run_after=None
[2025-09-21T16:26:52.733+0330] {logging_mixin.py:190} INFO - [2025-09-21T16:26:52.733+0330] {dag.py:4180} INFO - Setting next_dagrun for example_xcom_args_with_operators to None, run_after=None
[2025-09-21T16:26:52.782+0330] {processor.py:208} INFO - Processing /home/ak/projects/nyc-taxi-etl/venv/lib/python3.11/site-packages/airflow/example_dags/example_xcomargs.py took 1.149 seconds
[2025-09-21T16:28:13.494+0330] {processor.py:186} INFO - Started process (PID=32931) to work on /home/ak/projects/nyc-taxi-etl/venv/lib/python3.11/site-packages/airflow/example_dags/example_xcomargs.py
[2025-09-21T16:28:13.496+0330] {processor.py:914} INFO - Processing file /home/ak/projects/nyc-taxi-etl/venv/lib/python3.11/site-packages/airflow/example_dags/example_xcomargs.py for tasks to queue
[2025-09-21T16:28:13.500+0330] {logging_mixin.py:190} INFO - [2025-09-21T16:28:13.499+0330] {dagbag.py:588} INFO - Filling up the DagBag from /home/ak/projects/nyc-taxi-etl/venv/lib/python3.11/site-packages/airflow/example_dags/example_xcomargs.py
[2025-09-21T16:28:13.516+0330] {processor.py:925} INFO - DAG(s) 'example_xcom_args', 'example_xcom_args_with_operators' retrieved from /home/ak/projects/nyc-taxi-etl/venv/lib/python3.11/site-packages/airflow/example_dags/example_xcomargs.py
[2025-09-21T16:28:13.544+0330] {logging_mixin.py:190} INFO - [2025-09-21T16:28:13.543+0330] {dag.py:3239} INFO - Sync 2 DAGs
[2025-09-21T16:28:13.563+0330] {logging_mixin.py:190} INFO - [2025-09-21T16:28:13.563+0330] {dag.py:4180} INFO - Setting next_dagrun for example_xcom_args to None, run_after=None
[2025-09-21T16:28:13.567+0330] {logging_mixin.py:190} INFO - [2025-09-21T16:28:13.567+0330] {dag.py:4180} INFO - Setting next_dagrun for example_xcom_args_with_operators to None, run_after=None
[2025-09-21T16:28:13.600+0330] {processor.py:208} INFO - Processing /home/ak/projects/nyc-taxi-etl/venv/lib/python3.11/site-packages/airflow/example_dags/example_xcomargs.py took 0.113 seconds
