[2025-09-21T16:26:33.966+0330] {processor.py:186} INFO - Started process (PID=29776) to work on /home/ak/projects/nyc-taxi-etl/venv/lib/python3.11/site-packages/airflow/example_dags/tutorial_taskflow_templates.py
[2025-09-21T16:26:33.968+0330] {processor.py:914} INFO - Processing file /home/ak/projects/nyc-taxi-etl/venv/lib/python3.11/site-packages/airflow/example_dags/tutorial_taskflow_templates.py for tasks to queue
[2025-09-21T16:26:33.972+0330] {logging_mixin.py:190} INFO - [2025-09-21T16:26:33.972+0330] {dagbag.py:588} INFO - Filling up the DagBag from /home/ak/projects/nyc-taxi-etl/venv/lib/python3.11/site-packages/airflow/example_dags/tutorial_taskflow_templates.py
[2025-09-21T16:26:34.006+0330] {processor.py:925} INFO - DAG(s) 'tutorial_taskflow_templates' retrieved from /home/ak/projects/nyc-taxi-etl/venv/lib/python3.11/site-packages/airflow/example_dags/tutorial_taskflow_templates.py
[2025-09-21T16:26:34.367+0330] {logging_mixin.py:190} INFO - [2025-09-21T16:26:34.366+0330] {override.py:1930} INFO - Created Permission View: can edit on DAG:tutorial_taskflow_templates
[2025-09-21T16:26:34.389+0330] {logging_mixin.py:190} INFO - [2025-09-21T16:26:34.388+0330] {override.py:1930} INFO - Created Permission View: can read on DAG:tutorial_taskflow_templates
[2025-09-21T16:26:34.413+0330] {logging_mixin.py:190} INFO - [2025-09-21T16:26:34.413+0330] {override.py:1930} INFO - Created Permission View: can delete on DAG:tutorial_taskflow_templates
[2025-09-21T16:26:34.471+0330] {logging_mixin.py:190} INFO - [2025-09-21T16:26:34.470+0330] {override.py:1930} INFO - Created Permission View: menu access on DAG Run:tutorial_taskflow_templates
[2025-09-21T16:26:34.527+0330] {logging_mixin.py:190} INFO - [2025-09-21T16:26:34.526+0330] {override.py:1930} INFO - Created Permission View: can create on DAG Run:tutorial_taskflow_templates
[2025-09-21T16:26:34.578+0330] {logging_mixin.py:190} INFO - [2025-09-21T16:26:34.578+0330] {override.py:1930} INFO - Created Permission View: can read on DAG Run:tutorial_taskflow_templates
[2025-09-21T16:26:34.595+0330] {logging_mixin.py:190} INFO - [2025-09-21T16:26:34.595+0330] {override.py:1930} INFO - Created Permission View: can delete on DAG Run:tutorial_taskflow_templates
[2025-09-21T16:26:34.596+0330] {logging_mixin.py:190} INFO - [2025-09-21T16:26:34.596+0330] {dag.py:3239} INFO - Sync 1 DAGs
[2025-09-21T16:26:34.661+0330] {logging_mixin.py:190} INFO - [2025-09-21T16:26:34.660+0330] {dag.py:3262} INFO - Creating ORM DAG for tutorial_taskflow_templates
[2025-09-21T16:26:34.685+0330] {logging_mixin.py:190} INFO - [2025-09-21T16:26:34.685+0330] {dag.py:4180} INFO - Setting next_dagrun for tutorial_taskflow_templates to 2025-09-20 00:00:00+00:00, run_after=2025-09-21 00:00:00+00:00
[2025-09-21T16:26:34.734+0330] {processor.py:208} INFO - Processing /home/ak/projects/nyc-taxi-etl/venv/lib/python3.11/site-packages/airflow/example_dags/tutorial_taskflow_templates.py took 0.790 seconds
[2025-09-21T16:28:04.589+0330] {processor.py:186} INFO - Started process (PID=32690) to work on /home/ak/projects/nyc-taxi-etl/venv/lib/python3.11/site-packages/airflow/example_dags/tutorial_taskflow_templates.py
[2025-09-21T16:28:04.591+0330] {processor.py:914} INFO - Processing file /home/ak/projects/nyc-taxi-etl/venv/lib/python3.11/site-packages/airflow/example_dags/tutorial_taskflow_templates.py for tasks to queue
[2025-09-21T16:28:04.594+0330] {logging_mixin.py:190} INFO - [2025-09-21T16:28:04.594+0330] {dagbag.py:588} INFO - Filling up the DagBag from /home/ak/projects/nyc-taxi-etl/venv/lib/python3.11/site-packages/airflow/example_dags/tutorial_taskflow_templates.py
[2025-09-21T16:28:04.618+0330] {processor.py:925} INFO - DAG(s) 'tutorial_taskflow_templates' retrieved from /home/ak/projects/nyc-taxi-etl/venv/lib/python3.11/site-packages/airflow/example_dags/tutorial_taskflow_templates.py
[2025-09-21T16:28:04.638+0330] {logging_mixin.py:190} INFO - [2025-09-21T16:28:04.638+0330] {dag.py:3239} INFO - Sync 1 DAGs
[2025-09-21T16:28:04.685+0330] {logging_mixin.py:190} INFO - [2025-09-21T16:28:04.685+0330] {dag.py:4180} INFO - Setting next_dagrun for tutorial_taskflow_templates to 2025-09-20 00:00:00+00:00, run_after=2025-09-21 00:00:00+00:00
[2025-09-21T16:28:04.847+0330] {processor.py:208} INFO - Processing /home/ak/projects/nyc-taxi-etl/venv/lib/python3.11/site-packages/airflow/example_dags/tutorial_taskflow_templates.py took 0.266 seconds
[2025-09-21T16:28:44.364+0330] {processor.py:186} INFO - Started process (PID=34276) to work on /home/ak/projects/nyc-taxi-etl/venv/lib/python3.11/site-packages/airflow/example_dags/tutorial_taskflow_templates.py
[2025-09-21T16:28:44.366+0330] {processor.py:914} INFO - Processing file /home/ak/projects/nyc-taxi-etl/venv/lib/python3.11/site-packages/airflow/example_dags/tutorial_taskflow_templates.py for tasks to queue
[2025-09-21T16:28:44.368+0330] {logging_mixin.py:190} INFO - [2025-09-21T16:28:44.368+0330] {dagbag.py:588} INFO - Filling up the DagBag from /home/ak/projects/nyc-taxi-etl/venv/lib/python3.11/site-packages/airflow/example_dags/tutorial_taskflow_templates.py
[2025-09-21T16:28:44.386+0330] {processor.py:925} INFO - DAG(s) 'tutorial_taskflow_templates' retrieved from /home/ak/projects/nyc-taxi-etl/venv/lib/python3.11/site-packages/airflow/example_dags/tutorial_taskflow_templates.py
[2025-09-21T16:28:44.412+0330] {logging_mixin.py:190} INFO - [2025-09-21T16:28:44.412+0330] {dag.py:3239} INFO - Sync 1 DAGs
[2025-09-21T16:28:44.442+0330] {logging_mixin.py:190} INFO - [2025-09-21T16:28:44.442+0330] {dag.py:4180} INFO - Setting next_dagrun for tutorial_taskflow_templates to 2025-09-20 00:00:00+00:00, run_after=2025-09-21 00:00:00+00:00
[2025-09-21T16:28:44.470+0330] {processor.py:208} INFO - Processing /home/ak/projects/nyc-taxi-etl/venv/lib/python3.11/site-packages/airflow/example_dags/tutorial_taskflow_templates.py took 0.115 seconds
