[2025-09-21T16:26:43.862+0330] {processor.py:186} INFO - Started process (PID=30118) to work on /home/ak/projects/nyc-taxi-etl/venv/lib/python3.11/site-packages/airflow/example_dags/tutorial_objectstorage.py
[2025-09-21T16:26:43.864+0330] {processor.py:914} INFO - Processing file /home/ak/projects/nyc-taxi-etl/venv/lib/python3.11/site-packages/airflow/example_dags/tutorial_objectstorage.py for tasks to queue
[2025-09-21T16:26:43.868+0330] {logging_mixin.py:190} INFO - [2025-09-21T16:26:43.867+0330] {dagbag.py:588} INFO - Filling up the DagBag from /home/ak/projects/nyc-taxi-etl/venv/lib/python3.11/site-packages/airflow/example_dags/tutorial_objectstorage.py
[2025-09-21T16:26:43.884+0330] {processor.py:925} INFO - DAG(s) 'tutorial_objectstorage' retrieved from /home/ak/projects/nyc-taxi-etl/venv/lib/python3.11/site-packages/airflow/example_dags/tutorial_objectstorage.py
[2025-09-21T16:26:44.037+0330] {logging_mixin.py:190} INFO - [2025-09-21T16:26:44.036+0330] {override.py:1930} INFO - Created Permission View: can edit on DAG:tutorial_objectstorage
[2025-09-21T16:26:44.059+0330] {logging_mixin.py:190} INFO - [2025-09-21T16:26:44.058+0330] {override.py:1930} INFO - Created Permission View: can read on DAG:tutorial_objectstorage
[2025-09-21T16:26:44.079+0330] {logging_mixin.py:190} INFO - [2025-09-21T16:26:44.078+0330] {override.py:1930} INFO - Created Permission View: can delete on DAG:tutorial_objectstorage
[2025-09-21T16:26:44.108+0330] {logging_mixin.py:190} INFO - [2025-09-21T16:26:44.108+0330] {override.py:1930} INFO - Created Permission View: menu access on DAG Run:tutorial_objectstorage
[2025-09-21T16:26:44.126+0330] {logging_mixin.py:190} INFO - [2025-09-21T16:26:44.125+0330] {override.py:1930} INFO - Created Permission View: can create on DAG Run:tutorial_objectstorage
[2025-09-21T16:26:44.148+0330] {logging_mixin.py:190} INFO - [2025-09-21T16:26:44.147+0330] {override.py:1930} INFO - Created Permission View: can read on DAG Run:tutorial_objectstorage
[2025-09-21T16:26:44.162+0330] {logging_mixin.py:190} INFO - [2025-09-21T16:26:44.161+0330] {override.py:1930} INFO - Created Permission View: can delete on DAG Run:tutorial_objectstorage
[2025-09-21T16:26:44.162+0330] {logging_mixin.py:190} INFO - [2025-09-21T16:26:44.162+0330] {dag.py:3239} INFO - Sync 1 DAGs
[2025-09-21T16:26:44.177+0330] {logging_mixin.py:190} INFO - [2025-09-21T16:26:44.177+0330] {dag.py:3262} INFO - Creating ORM DAG for tutorial_objectstorage
[2025-09-21T16:26:44.179+0330] {logging_mixin.py:190} INFO - [2025-09-21T16:26:44.178+0330] {dag.py:4180} INFO - Setting next_dagrun for tutorial_objectstorage to None, run_after=None
[2025-09-21T16:26:44.220+0330] {processor.py:208} INFO - Processing /home/ak/projects/nyc-taxi-etl/venv/lib/python3.11/site-packages/airflow/example_dags/tutorial_objectstorage.py took 0.365 seconds
[2025-09-21T16:28:09.747+0330] {processor.py:186} INFO - Started process (PID=32827) to work on /home/ak/projects/nyc-taxi-etl/venv/lib/python3.11/site-packages/airflow/example_dags/tutorial_objectstorage.py
[2025-09-21T16:28:09.757+0330] {processor.py:914} INFO - Processing file /home/ak/projects/nyc-taxi-etl/venv/lib/python3.11/site-packages/airflow/example_dags/tutorial_objectstorage.py for tasks to queue
[2025-09-21T16:28:09.760+0330] {logging_mixin.py:190} INFO - [2025-09-21T16:28:09.760+0330] {dagbag.py:588} INFO - Filling up the DagBag from /home/ak/projects/nyc-taxi-etl/venv/lib/python3.11/site-packages/airflow/example_dags/tutorial_objectstorage.py
[2025-09-21T16:28:09.773+0330] {processor.py:925} INFO - DAG(s) 'tutorial_objectstorage' retrieved from /home/ak/projects/nyc-taxi-etl/venv/lib/python3.11/site-packages/airflow/example_dags/tutorial_objectstorage.py
[2025-09-21T16:28:09.798+0330] {logging_mixin.py:190} INFO - [2025-09-21T16:28:09.798+0330] {dag.py:3239} INFO - Sync 1 DAGs
[2025-09-21T16:28:09.823+0330] {logging_mixin.py:190} INFO - [2025-09-21T16:28:09.823+0330] {dag.py:4180} INFO - Setting next_dagrun for tutorial_objectstorage to None, run_after=None
[2025-09-21T16:28:09.903+0330] {processor.py:208} INFO - Processing /home/ak/projects/nyc-taxi-etl/venv/lib/python3.11/site-packages/airflow/example_dags/tutorial_objectstorage.py took 0.165 seconds
